<?xml version="1.0" encoding="UTF-8"?>
<!-- Generated by org.testng.reporters.JUnitXMLReporter -->
<testsuite hostname="sandeep406701" ignored="0" name="Regression Suite" tests="87" failures="68" timestamp="09 Jan 2019 06:40:17 GMT" time="23.629" errors="0">
  <testcase name="test_01_verify_placing_an_order" time="2.181" classname="com.rest.api.PostApi"/>
  <testcase name="test_02_verify_placing_an_order_at_specific_time" time="0.487" classname="com.rest.api.PostApi"/>
  <testcase name="test_03_verify_order_not_placed_with_invalid_time_format" time="0.027" classname="com.rest.api.PostApi"/>
  <testcase name="test_03_verify_order_not_placed_with_invalid_time_format" time="0.054" classname="com.rest.api.PostApi"/>
  <testcase name="test_03_verify_order_not_placed_with_invalid_time_format" time="0.027" classname="com.rest.api.PostApi"/>
  <testcase name="test_03_verify_order_not_placed_with_invalid_time_format" time="0.035" classname="com.rest.api.PostApi"/>
  <testcase name="test_03_verify_order_not_placed_with_invalid_time_format" time="0.043" classname="com.rest.api.PostApi"/>
  <testcase name="test_03_verify_order_not_placed_with_invalid_time_format" time="0.025" classname="com.rest.api.PostApi"/>
  <testcase name="test_04_verify_order_not_placed_with_incorrect_location_of_one_stop" time="0.201" classname="com.rest.api.PostApi">
    <failure type="java.lang.AssertionError" message="
Expected: is &amp;lt;400&amp;gt;
     but: was &amp;lt;503&amp;gt;">
      <![CDATA[java.lang.AssertionError: 
Expected: is <400>
     but: was <503>
at org.hamcrest.MatcherAssert.assertThat(MatcherAssert.java:20)
at org.hamcrest.MatcherAssert.assertThat(MatcherAssert.java:8)
at com.rest.api.PostApi.test_04_verify_order_not_placed_with_incorrect_location_of_one_stop(PostApi.java:122)
... Removed 25 stack frames]]>
    </failure>
  </testcase> <!-- test_04_verify_order_not_placed_with_incorrect_location_of_one_stop -->
  <testcase name="test_04_verify_order_not_placed_with_incorrect_location_of_one_stop" time="0.209" classname="com.rest.api.PostApi">
    <failure type="java.lang.AssertionError" message="
Expected: is &amp;lt;400&amp;gt;
     but: was &amp;lt;503&amp;gt;">
      <![CDATA[java.lang.AssertionError: 
Expected: is <400>
     but: was <503>
at org.hamcrest.MatcherAssert.assertThat(MatcherAssert.java:20)
at org.hamcrest.MatcherAssert.assertThat(MatcherAssert.java:8)
at com.rest.api.PostApi.test_04_verify_order_not_placed_with_incorrect_location_of_one_stop(PostApi.java:122)
... Removed 25 stack frames]]>
    </failure>
  </testcase> <!-- test_04_verify_order_not_placed_with_incorrect_location_of_one_stop -->
  <testcase name="test_05_verify_order_not_placed_with_incorrect_locations_of_stops" time="0.215" classname="com.rest.api.PostApi">
    <failure type="java.lang.AssertionError" message="
Expected: is &amp;lt;400&amp;gt;
     but: was &amp;lt;503&amp;gt;">
      <![CDATA[java.lang.AssertionError: 
Expected: is <400>
     but: was <503>
at org.hamcrest.MatcherAssert.assertThat(MatcherAssert.java:20)
at org.hamcrest.MatcherAssert.assertThat(MatcherAssert.java:8)
at com.rest.api.PostApi.test_05_verify_order_not_placed_with_incorrect_locations_of_stops(PostApi.java:144)
... Removed 25 stack frames]]>
    </failure>
  </testcase> <!-- test_05_verify_order_not_placed_with_incorrect_locations_of_stops -->
  <testcase name="test_05_verify_order_not_placed_with_incorrect_locations_of_stops" time="0.202" classname="com.rest.api.PostApi">
    <failure type="java.lang.AssertionError" message="
Expected: is &amp;lt;400&amp;gt;
     but: was &amp;lt;503&amp;gt;">
      <![CDATA[java.lang.AssertionError: 
Expected: is <400>
     but: was <503>
at org.hamcrest.MatcherAssert.assertThat(MatcherAssert.java:20)
at org.hamcrest.MatcherAssert.assertThat(MatcherAssert.java:8)
at com.rest.api.PostApi.test_05_verify_order_not_placed_with_incorrect_locations_of_stops(PostApi.java:144)
... Removed 25 stack frames]]>
    </failure>
  </testcase> <!-- test_05_verify_order_not_placed_with_incorrect_locations_of_stops -->
  <testcase name="test_06_verify_order_not_placed_with_incorrect_end_point" time="0.023" classname="com.rest.api.PostApi"/>
  <testcase name="test_06_verify_order_not_placed_with_incorrect_end_point" time="0.023" classname="com.rest.api.PostApi"/>
  <testcase name="test_06_verify_order_not_placed_with_incorrect_end_point" time="0.029" classname="com.rest.api.PostApi"/>
  <testcase name="test_06_verify_order_not_placed_with_incorrect_end_point" time="0.595" classname="com.rest.api.PostApi"/>
  <testcase name="test_06_verify_order_not_placed_with_incorrect_end_point" time="0.028" classname="com.rest.api.PostApi"/>
  <testcase name="test_06_verify_order_not_placed_with_incorrect_end_point" time="0.022" classname="com.rest.api.PostApi"/>
  <testcase name="test_06_verify_order_not_placed_with_incorrect_end_point" time="0.043" classname="com.rest.api.PostApi"/>
  <testcase name="test_07_verify_order_not_placed_in_past_time" time="0.025" classname="com.rest.api.PostApi"/>
  <testcase name="test_08_verify_order_not_placed_with_identical_two_stops" time="0.209" classname="com.rest.api.PostApi">
    <failure type="java.lang.AssertionError" message="
Expected: is &amp;lt;400&amp;gt;
     but: was &amp;lt;503&amp;gt;">
      <![CDATA[java.lang.AssertionError: 
Expected: is <400>
     but: was <503>
at org.hamcrest.MatcherAssert.assertThat(MatcherAssert.java:20)
at org.hamcrest.MatcherAssert.assertThat(MatcherAssert.java:8)
at com.rest.api.PostApi.test_08_verify_order_not_placed_with_identical_two_stops(PostApi.java:197)
... Removed 25 stack frames]]>
    </failure>
  </testcase> <!-- test_08_verify_order_not_placed_with_identical_two_stops -->
  <testcase name="test_01_verify_retrieve_valid_order_with_id" time="0.211" classname="com.rest.api.GetApi">
    <failure type="java.lang.AssertionError" message="
Expected: is &amp;lt;201&amp;gt;
     but: was &amp;lt;503&amp;gt;">
      <![CDATA[java.lang.AssertionError: 
Expected: is <201>
     but: was <503>
at org.hamcrest.MatcherAssert.assertThat(MatcherAssert.java:20)
at org.hamcrest.MatcherAssert.assertThat(MatcherAssert.java:8)
at com.rest.api.GetApi.test_01_verify_retrieve_valid_order_with_id(GetApi.java:60)
... Removed 25 stack frames]]>
    </failure>
  </testcase> <!-- test_01_verify_retrieve_valid_order_with_id -->
  <testcase name="test_02_verify_order_not_retrieved_with_invalid_order_id" time="0.2" classname="com.rest.api.GetApi">
    <failure type="java.lang.AssertionError" message="
Expected: is &amp;lt;201&amp;gt;
     but: was &amp;lt;503&amp;gt;">
      <![CDATA[java.lang.AssertionError: 
Expected: is <201>
     but: was <503>
at org.hamcrest.MatcherAssert.assertThat(MatcherAssert.java:20)
at org.hamcrest.MatcherAssert.assertThat(MatcherAssert.java:8)
at com.rest.api.GetApi.test_02_verify_order_not_retrieved_with_invalid_order_id(GetApi.java:92)
... Removed 25 stack frames]]>
    </failure>
  </testcase> <!-- test_02_verify_order_not_retrieved_with_invalid_order_id -->
  <testcase name="test_02_verify_order_not_retrieved_with_invalid_order_id" time="0.204" classname="com.rest.api.GetApi">
    <failure type="java.lang.AssertionError" message="
Expected: is &amp;lt;201&amp;gt;
     but: was &amp;lt;503&amp;gt;">
      <![CDATA[java.lang.AssertionError: 
Expected: is <201>
     but: was <503>
at org.hamcrest.MatcherAssert.assertThat(MatcherAssert.java:20)
at org.hamcrest.MatcherAssert.assertThat(MatcherAssert.java:8)
at com.rest.api.GetApi.test_02_verify_order_not_retrieved_with_invalid_order_id(GetApi.java:92)
... Removed 25 stack frames]]>
    </failure>
  </testcase> <!-- test_02_verify_order_not_retrieved_with_invalid_order_id -->
  <testcase name="test_02_verify_order_not_retrieved_with_invalid_order_id" time="0.212" classname="com.rest.api.GetApi">
    <failure type="java.lang.AssertionError" message="
Expected: is &amp;lt;201&amp;gt;
     but: was &amp;lt;503&amp;gt;">
      <![CDATA[java.lang.AssertionError: 
Expected: is <201>
     but: was <503>
at org.hamcrest.MatcherAssert.assertThat(MatcherAssert.java:20)
at org.hamcrest.MatcherAssert.assertThat(MatcherAssert.java:8)
at com.rest.api.GetApi.test_02_verify_order_not_retrieved_with_invalid_order_id(GetApi.java:92)
... Removed 25 stack frames]]>
    </failure>
  </testcase> <!-- test_02_verify_order_not_retrieved_with_invalid_order_id -->
  <testcase name="test_02_verify_order_not_retrieved_with_invalid_order_id" time="0.204" classname="com.rest.api.GetApi">
    <failure type="java.lang.AssertionError" message="
Expected: is &amp;lt;201&amp;gt;
     but: was &amp;lt;503&amp;gt;">
      <![CDATA[java.lang.AssertionError: 
Expected: is <201>
     but: was <503>
at org.hamcrest.MatcherAssert.assertThat(MatcherAssert.java:20)
at org.hamcrest.MatcherAssert.assertThat(MatcherAssert.java:8)
at com.rest.api.GetApi.test_02_verify_order_not_retrieved_with_invalid_order_id(GetApi.java:92)
... Removed 25 stack frames]]>
    </failure>
  </testcase> <!-- test_02_verify_order_not_retrieved_with_invalid_order_id -->
  <testcase name="test_02_verify_order_not_retrieved_with_invalid_order_id" time="0.201" classname="com.rest.api.GetApi">
    <failure type="java.lang.AssertionError" message="
Expected: is &amp;lt;201&amp;gt;
     but: was &amp;lt;503&amp;gt;">
      <![CDATA[java.lang.AssertionError: 
Expected: is <201>
     but: was <503>
at org.hamcrest.MatcherAssert.assertThat(MatcherAssert.java:20)
at org.hamcrest.MatcherAssert.assertThat(MatcherAssert.java:8)
at com.rest.api.GetApi.test_02_verify_order_not_retrieved_with_invalid_order_id(GetApi.java:92)
... Removed 25 stack frames]]>
    </failure>
  </testcase> <!-- test_02_verify_order_not_retrieved_with_invalid_order_id -->
  <testcase name="test_02_verify_order_not_retrieved_with_invalid_order_id" time="0.2" classname="com.rest.api.GetApi">
    <failure type="java.lang.AssertionError" message="
Expected: is &amp;lt;201&amp;gt;
     but: was &amp;lt;503&amp;gt;">
      <![CDATA[java.lang.AssertionError: 
Expected: is <201>
     but: was <503>
at org.hamcrest.MatcherAssert.assertThat(MatcherAssert.java:20)
at org.hamcrest.MatcherAssert.assertThat(MatcherAssert.java:8)
at com.rest.api.GetApi.test_02_verify_order_not_retrieved_with_invalid_order_id(GetApi.java:92)
... Removed 25 stack frames]]>
    </failure>
  </testcase> <!-- test_02_verify_order_not_retrieved_with_invalid_order_id -->
  <testcase name="test_03_verify_order_not_retrieved_with_invalid_end_point" time="0.208" classname="com.rest.api.GetApi">
    <failure type="java.lang.AssertionError" message="
Expected: is &amp;lt;201&amp;gt;
     but: was &amp;lt;503&amp;gt;">
      <![CDATA[java.lang.AssertionError: 
Expected: is <201>
     but: was <503>
at org.hamcrest.MatcherAssert.assertThat(MatcherAssert.java:20)
at org.hamcrest.MatcherAssert.assertThat(MatcherAssert.java:8)
at com.rest.api.GetApi.test_03_verify_order_not_retrieved_with_invalid_end_point(GetApi.java:117)
... Removed 25 stack frames]]>
    </failure>
  </testcase> <!-- test_03_verify_order_not_retrieved_with_invalid_end_point -->
  <testcase name="test_03_verify_order_not_retrieved_with_invalid_end_point" time="0.198" classname="com.rest.api.GetApi">
    <failure type="java.lang.AssertionError" message="
Expected: is &amp;lt;201&amp;gt;
     but: was &amp;lt;503&amp;gt;">
      <![CDATA[java.lang.AssertionError: 
Expected: is <201>
     but: was <503>
at org.hamcrest.MatcherAssert.assertThat(MatcherAssert.java:20)
at org.hamcrest.MatcherAssert.assertThat(MatcherAssert.java:8)
at com.rest.api.GetApi.test_03_verify_order_not_retrieved_with_invalid_end_point(GetApi.java:117)
... Removed 25 stack frames]]>
    </failure>
  </testcase> <!-- test_03_verify_order_not_retrieved_with_invalid_end_point -->
  <testcase name="test_03_verify_order_not_retrieved_with_invalid_end_point" time="0.197" classname="com.rest.api.GetApi">
    <failure type="java.lang.AssertionError" message="
Expected: is &amp;lt;201&amp;gt;
     but: was &amp;lt;503&amp;gt;">
      <![CDATA[java.lang.AssertionError: 
Expected: is <201>
     but: was <503>
at org.hamcrest.MatcherAssert.assertThat(MatcherAssert.java:20)
at org.hamcrest.MatcherAssert.assertThat(MatcherAssert.java:8)
at com.rest.api.GetApi.test_03_verify_order_not_retrieved_with_invalid_end_point(GetApi.java:117)
... Removed 25 stack frames]]>
    </failure>
  </testcase> <!-- test_03_verify_order_not_retrieved_with_invalid_end_point -->
  <testcase name="test_03_verify_order_not_retrieved_with_invalid_end_point" time="0.202" classname="com.rest.api.GetApi">
    <failure type="java.lang.AssertionError" message="
Expected: is &amp;lt;201&amp;gt;
     but: was &amp;lt;503&amp;gt;">
      <![CDATA[java.lang.AssertionError: 
Expected: is <201>
     but: was <503>
at org.hamcrest.MatcherAssert.assertThat(MatcherAssert.java:20)
at org.hamcrest.MatcherAssert.assertThat(MatcherAssert.java:8)
at com.rest.api.GetApi.test_03_verify_order_not_retrieved_with_invalid_end_point(GetApi.java:117)
... Removed 25 stack frames]]>
    </failure>
  </testcase> <!-- test_03_verify_order_not_retrieved_with_invalid_end_point -->
  <testcase name="test_03_verify_order_not_retrieved_with_invalid_end_point" time="0.199" classname="com.rest.api.GetApi">
    <failure type="java.lang.AssertionError" message="
Expected: is &amp;lt;201&amp;gt;
     but: was &amp;lt;503&amp;gt;">
      <![CDATA[java.lang.AssertionError: 
Expected: is <201>
     but: was <503>
at org.hamcrest.MatcherAssert.assertThat(MatcherAssert.java:20)
at org.hamcrest.MatcherAssert.assertThat(MatcherAssert.java:8)
at com.rest.api.GetApi.test_03_verify_order_not_retrieved_with_invalid_end_point(GetApi.java:117)
... Removed 25 stack frames]]>
    </failure>
  </testcase> <!-- test_03_verify_order_not_retrieved_with_invalid_end_point -->
  <testcase name="test_03_verify_order_not_retrieved_with_invalid_end_point" time="0.203" classname="com.rest.api.GetApi">
    <failure type="java.lang.AssertionError" message="
Expected: is &amp;lt;201&amp;gt;
     but: was &amp;lt;503&amp;gt;">
      <![CDATA[java.lang.AssertionError: 
Expected: is <201>
     but: was <503>
at org.hamcrest.MatcherAssert.assertThat(MatcherAssert.java:20)
at org.hamcrest.MatcherAssert.assertThat(MatcherAssert.java:8)
at com.rest.api.GetApi.test_03_verify_order_not_retrieved_with_invalid_end_point(GetApi.java:117)
... Removed 25 stack frames]]>
    </failure>
  </testcase> <!-- test_03_verify_order_not_retrieved_with_invalid_end_point -->
  <testcase name="test_03_verify_order_not_retrieved_with_invalid_end_point" time="0.204" classname="com.rest.api.GetApi">
    <failure type="java.lang.AssertionError" message="
Expected: is &amp;lt;201&amp;gt;
     but: was &amp;lt;503&amp;gt;">
      <![CDATA[java.lang.AssertionError: 
Expected: is <201>
     but: was <503>
at org.hamcrest.MatcherAssert.assertThat(MatcherAssert.java:20)
at org.hamcrest.MatcherAssert.assertThat(MatcherAssert.java:8)
at com.rest.api.GetApi.test_03_verify_order_not_retrieved_with_invalid_end_point(GetApi.java:117)
... Removed 25 stack frames]]>
    </failure>
  </testcase> <!-- test_03_verify_order_not_retrieved_with_invalid_end_point -->
  <testcase name="test_01_verify_cancel_an_assigned_order_with_specific_order_id" time="0.521" classname="com.rest.api.PutApiCancelOrder">
    <failure type="java.lang.AssertionError" message="
Expected: is &amp;lt;201&amp;gt;
     but: was &amp;lt;503&amp;gt;">
      <![CDATA[java.lang.AssertionError: 
Expected: is <201>
     but: was <503>
at org.hamcrest.MatcherAssert.assertThat(MatcherAssert.java:20)
at org.hamcrest.MatcherAssert.assertThat(MatcherAssert.java:8)
at com.rest.api.PutApiCancelOrder.test_01_verify_cancel_an_assigned_order_with_specific_order_id(PutApiCancelOrder.java:59)
... Removed 25 stack frames]]>
    </failure>
  </testcase> <!-- test_01_verify_cancel_an_assigned_order_with_specific_order_id -->
  <testcase name="test_02_verify_cancel_an_ongoing_order_with_specific_order_id" time="0.205" classname="com.rest.api.PutApiCancelOrder">
    <failure type="java.lang.AssertionError" message="
Expected: is &amp;lt;201&amp;gt;
     but: was &amp;lt;503&amp;gt;">
      <![CDATA[java.lang.AssertionError: 
Expected: is <201>
     but: was <503>
at org.hamcrest.MatcherAssert.assertThat(MatcherAssert.java:20)
at org.hamcrest.MatcherAssert.assertThat(MatcherAssert.java:8)
at com.rest.api.PutApiCancelOrder.test_02_verify_cancel_an_ongoing_order_with_specific_order_id(PutApiCancelOrder.java:102)
... Removed 25 stack frames]]>
    </failure>
  </testcase> <!-- test_02_verify_cancel_an_ongoing_order_with_specific_order_id -->
  <testcase name="test_03_verify_order_not_cancelled_for_an_already_completed_order_with_specific_order_id" time="0.22" classname="com.rest.api.PutApiCancelOrder">
    <failure type="java.lang.AssertionError" message="
Expected: is &amp;lt;201&amp;gt;
     but: was &amp;lt;503&amp;gt;">
      <![CDATA[java.lang.AssertionError: 
Expected: is <201>
     but: was <503>
at org.hamcrest.MatcherAssert.assertThat(MatcherAssert.java:20)
at org.hamcrest.MatcherAssert.assertThat(MatcherAssert.java:8)
at com.rest.api.PutApiCancelOrder.test_03_verify_order_not_cancelled_for_an_already_completed_order_with_specific_order_id(PutApiCancelOrder.java:152)
... Removed 25 stack frames]]>
    </failure>
  </testcase> <!-- test_03_verify_order_not_cancelled_for_an_already_completed_order_with_specific_order_id -->
  <testcase name="test_04_verify_order_not_cancelled_an_already_cancelled_order_with_specific_order_id" time="0.222" classname="com.rest.api.PutApiCancelOrder">
    <failure type="java.lang.AssertionError" message="
Expected: is &amp;lt;201&amp;gt;
     but: was &amp;lt;503&amp;gt;">
      <![CDATA[java.lang.AssertionError: 
Expected: is <201>
     but: was <503>
at org.hamcrest.MatcherAssert.assertThat(MatcherAssert.java:20)
at org.hamcrest.MatcherAssert.assertThat(MatcherAssert.java:8)
at com.rest.api.PutApiCancelOrder.test_04_verify_order_not_cancelled_an_already_cancelled_order_with_specific_order_id(PutApiCancelOrder.java:203)
... Removed 25 stack frames]]>
    </failure>
  </testcase> <!-- test_04_verify_order_not_cancelled_an_already_cancelled_order_with_specific_order_id -->
  <testcase name="test_05_verify_order_not_cancelled_with_invalid_order_id" time="0.219" classname="com.rest.api.PutApiCancelOrder">
    <failure type="java.lang.AssertionError" message="
Expected: is &amp;lt;201&amp;gt;
     but: was &amp;lt;503&amp;gt;">
      <![CDATA[java.lang.AssertionError: 
Expected: is <201>
     but: was <503>
at org.hamcrest.MatcherAssert.assertThat(MatcherAssert.java:20)
at org.hamcrest.MatcherAssert.assertThat(MatcherAssert.java:8)
at com.rest.api.PutApiCancelOrder.test_05_verify_order_not_cancelled_with_invalid_order_id(PutApiCancelOrder.java:249)
... Removed 25 stack frames]]>
    </failure>
  </testcase> <!-- test_05_verify_order_not_cancelled_with_invalid_order_id -->
  <testcase name="test_05_verify_order_not_cancelled_with_invalid_order_id" time="0.214" classname="com.rest.api.PutApiCancelOrder">
    <failure type="java.lang.AssertionError" message="
Expected: is &amp;lt;201&amp;gt;
     but: was &amp;lt;503&amp;gt;">
      <![CDATA[java.lang.AssertionError: 
Expected: is <201>
     but: was <503>
at org.hamcrest.MatcherAssert.assertThat(MatcherAssert.java:20)
at org.hamcrest.MatcherAssert.assertThat(MatcherAssert.java:8)
at com.rest.api.PutApiCancelOrder.test_05_verify_order_not_cancelled_with_invalid_order_id(PutApiCancelOrder.java:249)
... Removed 25 stack frames]]>
    </failure>
  </testcase> <!-- test_05_verify_order_not_cancelled_with_invalid_order_id -->
  <testcase name="test_05_verify_order_not_cancelled_with_invalid_order_id" time="0.201" classname="com.rest.api.PutApiCancelOrder">
    <failure type="java.lang.AssertionError" message="
Expected: is &amp;lt;201&amp;gt;
     but: was &amp;lt;503&amp;gt;">
      <![CDATA[java.lang.AssertionError: 
Expected: is <201>
     but: was <503>
at org.hamcrest.MatcherAssert.assertThat(MatcherAssert.java:20)
at org.hamcrest.MatcherAssert.assertThat(MatcherAssert.java:8)
at com.rest.api.PutApiCancelOrder.test_05_verify_order_not_cancelled_with_invalid_order_id(PutApiCancelOrder.java:249)
... Removed 25 stack frames]]>
    </failure>
  </testcase> <!-- test_05_verify_order_not_cancelled_with_invalid_order_id -->
  <testcase name="test_05_verify_order_not_cancelled_with_invalid_order_id" time="0.204" classname="com.rest.api.PutApiCancelOrder">
    <failure type="java.lang.AssertionError" message="
Expected: is &amp;lt;201&amp;gt;
     but: was &amp;lt;503&amp;gt;">
      <![CDATA[java.lang.AssertionError: 
Expected: is <201>
     but: was <503>
at org.hamcrest.MatcherAssert.assertThat(MatcherAssert.java:20)
at org.hamcrest.MatcherAssert.assertThat(MatcherAssert.java:8)
at com.rest.api.PutApiCancelOrder.test_05_verify_order_not_cancelled_with_invalid_order_id(PutApiCancelOrder.java:249)
... Removed 25 stack frames]]>
    </failure>
  </testcase> <!-- test_05_verify_order_not_cancelled_with_invalid_order_id -->
  <testcase name="test_05_verify_order_not_cancelled_with_invalid_order_id" time="0.196" classname="com.rest.api.PutApiCancelOrder">
    <failure type="java.lang.AssertionError" message="
Expected: is &amp;lt;201&amp;gt;
     but: was &amp;lt;503&amp;gt;">
      <![CDATA[java.lang.AssertionError: 
Expected: is <201>
     but: was <503>
at org.hamcrest.MatcherAssert.assertThat(MatcherAssert.java:20)
at org.hamcrest.MatcherAssert.assertThat(MatcherAssert.java:8)
at com.rest.api.PutApiCancelOrder.test_05_verify_order_not_cancelled_with_invalid_order_id(PutApiCancelOrder.java:249)
... Removed 25 stack frames]]>
    </failure>
  </testcase> <!-- test_05_verify_order_not_cancelled_with_invalid_order_id -->
  <testcase name="test_05_verify_order_not_cancelled_with_invalid_order_id" time="0.208" classname="com.rest.api.PutApiCancelOrder">
    <failure type="java.lang.AssertionError" message="
Expected: is &amp;lt;201&amp;gt;
     but: was &amp;lt;503&amp;gt;">
      <![CDATA[java.lang.AssertionError: 
Expected: is <201>
     but: was <503>
at org.hamcrest.MatcherAssert.assertThat(MatcherAssert.java:20)
at org.hamcrest.MatcherAssert.assertThat(MatcherAssert.java:8)
at com.rest.api.PutApiCancelOrder.test_05_verify_order_not_cancelled_with_invalid_order_id(PutApiCancelOrder.java:249)
... Removed 25 stack frames]]>
    </failure>
  </testcase> <!-- test_05_verify_order_not_cancelled_with_invalid_order_id -->
  <testcase name="test_06_verify_order_not_cancelled_with_invalid_end_point" time="0.202" classname="com.rest.api.PutApiCancelOrder">
    <failure type="java.lang.AssertionError" message="
Expected: is &amp;lt;201&amp;gt;
     but: was &amp;lt;503&amp;gt;">
      <![CDATA[java.lang.AssertionError: 
Expected: is <201>
     but: was <503>
at org.hamcrest.MatcherAssert.assertThat(MatcherAssert.java:20)
at org.hamcrest.MatcherAssert.assertThat(MatcherAssert.java:8)
at com.rest.api.PutApiCancelOrder.test_06_verify_order_not_cancelled_with_invalid_end_point(PutApiCancelOrder.java:271)
... Removed 25 stack frames]]>
    </failure>
  </testcase> <!-- test_06_verify_order_not_cancelled_with_invalid_end_point -->
  <testcase name="test_06_verify_order_not_cancelled_with_invalid_end_point" time="0.204" classname="com.rest.api.PutApiCancelOrder">
    <failure type="java.lang.AssertionError" message="
Expected: is &amp;lt;201&amp;gt;
     but: was &amp;lt;503&amp;gt;">
      <![CDATA[java.lang.AssertionError: 
Expected: is <201>
     but: was <503>
at org.hamcrest.MatcherAssert.assertThat(MatcherAssert.java:20)
at org.hamcrest.MatcherAssert.assertThat(MatcherAssert.java:8)
at com.rest.api.PutApiCancelOrder.test_06_verify_order_not_cancelled_with_invalid_end_point(PutApiCancelOrder.java:271)
... Removed 25 stack frames]]>
    </failure>
  </testcase> <!-- test_06_verify_order_not_cancelled_with_invalid_end_point -->
  <testcase name="test_06_verify_order_not_cancelled_with_invalid_end_point" time="0.209" classname="com.rest.api.PutApiCancelOrder">
    <failure type="java.lang.AssertionError" message="
Expected: is &amp;lt;201&amp;gt;
     but: was &amp;lt;503&amp;gt;">
      <![CDATA[java.lang.AssertionError: 
Expected: is <201>
     but: was <503>
at org.hamcrest.MatcherAssert.assertThat(MatcherAssert.java:20)
at org.hamcrest.MatcherAssert.assertThat(MatcherAssert.java:8)
at com.rest.api.PutApiCancelOrder.test_06_verify_order_not_cancelled_with_invalid_end_point(PutApiCancelOrder.java:271)
... Removed 25 stack frames]]>
    </failure>
  </testcase> <!-- test_06_verify_order_not_cancelled_with_invalid_end_point -->
  <testcase name="test_06_verify_order_not_cancelled_with_invalid_end_point" time="0.211" classname="com.rest.api.PutApiCancelOrder">
    <failure type="java.lang.AssertionError" message="
Expected: is &amp;lt;201&amp;gt;
     but: was &amp;lt;503&amp;gt;">
      <![CDATA[java.lang.AssertionError: 
Expected: is <201>
     but: was <503>
at org.hamcrest.MatcherAssert.assertThat(MatcherAssert.java:20)
at org.hamcrest.MatcherAssert.assertThat(MatcherAssert.java:8)
at com.rest.api.PutApiCancelOrder.test_06_verify_order_not_cancelled_with_invalid_end_point(PutApiCancelOrder.java:271)
... Removed 25 stack frames]]>
    </failure>
  </testcase> <!-- test_06_verify_order_not_cancelled_with_invalid_end_point -->
  <testcase name="test_06_verify_order_not_cancelled_with_invalid_end_point" time="0.198" classname="com.rest.api.PutApiCancelOrder">
    <failure type="java.lang.AssertionError" message="
Expected: is &amp;lt;201&amp;gt;
     but: was &amp;lt;503&amp;gt;">
      <![CDATA[java.lang.AssertionError: 
Expected: is <201>
     but: was <503>
at org.hamcrest.MatcherAssert.assertThat(MatcherAssert.java:20)
at org.hamcrest.MatcherAssert.assertThat(MatcherAssert.java:8)
at com.rest.api.PutApiCancelOrder.test_06_verify_order_not_cancelled_with_invalid_end_point(PutApiCancelOrder.java:271)
... Removed 25 stack frames]]>
    </failure>
  </testcase> <!-- test_06_verify_order_not_cancelled_with_invalid_end_point -->
  <testcase name="test_06_verify_order_not_cancelled_with_invalid_end_point" time="0.204" classname="com.rest.api.PutApiCancelOrder">
    <failure type="java.lang.AssertionError" message="
Expected: is &amp;lt;201&amp;gt;
     but: was &amp;lt;503&amp;gt;">
      <![CDATA[java.lang.AssertionError: 
Expected: is <201>
     but: was <503>
at org.hamcrest.MatcherAssert.assertThat(MatcherAssert.java:20)
at org.hamcrest.MatcherAssert.assertThat(MatcherAssert.java:8)
at com.rest.api.PutApiCancelOrder.test_06_verify_order_not_cancelled_with_invalid_end_point(PutApiCancelOrder.java:271)
... Removed 25 stack frames]]>
    </failure>
  </testcase> <!-- test_06_verify_order_not_cancelled_with_invalid_end_point -->
  <testcase name="test_06_verify_order_not_cancelled_with_invalid_end_point" time="0.201" classname="com.rest.api.PutApiCancelOrder">
    <failure type="java.lang.AssertionError" message="
Expected: is &amp;lt;201&amp;gt;
     but: was &amp;lt;503&amp;gt;">
      <![CDATA[java.lang.AssertionError: 
Expected: is <201>
     but: was <503>
at org.hamcrest.MatcherAssert.assertThat(MatcherAssert.java:20)
at org.hamcrest.MatcherAssert.assertThat(MatcherAssert.java:8)
at com.rest.api.PutApiCancelOrder.test_06_verify_order_not_cancelled_with_invalid_end_point(PutApiCancelOrder.java:271)
... Removed 25 stack frames]]>
    </failure>
  </testcase> <!-- test_06_verify_order_not_cancelled_with_invalid_end_point -->
  <testcase name="test_06_verify_order_not_cancelled_with_invalid_end_point" time="0.199" classname="com.rest.api.PutApiCancelOrder">
    <failure type="java.lang.AssertionError" message="
Expected: is &amp;lt;201&amp;gt;
     but: was &amp;lt;503&amp;gt;">
      <![CDATA[java.lang.AssertionError: 
Expected: is <201>
     but: was <503>
at org.hamcrest.MatcherAssert.assertThat(MatcherAssert.java:20)
at org.hamcrest.MatcherAssert.assertThat(MatcherAssert.java:8)
at com.rest.api.PutApiCancelOrder.test_06_verify_order_not_cancelled_with_invalid_end_point(PutApiCancelOrder.java:271)
... Removed 25 stack frames]]>
    </failure>
  </testcase> <!-- test_06_verify_order_not_cancelled_with_invalid_end_point -->
  <testcase name="test_07_verify_order_not_cancelled_without_placing_it" time="0.033" classname="com.rest.api.PutApiCancelOrder"/>
  <testcase name="test_01_verify_complete_an_ongoing_order_with_specific_order_id" time="0.199" classname="com.rest.api.PutApiCompleteOrder">
    <failure type="java.lang.AssertionError" message="
Expected: is &amp;lt;201&amp;gt;
     but: was &amp;lt;503&amp;gt;">
      <![CDATA[java.lang.AssertionError: 
Expected: is <201>
     but: was <503>
at org.hamcrest.MatcherAssert.assertThat(MatcherAssert.java:20)
at org.hamcrest.MatcherAssert.assertThat(MatcherAssert.java:8)
at com.rest.api.PutApiCompleteOrder.test_01_verify_complete_an_ongoing_order_with_specific_order_id(PutApiCompleteOrder.java:59)
... Removed 25 stack frames]]>
    </failure>
  </testcase> <!-- test_01_verify_complete_an_ongoing_order_with_specific_order_id -->
  <testcase name="test_02_verify_order_not_completed_with_invalid_order_id" time="0.201" classname="com.rest.api.PutApiCompleteOrder">
    <failure type="java.lang.AssertionError" message="
Expected: is &amp;lt;201&amp;gt;
     but: was &amp;lt;503&amp;gt;">
      <![CDATA[java.lang.AssertionError: 
Expected: is <201>
     but: was <503>
at org.hamcrest.MatcherAssert.assertThat(MatcherAssert.java:20)
at org.hamcrest.MatcherAssert.assertThat(MatcherAssert.java:8)
at com.rest.api.PutApiCompleteOrder.test_02_verify_order_not_completed_with_invalid_order_id(PutApiCompleteOrder.java:103)
... Removed 25 stack frames]]>
    </failure>
  </testcase> <!-- test_02_verify_order_not_completed_with_invalid_order_id -->
  <testcase name="test_02_verify_order_not_completed_with_invalid_order_id" time="0.198" classname="com.rest.api.PutApiCompleteOrder">
    <failure type="java.lang.AssertionError" message="
Expected: is &amp;lt;201&amp;gt;
     but: was &amp;lt;503&amp;gt;">
      <![CDATA[java.lang.AssertionError: 
Expected: is <201>
     but: was <503>
at org.hamcrest.MatcherAssert.assertThat(MatcherAssert.java:20)
at org.hamcrest.MatcherAssert.assertThat(MatcherAssert.java:8)
at com.rest.api.PutApiCompleteOrder.test_02_verify_order_not_completed_with_invalid_order_id(PutApiCompleteOrder.java:103)
... Removed 25 stack frames]]>
    </failure>
  </testcase> <!-- test_02_verify_order_not_completed_with_invalid_order_id -->
  <testcase name="test_02_verify_order_not_completed_with_invalid_order_id" time="0.199" classname="com.rest.api.PutApiCompleteOrder">
    <failure type="java.lang.AssertionError" message="
Expected: is &amp;lt;201&amp;gt;
     but: was &amp;lt;503&amp;gt;">
      <![CDATA[java.lang.AssertionError: 
Expected: is <201>
     but: was <503>
at org.hamcrest.MatcherAssert.assertThat(MatcherAssert.java:20)
at org.hamcrest.MatcherAssert.assertThat(MatcherAssert.java:8)
at com.rest.api.PutApiCompleteOrder.test_02_verify_order_not_completed_with_invalid_order_id(PutApiCompleteOrder.java:103)
... Removed 25 stack frames]]>
    </failure>
  </testcase> <!-- test_02_verify_order_not_completed_with_invalid_order_id -->
  <testcase name="test_02_verify_order_not_completed_with_invalid_order_id" time="0.203" classname="com.rest.api.PutApiCompleteOrder">
    <failure type="java.lang.AssertionError" message="
Expected: is &amp;lt;201&amp;gt;
     but: was &amp;lt;503&amp;gt;">
      <![CDATA[java.lang.AssertionError: 
Expected: is <201>
     but: was <503>
at org.hamcrest.MatcherAssert.assertThat(MatcherAssert.java:20)
at org.hamcrest.MatcherAssert.assertThat(MatcherAssert.java:8)
at com.rest.api.PutApiCompleteOrder.test_02_verify_order_not_completed_with_invalid_order_id(PutApiCompleteOrder.java:103)
... Removed 25 stack frames]]>
    </failure>
  </testcase> <!-- test_02_verify_order_not_completed_with_invalid_order_id -->
  <testcase name="test_02_verify_order_not_completed_with_invalid_order_id" time="0.204" classname="com.rest.api.PutApiCompleteOrder">
    <failure type="java.lang.AssertionError" message="
Expected: is &amp;lt;201&amp;gt;
     but: was &amp;lt;503&amp;gt;">
      <![CDATA[java.lang.AssertionError: 
Expected: is <201>
     but: was <503>
at org.hamcrest.MatcherAssert.assertThat(MatcherAssert.java:20)
at org.hamcrest.MatcherAssert.assertThat(MatcherAssert.java:8)
at com.rest.api.PutApiCompleteOrder.test_02_verify_order_not_completed_with_invalid_order_id(PutApiCompleteOrder.java:103)
... Removed 25 stack frames]]>
    </failure>
  </testcase> <!-- test_02_verify_order_not_completed_with_invalid_order_id -->
  <testcase name="test_02_verify_order_not_completed_with_invalid_order_id" time="0.211" classname="com.rest.api.PutApiCompleteOrder">
    <failure type="java.lang.AssertionError" message="
Expected: is &amp;lt;201&amp;gt;
     but: was &amp;lt;503&amp;gt;">
      <![CDATA[java.lang.AssertionError: 
Expected: is <201>
     but: was <503>
at org.hamcrest.MatcherAssert.assertThat(MatcherAssert.java:20)
at org.hamcrest.MatcherAssert.assertThat(MatcherAssert.java:8)
at com.rest.api.PutApiCompleteOrder.test_02_verify_order_not_completed_with_invalid_order_id(PutApiCompleteOrder.java:103)
... Removed 25 stack frames]]>
    </failure>
  </testcase> <!-- test_02_verify_order_not_completed_with_invalid_order_id -->
  <testcase name="test_03_verify_order_not_completed_with_invalid_end_point" time="0.53" classname="com.rest.api.PutApiCompleteOrder">
    <failure type="java.lang.AssertionError" message="
Expected: is &amp;lt;201&amp;gt;
     but: was &amp;lt;503&amp;gt;">
      <![CDATA[java.lang.AssertionError: 
Expected: is <201>
     but: was <503>
at org.hamcrest.MatcherAssert.assertThat(MatcherAssert.java:20)
at org.hamcrest.MatcherAssert.assertThat(MatcherAssert.java:8)
at com.rest.api.PutApiCompleteOrder.test_03_verify_order_not_completed_with_invalid_end_point(PutApiCompleteOrder.java:138)
... Removed 25 stack frames]]>
    </failure>
  </testcase> <!-- test_03_verify_order_not_completed_with_invalid_end_point -->
  <testcase name="test_03_verify_order_not_completed_with_invalid_end_point" time="0.203" classname="com.rest.api.PutApiCompleteOrder">
    <failure type="java.lang.AssertionError" message="
Expected: is &amp;lt;201&amp;gt;
     but: was &amp;lt;503&amp;gt;">
      <![CDATA[java.lang.AssertionError: 
Expected: is <201>
     but: was <503>
at org.hamcrest.MatcherAssert.assertThat(MatcherAssert.java:20)
at org.hamcrest.MatcherAssert.assertThat(MatcherAssert.java:8)
at com.rest.api.PutApiCompleteOrder.test_03_verify_order_not_completed_with_invalid_end_point(PutApiCompleteOrder.java:138)
... Removed 25 stack frames]]>
    </failure>
  </testcase> <!-- test_03_verify_order_not_completed_with_invalid_end_point -->
  <testcase name="test_03_verify_order_not_completed_with_invalid_end_point" time="0.207" classname="com.rest.api.PutApiCompleteOrder">
    <failure type="java.lang.AssertionError" message="
Expected: is &amp;lt;201&amp;gt;
     but: was &amp;lt;503&amp;gt;">
      <![CDATA[java.lang.AssertionError: 
Expected: is <201>
     but: was <503>
at org.hamcrest.MatcherAssert.assertThat(MatcherAssert.java:20)
at org.hamcrest.MatcherAssert.assertThat(MatcherAssert.java:8)
at com.rest.api.PutApiCompleteOrder.test_03_verify_order_not_completed_with_invalid_end_point(PutApiCompleteOrder.java:138)
... Removed 25 stack frames]]>
    </failure>
  </testcase> <!-- test_03_verify_order_not_completed_with_invalid_end_point -->
  <testcase name="test_03_verify_order_not_completed_with_invalid_end_point" time="0.858" classname="com.rest.api.PutApiCompleteOrder">
    <failure type="java.lang.AssertionError" message="
Expected: is &amp;lt;201&amp;gt;
     but: was &amp;lt;503&amp;gt;">
      <![CDATA[java.lang.AssertionError: 
Expected: is <201>
     but: was <503>
at org.hamcrest.MatcherAssert.assertThat(MatcherAssert.java:20)
at org.hamcrest.MatcherAssert.assertThat(MatcherAssert.java:8)
at com.rest.api.PutApiCompleteOrder.test_03_verify_order_not_completed_with_invalid_end_point(PutApiCompleteOrder.java:138)
... Removed 25 stack frames]]>
    </failure>
  </testcase> <!-- test_03_verify_order_not_completed_with_invalid_end_point -->
  <testcase name="test_03_verify_order_not_completed_with_invalid_end_point" time="0.209" classname="com.rest.api.PutApiCompleteOrder">
    <failure type="java.lang.AssertionError" message="
Expected: is &amp;lt;201&amp;gt;
     but: was &amp;lt;503&amp;gt;">
      <![CDATA[java.lang.AssertionError: 
Expected: is <201>
     but: was <503>
at org.hamcrest.MatcherAssert.assertThat(MatcherAssert.java:20)
at org.hamcrest.MatcherAssert.assertThat(MatcherAssert.java:8)
at com.rest.api.PutApiCompleteOrder.test_03_verify_order_not_completed_with_invalid_end_point(PutApiCompleteOrder.java:138)
... Removed 25 stack frames]]>
    </failure>
  </testcase> <!-- test_03_verify_order_not_completed_with_invalid_end_point -->
  <testcase name="test_03_verify_order_not_completed_with_invalid_end_point" time="0.206" classname="com.rest.api.PutApiCompleteOrder">
    <failure type="java.lang.AssertionError" message="
Expected: is &amp;lt;201&amp;gt;
     but: was &amp;lt;503&amp;gt;">
      <![CDATA[java.lang.AssertionError: 
Expected: is <201>
     but: was <503>
at org.hamcrest.MatcherAssert.assertThat(MatcherAssert.java:20)
at org.hamcrest.MatcherAssert.assertThat(MatcherAssert.java:8)
at com.rest.api.PutApiCompleteOrder.test_03_verify_order_not_completed_with_invalid_end_point(PutApiCompleteOrder.java:138)
... Removed 25 stack frames]]>
    </failure>
  </testcase> <!-- test_03_verify_order_not_completed_with_invalid_end_point -->
  <testcase name="test_03_verify_order_not_completed_with_invalid_end_point" time="0.217" classname="com.rest.api.PutApiCompleteOrder">
    <failure type="java.lang.AssertionError" message="
Expected: is &amp;lt;201&amp;gt;
     but: was &amp;lt;503&amp;gt;">
      <![CDATA[java.lang.AssertionError: 
Expected: is <201>
     but: was <503>
at org.hamcrest.MatcherAssert.assertThat(MatcherAssert.java:20)
at org.hamcrest.MatcherAssert.assertThat(MatcherAssert.java:8)
at com.rest.api.PutApiCompleteOrder.test_03_verify_order_not_completed_with_invalid_end_point(PutApiCompleteOrder.java:138)
... Removed 25 stack frames]]>
    </failure>
  </testcase> <!-- test_03_verify_order_not_completed_with_invalid_end_point -->
  <testcase name="test_03_verify_order_not_completed_with_invalid_end_point" time="0.196" classname="com.rest.api.PutApiCompleteOrder">
    <failure type="java.lang.AssertionError" message="
Expected: is &amp;lt;201&amp;gt;
     but: was &amp;lt;503&amp;gt;">
      <![CDATA[java.lang.AssertionError: 
Expected: is <201>
     but: was <503>
at org.hamcrest.MatcherAssert.assertThat(MatcherAssert.java:20)
at org.hamcrest.MatcherAssert.assertThat(MatcherAssert.java:8)
at com.rest.api.PutApiCompleteOrder.test_03_verify_order_not_completed_with_invalid_end_point(PutApiCompleteOrder.java:138)
... Removed 25 stack frames]]>
    </failure>
  </testcase> <!-- test_03_verify_order_not_completed_with_invalid_end_point -->
  <testcase name="test_04_verify_order_not_completed_without_placing_it" time="0.023" classname="com.rest.api.PutApiCompleteOrder"/>
  <testcase name="test_05_verify_order_not_completed_for_an_already_completed_order_with_specific_order_id" time="0.52" classname="com.rest.api.PutApiCompleteOrder">
    <failure type="java.lang.AssertionError" message="
Expected: is &amp;lt;201&amp;gt;
     but: was &amp;lt;503&amp;gt;">
      <![CDATA[java.lang.AssertionError: 
Expected: is <201>
     but: was <503>
at org.hamcrest.MatcherAssert.assertThat(MatcherAssert.java:20)
at org.hamcrest.MatcherAssert.assertThat(MatcherAssert.java:8)
at com.rest.api.PutApiCompleteOrder.test_05_verify_order_not_completed_for_an_already_completed_order_with_specific_order_id(PutApiCompleteOrder.java:187)
... Removed 25 stack frames]]>
    </failure>
  </testcase> <!-- test_05_verify_order_not_completed_for_an_already_completed_order_with_specific_order_id -->
  <testcase name="test_01_verify_take_order_with_specific_order_id" time="0.223" classname="com.rest.api.PutApiTakeOrder">
    <failure type="java.lang.AssertionError" message="
Expected: is &amp;lt;201&amp;gt;
     but: was &amp;lt;503&amp;gt;">
      <![CDATA[java.lang.AssertionError: 
Expected: is <201>
     but: was <503>
at org.hamcrest.MatcherAssert.assertThat(MatcherAssert.java:20)
at org.hamcrest.MatcherAssert.assertThat(MatcherAssert.java:8)
at com.rest.api.PutApiTakeOrder.test_01_verify_take_order_with_specific_order_id(PutApiTakeOrder.java:60)
... Removed 25 stack frames]]>
    </failure>
  </testcase> <!-- test_01_verify_take_order_with_specific_order_id -->
  <testcase name="test_02_verify_order_not_taken_with_invalid_order_id" time="0.213" classname="com.rest.api.PutApiTakeOrder">
    <failure type="java.lang.AssertionError" message="
Expected: is &amp;lt;201&amp;gt;
     but: was &amp;lt;503&amp;gt;">
      <![CDATA[java.lang.AssertionError: 
Expected: is <201>
     but: was <503>
at org.hamcrest.MatcherAssert.assertThat(MatcherAssert.java:20)
at org.hamcrest.MatcherAssert.assertThat(MatcherAssert.java:8)
at com.rest.api.PutApiTakeOrder.test_02_verify_order_not_taken_with_invalid_order_id(PutApiTakeOrder.java:94)
... Removed 25 stack frames]]>
    </failure>
  </testcase> <!-- test_02_verify_order_not_taken_with_invalid_order_id -->
  <testcase name="test_02_verify_order_not_taken_with_invalid_order_id" time="0.57" classname="com.rest.api.PutApiTakeOrder">
    <failure type="java.lang.AssertionError" message="
Expected: is &amp;lt;201&amp;gt;
     but: was &amp;lt;503&amp;gt;">
      <![CDATA[java.lang.AssertionError: 
Expected: is <201>
     but: was <503>
at org.hamcrest.MatcherAssert.assertThat(MatcherAssert.java:20)
at org.hamcrest.MatcherAssert.assertThat(MatcherAssert.java:8)
at com.rest.api.PutApiTakeOrder.test_02_verify_order_not_taken_with_invalid_order_id(PutApiTakeOrder.java:94)
... Removed 25 stack frames]]>
    </failure>
  </testcase> <!-- test_02_verify_order_not_taken_with_invalid_order_id -->
  <testcase name="test_02_verify_order_not_taken_with_invalid_order_id" time="0.205" classname="com.rest.api.PutApiTakeOrder">
    <failure type="java.lang.AssertionError" message="
Expected: is &amp;lt;201&amp;gt;
     but: was &amp;lt;503&amp;gt;">
      <![CDATA[java.lang.AssertionError: 
Expected: is <201>
     but: was <503>
at org.hamcrest.MatcherAssert.assertThat(MatcherAssert.java:20)
at org.hamcrest.MatcherAssert.assertThat(MatcherAssert.java:8)
at com.rest.api.PutApiTakeOrder.test_02_verify_order_not_taken_with_invalid_order_id(PutApiTakeOrder.java:94)
... Removed 25 stack frames]]>
    </failure>
  </testcase> <!-- test_02_verify_order_not_taken_with_invalid_order_id -->
  <testcase name="test_02_verify_order_not_taken_with_invalid_order_id" time="0.239" classname="com.rest.api.PutApiTakeOrder">
    <failure type="java.lang.AssertionError" message="
Expected: is &amp;lt;201&amp;gt;
     but: was &amp;lt;503&amp;gt;">
      <![CDATA[java.lang.AssertionError: 
Expected: is <201>
     but: was <503>
at org.hamcrest.MatcherAssert.assertThat(MatcherAssert.java:20)
at org.hamcrest.MatcherAssert.assertThat(MatcherAssert.java:8)
at com.rest.api.PutApiTakeOrder.test_02_verify_order_not_taken_with_invalid_order_id(PutApiTakeOrder.java:94)
... Removed 25 stack frames]]>
    </failure>
  </testcase> <!-- test_02_verify_order_not_taken_with_invalid_order_id -->
  <testcase name="test_02_verify_order_not_taken_with_invalid_order_id" time="0.22" classname="com.rest.api.PutApiTakeOrder">
    <failure type="java.lang.AssertionError" message="
Expected: is &amp;lt;201&amp;gt;
     but: was &amp;lt;503&amp;gt;">
      <![CDATA[java.lang.AssertionError: 
Expected: is <201>
     but: was <503>
at org.hamcrest.MatcherAssert.assertThat(MatcherAssert.java:20)
at org.hamcrest.MatcherAssert.assertThat(MatcherAssert.java:8)
at com.rest.api.PutApiTakeOrder.test_02_verify_order_not_taken_with_invalid_order_id(PutApiTakeOrder.java:94)
... Removed 25 stack frames]]>
    </failure>
  </testcase> <!-- test_02_verify_order_not_taken_with_invalid_order_id -->
  <testcase name="test_02_verify_order_not_taken_with_invalid_order_id" time="0.514" classname="com.rest.api.PutApiTakeOrder">
    <failure type="java.lang.AssertionError" message="
Expected: is &amp;lt;201&amp;gt;
     but: was &amp;lt;503&amp;gt;">
      <![CDATA[java.lang.AssertionError: 
Expected: is <201>
     but: was <503>
at org.hamcrest.MatcherAssert.assertThat(MatcherAssert.java:20)
at org.hamcrest.MatcherAssert.assertThat(MatcherAssert.java:8)
at com.rest.api.PutApiTakeOrder.test_02_verify_order_not_taken_with_invalid_order_id(PutApiTakeOrder.java:94)
... Removed 25 stack frames]]>
    </failure>
  </testcase> <!-- test_02_verify_order_not_taken_with_invalid_order_id -->
  <testcase name="test_03_verify_order_not_taken_with_invalid_end_point" time="0.208" classname="com.rest.api.PutApiTakeOrder">
    <failure type="java.lang.AssertionError" message="
Expected: is &amp;lt;201&amp;gt;
     but: was &amp;lt;503&amp;gt;">
      <![CDATA[java.lang.AssertionError: 
Expected: is <201>
     but: was <503>
at org.hamcrest.MatcherAssert.assertThat(MatcherAssert.java:20)
at org.hamcrest.MatcherAssert.assertThat(MatcherAssert.java:8)
at com.rest.api.PutApiTakeOrder.test_03_verify_order_not_taken_with_invalid_end_point(PutApiTakeOrder.java:119)
... Removed 25 stack frames]]>
    </failure>
  </testcase> <!-- test_03_verify_order_not_taken_with_invalid_end_point -->
  <testcase name="test_03_verify_order_not_taken_with_invalid_end_point" time="0.21" classname="com.rest.api.PutApiTakeOrder">
    <failure type="java.lang.AssertionError" message="
Expected: is &amp;lt;201&amp;gt;
     but: was &amp;lt;503&amp;gt;">
      <![CDATA[java.lang.AssertionError: 
Expected: is <201>
     but: was <503>
at org.hamcrest.MatcherAssert.assertThat(MatcherAssert.java:20)
at org.hamcrest.MatcherAssert.assertThat(MatcherAssert.java:8)
at com.rest.api.PutApiTakeOrder.test_03_verify_order_not_taken_with_invalid_end_point(PutApiTakeOrder.java:119)
... Removed 25 stack frames]]>
    </failure>
  </testcase> <!-- test_03_verify_order_not_taken_with_invalid_end_point -->
  <testcase name="test_03_verify_order_not_taken_with_invalid_end_point" time="3.209" classname="com.rest.api.PutApiTakeOrder">
    <failure type="java.lang.AssertionError" message="
Expected: is &amp;lt;201&amp;gt;
     but: was &amp;lt;503&amp;gt;">
      <![CDATA[java.lang.AssertionError: 
Expected: is <201>
     but: was <503>
at org.hamcrest.MatcherAssert.assertThat(MatcherAssert.java:20)
at org.hamcrest.MatcherAssert.assertThat(MatcherAssert.java:8)
at com.rest.api.PutApiTakeOrder.test_03_verify_order_not_taken_with_invalid_end_point(PutApiTakeOrder.java:119)
... Removed 25 stack frames]]>
    </failure>
  </testcase> <!-- test_03_verify_order_not_taken_with_invalid_end_point -->
  <testcase name="test_03_verify_order_not_taken_with_invalid_end_point" time="0.201" classname="com.rest.api.PutApiTakeOrder">
    <failure type="java.lang.AssertionError" message="
Expected: is &amp;lt;201&amp;gt;
     but: was &amp;lt;503&amp;gt;">
      <![CDATA[java.lang.AssertionError: 
Expected: is <201>
     but: was <503>
at org.hamcrest.MatcherAssert.assertThat(MatcherAssert.java:20)
at org.hamcrest.MatcherAssert.assertThat(MatcherAssert.java:8)
at com.rest.api.PutApiTakeOrder.test_03_verify_order_not_taken_with_invalid_end_point(PutApiTakeOrder.java:119)
... Removed 25 stack frames]]>
    </failure>
  </testcase> <!-- test_03_verify_order_not_taken_with_invalid_end_point -->
  <testcase name="test_03_verify_order_not_taken_with_invalid_end_point" time="0.198" classname="com.rest.api.PutApiTakeOrder">
    <failure type="java.lang.AssertionError" message="
Expected: is &amp;lt;201&amp;gt;
     but: was &amp;lt;503&amp;gt;">
      <![CDATA[java.lang.AssertionError: 
Expected: is <201>
     but: was <503>
at org.hamcrest.MatcherAssert.assertThat(MatcherAssert.java:20)
at org.hamcrest.MatcherAssert.assertThat(MatcherAssert.java:8)
at com.rest.api.PutApiTakeOrder.test_03_verify_order_not_taken_with_invalid_end_point(PutApiTakeOrder.java:119)
... Removed 25 stack frames]]>
    </failure>
  </testcase> <!-- test_03_verify_order_not_taken_with_invalid_end_point -->
  <testcase name="test_03_verify_order_not_taken_with_invalid_end_point" time="0.194" classname="com.rest.api.PutApiTakeOrder">
    <failure type="java.lang.AssertionError" message="
Expected: is &amp;lt;201&amp;gt;
     but: was &amp;lt;503&amp;gt;">
      <![CDATA[java.lang.AssertionError: 
Expected: is <201>
     but: was <503>
at org.hamcrest.MatcherAssert.assertThat(MatcherAssert.java:20)
at org.hamcrest.MatcherAssert.assertThat(MatcherAssert.java:8)
at com.rest.api.PutApiTakeOrder.test_03_verify_order_not_taken_with_invalid_end_point(PutApiTakeOrder.java:119)
... Removed 25 stack frames]]>
    </failure>
  </testcase> <!-- test_03_verify_order_not_taken_with_invalid_end_point -->
  <testcase name="test_03_verify_order_not_taken_with_invalid_end_point" time="0.203" classname="com.rest.api.PutApiTakeOrder">
    <failure type="java.lang.AssertionError" message="
Expected: is &amp;lt;201&amp;gt;
     but: was &amp;lt;503&amp;gt;">
      <![CDATA[java.lang.AssertionError: 
Expected: is <201>
     but: was <503>
at org.hamcrest.MatcherAssert.assertThat(MatcherAssert.java:20)
at org.hamcrest.MatcherAssert.assertThat(MatcherAssert.java:8)
at com.rest.api.PutApiTakeOrder.test_03_verify_order_not_taken_with_invalid_end_point(PutApiTakeOrder.java:119)
... Removed 25 stack frames]]>
    </failure>
  </testcase> <!-- test_03_verify_order_not_taken_with_invalid_end_point -->
  <testcase name="test_03_verify_order_not_taken_with_invalid_end_point" time="0.203" classname="com.rest.api.PutApiTakeOrder">
    <failure type="java.lang.AssertionError" message="
Expected: is &amp;lt;201&amp;gt;
     but: was &amp;lt;503&amp;gt;">
      <![CDATA[java.lang.AssertionError: 
Expected: is <201>
     but: was <503>
at org.hamcrest.MatcherAssert.assertThat(MatcherAssert.java:20)
at org.hamcrest.MatcherAssert.assertThat(MatcherAssert.java:8)
at com.rest.api.PutApiTakeOrder.test_03_verify_order_not_taken_with_invalid_end_point(PutApiTakeOrder.java:119)
... Removed 25 stack frames]]>
    </failure>
  </testcase> <!-- test_03_verify_order_not_taken_with_invalid_end_point -->
  <testcase name="test_04_verify_order_not_taken_without_placing_it" time="0.022" classname="com.rest.api.PutApiTakeOrder"/>
</testsuite> <!-- Regression Suite -->
