<?xml version="1.0" encoding="UTF-8"?>
<!-- Generated by org.testng.reporters.JUnitXMLReporter -->
<testsuite hostname="sandeep406701" ignored="0" name="Default test" tests="16" failures="0" timestamp="09 Jan 2019 11:58:50 GMT" time="1.982" errors="0">
  <testcase name="test_01_verify_take_order_with_specific_order_id" time="1.545" classname="com.rest.api.TakeOrderPutApi"/>
  <testcase name="test_02_verify_order_not_taken_with_invalid_order_id" time="0.024" classname="com.rest.api.TakeOrderPutApi"/>
  <testcase name="test_02_verify_order_not_taken_with_invalid_order_id" time="0.03" classname="com.rest.api.TakeOrderPutApi"/>
  <testcase name="test_02_verify_order_not_taken_with_invalid_order_id" time="0.031" classname="com.rest.api.TakeOrderPutApi"/>
  <testcase name="test_02_verify_order_not_taken_with_invalid_order_id" time="0.023" classname="com.rest.api.TakeOrderPutApi"/>
  <testcase name="test_02_verify_order_not_taken_with_invalid_order_id" time="0.022" classname="com.rest.api.TakeOrderPutApi"/>
  <testcase name="test_02_verify_order_not_taken_with_invalid_order_id" time="0.033" classname="com.rest.api.TakeOrderPutApi"/>
  <testcase name="test_03_verify_order_not_taken_with_invalid_end_point" time="0.025" classname="com.rest.api.TakeOrderPutApi"/>
  <testcase name="test_03_verify_order_not_taken_with_invalid_end_point" time="0.023" classname="com.rest.api.TakeOrderPutApi"/>
  <testcase name="test_03_verify_order_not_taken_with_invalid_end_point" time="0.031" classname="com.rest.api.TakeOrderPutApi"/>
  <testcase name="test_03_verify_order_not_taken_with_invalid_end_point" time="0.022" classname="com.rest.api.TakeOrderPutApi"/>
  <testcase name="test_03_verify_order_not_taken_with_invalid_end_point" time="0.021" classname="com.rest.api.TakeOrderPutApi"/>
  <testcase name="test_03_verify_order_not_taken_with_invalid_end_point" time="0.025" classname="com.rest.api.TakeOrderPutApi"/>
  <testcase name="test_03_verify_order_not_taken_with_invalid_end_point" time="0.019" classname="com.rest.api.TakeOrderPutApi"/>
  <testcase name="test_03_verify_order_not_taken_with_invalid_end_point" time="0.037" classname="com.rest.api.TakeOrderPutApi"/>
  <testcase name="test_04_verify_order_not_taken_without_placing_it" time="0.024" classname="com.rest.api.TakeOrderPutApi"/>
</testsuite> <!-- Default test -->
