<?xml version="1.0" encoding="UTF-8"?>
<!-- Generated by org.testng.reporters.JUnitXMLReporter -->
<testsuite hostname="sandeep406701" ignored="0" name="Default test" tests="16" failures="0" timestamp="09 Jan 2019 06:35:32 GMT" time="17.33" errors="0">
  <testcase name="test_01_verify_take_order_with_specific_order_id" time="2.835" classname="com.rest.api.PutApiTakeOrder"/>
  <testcase name="test_02_verify_order_not_taken_with_invalid_order_id" time="0.774" classname="com.rest.api.PutApiTakeOrder"/>
  <testcase name="test_02_verify_order_not_taken_with_invalid_order_id" time="0.549" classname="com.rest.api.PutApiTakeOrder"/>
  <testcase name="test_02_verify_order_not_taken_with_invalid_order_id" time="0.671" classname="com.rest.api.PutApiTakeOrder"/>
  <testcase name="test_02_verify_order_not_taken_with_invalid_order_id" time="0.973" classname="com.rest.api.PutApiTakeOrder"/>
  <testcase name="test_02_verify_order_not_taken_with_invalid_order_id" time="0.606" classname="com.rest.api.PutApiTakeOrder"/>
  <testcase name="test_02_verify_order_not_taken_with_invalid_order_id" time="0.777" classname="com.rest.api.PutApiTakeOrder"/>
  <testcase name="test_03_verify_order_not_taken_with_invalid_end_point" time="0.898" classname="com.rest.api.PutApiTakeOrder"/>
  <testcase name="test_03_verify_order_not_taken_with_invalid_end_point" time="1.109" classname="com.rest.api.PutApiTakeOrder"/>
  <testcase name="test_03_verify_order_not_taken_with_invalid_end_point" time="0.85" classname="com.rest.api.PutApiTakeOrder"/>
  <testcase name="test_03_verify_order_not_taken_with_invalid_end_point" time="1.079" classname="com.rest.api.PutApiTakeOrder"/>
  <testcase name="test_03_verify_order_not_taken_with_invalid_end_point" time="1.222" classname="com.rest.api.PutApiTakeOrder"/>
  <testcase name="test_03_verify_order_not_taken_with_invalid_end_point" time="2.383" classname="com.rest.api.PutApiTakeOrder"/>
  <testcase name="test_03_verify_order_not_taken_with_invalid_end_point" time="1.194" classname="com.rest.api.PutApiTakeOrder"/>
  <testcase name="test_03_verify_order_not_taken_with_invalid_end_point" time="0.891" classname="com.rest.api.PutApiTakeOrder"/>
  <testcase name="test_04_verify_order_not_taken_without_placing_it" time="0.029" classname="com.rest.api.PutApiTakeOrder"/>
</testsuite> <!-- Default test -->
