<?xml version="1.0" encoding="UTF-8"?>
<!-- Generated by org.testng.reporters.JUnitXMLReporter -->
<testsuite hostname="sandeep406701" ignored="0" name="all-tests" tests="87" failures="6" timestamp="08 Jan 2019 11:29:20 GMT" time="70.711" errors="0">
  <testcase name="test_01_verify_retrieve_valid_order_with_id" time="3.247" classname="com.rest.api.getApi"/>
  <testcase name="test_02_verify_order_not_retrieved_with_invalid_order_id" time="0.836" classname="com.rest.api.getApi"/>
  <testcase name="test_02_verify_order_not_retrieved_with_invalid_order_id" time="1.137" classname="com.rest.api.getApi"/>
  <testcase name="test_02_verify_order_not_retrieved_with_invalid_order_id" time="0.707" classname="com.rest.api.getApi"/>
  <testcase name="test_02_verify_order_not_retrieved_with_invalid_order_id" time="0.685" classname="com.rest.api.getApi"/>
  <testcase name="test_02_verify_order_not_retrieved_with_invalid_order_id" time="0.691" classname="com.rest.api.getApi"/>
  <testcase name="test_02_verify_order_not_retrieved_with_invalid_order_id" time="0.725" classname="com.rest.api.getApi"/>
  <testcase name="test_03_verify_order_not_retrieved_with_invalid_end_point" time="0.687" classname="com.rest.api.getApi"/>
  <testcase name="test_03_verify_order_not_retrieved_with_invalid_end_point" time="0.673" classname="com.rest.api.getApi"/>
  <testcase name="test_03_verify_order_not_retrieved_with_invalid_end_point" time="0.707" classname="com.rest.api.getApi"/>
  <testcase name="test_03_verify_order_not_retrieved_with_invalid_end_point" time="0.694" classname="com.rest.api.getApi"/>
  <testcase name="test_03_verify_order_not_retrieved_with_invalid_end_point" time="0.683" classname="com.rest.api.getApi"/>
  <testcase name="test_03_verify_order_not_retrieved_with_invalid_end_point" time="0.633" classname="com.rest.api.getApi"/>
  <testcase name="test_03_verify_order_not_retrieved_with_invalid_end_point" time="0.716" classname="com.rest.api.getApi"/>
  <testcase name="test_01_verify_placing_an_order" time="1.882" classname="com.rest.api.postApi"/>
  <testcase name="test_02_verify_placing_an_order_at_specific_time" time="0.685" classname="com.rest.api.postApi"/>
  <testcase name="test_03_verify_order_not_placed_with_invalid_time_format" time="0.381" classname="com.rest.api.postApi"/>
  <testcase name="test_03_verify_order_not_placed_with_invalid_time_format" time="0.338" classname="com.rest.api.postApi"/>
  <testcase name="test_03_verify_order_not_placed_with_invalid_time_format" time="0.349" classname="com.rest.api.postApi"/>
  <testcase name="test_03_verify_order_not_placed_with_invalid_time_format" time="0.357" classname="com.rest.api.postApi"/>
  <testcase name="test_03_verify_order_not_placed_with_invalid_time_format" time="0.343" classname="com.rest.api.postApi"/>
  <testcase name="test_03_verify_order_not_placed_with_invalid_time_format" time="0.364" classname="com.rest.api.postApi"/>
  <testcase name="test_04_verify_order_not_placed_with_incorrect_location_of_one_stop" time="0.55" classname="com.rest.api.postApi">
    <failure type="java.lang.AssertionError" message="
Expected: is &amp;lt;400&amp;gt;
     but: was &amp;lt;503&amp;gt;">
      <![CDATA[java.lang.AssertionError: 
Expected: is <400>
     but: was <503>
at org.hamcrest.MatcherAssert.assertThat(MatcherAssert.java:20)
at org.hamcrest.MatcherAssert.assertThat(MatcherAssert.java:8)
at com.rest.api.postApi.test_04_verify_order_not_placed_with_incorrect_location_of_one_stop(postApi.java:168)
... Removed 25 stack frames]]>
    </failure>
  </testcase> <!-- test_04_verify_order_not_placed_with_incorrect_location_of_one_stop -->
  <testcase name="test_04_verify_order_not_placed_with_incorrect_location_of_one_stop" time="0.572" classname="com.rest.api.postApi">
    <failure type="java.lang.AssertionError" message="
Expected: is &amp;lt;400&amp;gt;
     but: was &amp;lt;503&amp;gt;">
      <![CDATA[java.lang.AssertionError: 
Expected: is <400>
     but: was <503>
at org.hamcrest.MatcherAssert.assertThat(MatcherAssert.java:20)
at org.hamcrest.MatcherAssert.assertThat(MatcherAssert.java:8)
at com.rest.api.postApi.test_04_verify_order_not_placed_with_incorrect_location_of_one_stop(postApi.java:168)
... Removed 25 stack frames]]>
    </failure>
  </testcase> <!-- test_04_verify_order_not_placed_with_incorrect_location_of_one_stop -->
  <testcase name="test_05_verify_order_not_placed_with_incorrect_locations_of_all_stops" time="0.342" classname="com.rest.api.postApi">
    <failure type="java.lang.AssertionError" message="
Expected: is &amp;lt;400&amp;gt;
     but: was &amp;lt;503&amp;gt;">
      <![CDATA[java.lang.AssertionError: 
Expected: is <400>
     but: was <503>
at org.hamcrest.MatcherAssert.assertThat(MatcherAssert.java:20)
at org.hamcrest.MatcherAssert.assertThat(MatcherAssert.java:8)
at com.rest.api.postApi.test_05_verify_order_not_placed_with_incorrect_locations_of_all_stops(postApi.java:201)
... Removed 25 stack frames]]>
    </failure>
  </testcase> <!-- test_05_verify_order_not_placed_with_incorrect_locations_of_all_stops -->
  <testcase name="test_05_verify_order_not_placed_with_incorrect_locations_of_all_stops" time="0.352" classname="com.rest.api.postApi">
    <failure type="java.lang.AssertionError" message="
Expected: is &amp;lt;400&amp;gt;
     but: was &amp;lt;503&amp;gt;">
      <![CDATA[java.lang.AssertionError: 
Expected: is <400>
     but: was <503>
at org.hamcrest.MatcherAssert.assertThat(MatcherAssert.java:20)
at org.hamcrest.MatcherAssert.assertThat(MatcherAssert.java:8)
at com.rest.api.postApi.test_05_verify_order_not_placed_with_incorrect_locations_of_all_stops(postApi.java:201)
... Removed 25 stack frames]]>
    </failure>
  </testcase> <!-- test_05_verify_order_not_placed_with_incorrect_locations_of_all_stops -->
  <testcase name="test_06_verify_order_not_placed_with_incorrect_end_point" time="0.348" classname="com.rest.api.postApi"/>
  <testcase name="test_06_verify_order_not_placed_with_incorrect_end_point" time="0.34" classname="com.rest.api.postApi"/>
  <testcase name="test_06_verify_order_not_placed_with_incorrect_end_point" time="0.349" classname="com.rest.api.postApi"/>
  <testcase name="test_06_verify_order_not_placed_with_incorrect_end_point" time="0.343" classname="com.rest.api.postApi"/>
  <testcase name="test_06_verify_order_not_placed_with_incorrect_end_point" time="0.352" classname="com.rest.api.postApi"/>
  <testcase name="test_06_verify_order_not_placed_with_incorrect_end_point" time="0.373" classname="com.rest.api.postApi"/>
  <testcase name="test_06_verify_order_not_placed_with_incorrect_end_point" time="0.354" classname="com.rest.api.postApi"/>
  <testcase name="test_07_verify_order_not_placed_in_past_time" time="0.362" classname="com.rest.api.postApi"/>
  <testcase name="test_08_verify_order_not_placed_with_identical_two_stops" time="1.222" classname="com.rest.api.postApi">
    <failure type="java.lang.AssertionError" message="
Expected: is &amp;lt;400&amp;gt;
     but: was &amp;lt;201&amp;gt;">
      <![CDATA[java.lang.AssertionError: 
Expected: is <400>
     but: was <201>
at org.hamcrest.MatcherAssert.assertThat(MatcherAssert.java:20)
at org.hamcrest.MatcherAssert.assertThat(MatcherAssert.java:8)
at com.rest.api.postApi.test_08_verify_order_not_placed_with_identical_two_stops(postApi.java:297)
... Removed 25 stack frames]]>
    </failure>
  </testcase> <!-- test_08_verify_order_not_placed_with_identical_two_stops -->
  <testcase name="test_01_verify_cancel_an_assigned_order_with_specific_order_id" time="0.748" classname="com.rest.api.putApiCancelOrder"/>
  <testcase name="test_02_verify_cancel_an_ongoing_order_with_specific_order_id" time="0.767" classname="com.rest.api.putApiCancelOrder"/>
  <testcase name="test_03_verify_order_not_cancelled_for_an_already_completed_order_with_specific_order_id" time="0.816" classname="com.rest.api.putApiCancelOrder"/>
  <testcase name="test_04_verify_order_not_cancelled_an_already_cancelled_order_with_specific_order_id" time="0.766" classname="com.rest.api.putApiCancelOrder">
    <failure type="java.lang.AssertionError" message="
Expected: is &amp;lt;400&amp;gt;
     but: was &amp;lt;200&amp;gt;">
      <![CDATA[java.lang.AssertionError: 
Expected: is <400>
     but: was <200>
at org.hamcrest.MatcherAssert.assertThat(MatcherAssert.java:20)
at org.hamcrest.MatcherAssert.assertThat(MatcherAssert.java:8)
at com.rest.api.putApiCancelOrder.test_04_verify_order_not_cancelled_an_already_cancelled_order_with_specific_order_id(putApiCancelOrder.java:268)
... Removed 25 stack frames]]>
    </failure>
  </testcase> <!-- test_04_verify_order_not_cancelled_an_already_cancelled_order_with_specific_order_id -->
  <testcase name="test_05_verify_order_not_cancelled_with_invalid_order_id" time="0.676" classname="com.rest.api.putApiCancelOrder"/>
  <testcase name="test_05_verify_order_not_cancelled_with_invalid_order_id" time="0.694" classname="com.rest.api.putApiCancelOrder"/>
  <testcase name="test_05_verify_order_not_cancelled_with_invalid_order_id" time="0.7" classname="com.rest.api.putApiCancelOrder"/>
  <testcase name="test_05_verify_order_not_cancelled_with_invalid_order_id" time="0.691" classname="com.rest.api.putApiCancelOrder"/>
  <testcase name="test_05_verify_order_not_cancelled_with_invalid_order_id" time="0.676" classname="com.rest.api.putApiCancelOrder"/>
  <testcase name="test_05_verify_order_not_cancelled_with_invalid_order_id" time="0.831" classname="com.rest.api.putApiCancelOrder"/>
  <testcase name="test_06_verify_order_not_cancelled_with_invalid_end_point" time="0.802" classname="com.rest.api.putApiCancelOrder"/>
  <testcase name="test_06_verify_order_not_cancelled_with_invalid_end_point" time="0.674" classname="com.rest.api.putApiCancelOrder"/>
  <testcase name="test_06_verify_order_not_cancelled_with_invalid_end_point" time="0.718" classname="com.rest.api.putApiCancelOrder"/>
  <testcase name="test_06_verify_order_not_cancelled_with_invalid_end_point" time="0.576" classname="com.rest.api.putApiCancelOrder"/>
  <testcase name="test_06_verify_order_not_cancelled_with_invalid_end_point" time="0.686" classname="com.rest.api.putApiCancelOrder"/>
  <testcase name="test_06_verify_order_not_cancelled_with_invalid_end_point" time="0.721" classname="com.rest.api.putApiCancelOrder"/>
  <testcase name="test_06_verify_order_not_cancelled_with_invalid_end_point" time="0.684" classname="com.rest.api.putApiCancelOrder"/>
  <testcase name="test_06_verify_order_not_cancelled_with_invalid_end_point" time="0.693" classname="com.rest.api.putApiCancelOrder"/>
  <testcase name="test_07_verify_order_not_cancelled_without_placing_it" time="0.018" classname="com.rest.api.putApiCancelOrder"/>
  <testcase name="test_01_verify_complete_an_ongoing_order_with_specific_order_id" time="0.76" classname="com.rest.api.putApiCompleteOrder"/>
  <testcase name="test_02_verify_order_not_completed_with_invalid_order_id" time="0.668" classname="com.rest.api.putApiCompleteOrder"/>
  <testcase name="test_02_verify_order_not_completed_with_invalid_order_id" time="0.663" classname="com.rest.api.putApiCompleteOrder"/>
  <testcase name="test_02_verify_order_not_completed_with_invalid_order_id" time="0.723" classname="com.rest.api.putApiCompleteOrder"/>
  <testcase name="test_02_verify_order_not_completed_with_invalid_order_id" time="3.677" classname="com.rest.api.putApiCompleteOrder"/>
  <testcase name="test_02_verify_order_not_completed_with_invalid_order_id" time="0.716" classname="com.rest.api.putApiCompleteOrder"/>
  <testcase name="test_02_verify_order_not_completed_with_invalid_order_id" time="3.717" classname="com.rest.api.putApiCompleteOrder"/>
  <testcase name="test_03_verify_order_not_completed_with_invalid_end_point" time="0.698" classname="com.rest.api.putApiCompleteOrder"/>
  <testcase name="test_03_verify_order_not_completed_with_invalid_end_point" time="0.845" classname="com.rest.api.putApiCompleteOrder"/>
  <testcase name="test_03_verify_order_not_completed_with_invalid_end_point" time="0.799" classname="com.rest.api.putApiCompleteOrder"/>
  <testcase name="test_03_verify_order_not_completed_with_invalid_end_point" time="0.703" classname="com.rest.api.putApiCompleteOrder"/>
  <testcase name="test_03_verify_order_not_completed_with_invalid_end_point" time="0.813" classname="com.rest.api.putApiCompleteOrder"/>
  <testcase name="test_03_verify_order_not_completed_with_invalid_end_point" time="0.693" classname="com.rest.api.putApiCompleteOrder"/>
  <testcase name="test_03_verify_order_not_completed_with_invalid_end_point" time="0.987" classname="com.rest.api.putApiCompleteOrder"/>
  <testcase name="test_03_verify_order_not_completed_with_invalid_end_point" time="0.64" classname="com.rest.api.putApiCompleteOrder"/>
  <testcase name="test_04_verify_order_not_completed_without_placing_it" time="0.018" classname="com.rest.api.putApiCompleteOrder"/>
  <testcase name="test_05_verify_order_not_completed_for_an_already_completed_order_with_specific_order_id" time="0.67" classname="com.rest.api.putApiCompleteOrder"/>
  <testcase name="test_01_verify_take_order_with_specific_order_id" time="0.658" classname="com.rest.api.putApiTakeOrder"/>
  <testcase name="test_02_verify_order_not_taken_with_invalid_order_id" time="0.698" classname="com.rest.api.putApiTakeOrder"/>
  <testcase name="test_02_verify_order_not_taken_with_invalid_order_id" time="0.684" classname="com.rest.api.putApiTakeOrder"/>
  <testcase name="test_02_verify_order_not_taken_with_invalid_order_id" time="0.679" classname="com.rest.api.putApiTakeOrder"/>
  <testcase name="test_02_verify_order_not_taken_with_invalid_order_id" time="0.617" classname="com.rest.api.putApiTakeOrder"/>
  <testcase name="test_02_verify_order_not_taken_with_invalid_order_id" time="3.684" classname="com.rest.api.putApiTakeOrder"/>
  <testcase name="test_02_verify_order_not_taken_with_invalid_order_id" time="3.742" classname="com.rest.api.putApiTakeOrder"/>
  <testcase name="test_03_verify_order_not_taken_with_invalid_end_point" time="0.604" classname="com.rest.api.putApiTakeOrder"/>
  <testcase name="test_03_verify_order_not_taken_with_invalid_end_point" time="0.683" classname="com.rest.api.putApiTakeOrder"/>
  <testcase name="test_03_verify_order_not_taken_with_invalid_end_point" time="0.678" classname="com.rest.api.putApiTakeOrder"/>
  <testcase name="test_03_verify_order_not_taken_with_invalid_end_point" time="0.626" classname="com.rest.api.putApiTakeOrder"/>
  <testcase name="test_03_verify_order_not_taken_with_invalid_end_point" time="0.914" classname="com.rest.api.putApiTakeOrder"/>
  <testcase name="test_03_verify_order_not_taken_with_invalid_end_point" time="0.679" classname="com.rest.api.putApiTakeOrder"/>
  <testcase name="test_03_verify_order_not_taken_with_invalid_end_point" time="0.733" classname="com.rest.api.putApiTakeOrder"/>
  <testcase name="test_03_verify_order_not_taken_with_invalid_end_point" time="0.783" classname="com.rest.api.putApiTakeOrder"/>
  <testcase name="test_04_verify_order_not_taken_without_placing_it" time="0.024" classname="com.rest.api.putApiTakeOrder"/>
</testsuite> <!-- all-tests -->
