<?xml version="1.0" encoding="UTF-8"?>
<!-- Generated by org.testng.reporters.JUnitXMLReporter -->
<testsuite hostname="sandeep406701" ignored="0" name="all-tests" tests="87" failures="6" timestamp="08 Jan 2019 06:34:25 GMT" time="56.744" errors="0">
  <testcase name="test_01_verify_retrieve_valid_order_with_id" time="3.134" classname="com.rest.api.getApi"/>
  <testcase name="test_02_verify_order_not_retrieved_with_invalid_order_id" time="0.791" classname="com.rest.api.getApi"/>
  <testcase name="test_02_verify_order_not_retrieved_with_invalid_order_id" time="0.67" classname="com.rest.api.getApi"/>
  <testcase name="test_02_verify_order_not_retrieved_with_invalid_order_id" time="0.694" classname="com.rest.api.getApi"/>
  <testcase name="test_02_verify_order_not_retrieved_with_invalid_order_id" time="0.691" classname="com.rest.api.getApi"/>
  <testcase name="test_02_verify_order_not_retrieved_with_invalid_order_id" time="0.907" classname="com.rest.api.getApi"/>
  <testcase name="test_02_verify_order_not_retrieved_with_invalid_order_id" time="0.618" classname="com.rest.api.getApi"/>
  <testcase name="test_03_verify_order_not_retrieved_with_invalid_end_point" time="0.614" classname="com.rest.api.getApi"/>
  <testcase name="test_03_verify_order_not_retrieved_with_invalid_end_point" time="0.775" classname="com.rest.api.getApi"/>
  <testcase name="test_03_verify_order_not_retrieved_with_invalid_end_point" time="1.428" classname="com.rest.api.getApi"/>
  <testcase name="test_03_verify_order_not_retrieved_with_invalid_end_point" time="0.719" classname="com.rest.api.getApi"/>
  <testcase name="test_03_verify_order_not_retrieved_with_invalid_end_point" time="0.563" classname="com.rest.api.getApi"/>
  <testcase name="test_03_verify_order_not_retrieved_with_invalid_end_point" time="0.581" classname="com.rest.api.getApi"/>
  <testcase name="test_03_verify_order_not_retrieved_with_invalid_end_point" time="0.599" classname="com.rest.api.getApi"/>
  <testcase name="test_01_verify_placing_an_order" time="0.588" classname="com.rest.api.postApi"/>
  <testcase name="test_02_verify_placing_an_order_at_specific_time" time="0.697" classname="com.rest.api.postApi"/>
  <testcase name="test_03_verify_order_not_placed_with_invalid_time_format" time="0.372" classname="com.rest.api.postApi"/>
  <testcase name="test_03_verify_order_not_placed_with_invalid_time_format" time="0.35" classname="com.rest.api.postApi"/>
  <testcase name="test_03_verify_order_not_placed_with_invalid_time_format" time="0.333" classname="com.rest.api.postApi"/>
  <testcase name="test_03_verify_order_not_placed_with_invalid_time_format" time="0.339" classname="com.rest.api.postApi"/>
  <testcase name="test_03_verify_order_not_placed_with_invalid_time_format" time="0.327" classname="com.rest.api.postApi"/>
  <testcase name="test_03_verify_order_not_placed_with_invalid_time_format" time="0.337" classname="com.rest.api.postApi"/>
  <testcase name="test_04_verify_order_not_placed_with_incorrect_location_of_one_stop" time="0.508" classname="com.rest.api.postApi">
    <failure type="java.lang.AssertionError" message="
Expected: is &amp;lt;400&amp;gt;
     but: was &amp;lt;503&amp;gt;">
      <![CDATA[java.lang.AssertionError: 
Expected: is <400>
     but: was <503>
at org.hamcrest.MatcherAssert.assertThat(MatcherAssert.java:20)
at org.hamcrest.MatcherAssert.assertThat(MatcherAssert.java:8)
at com.rest.api.postApi.test_04_verify_order_not_placed_with_incorrect_location_of_one_stop(postApi.java:168)
... Removed 25 stack frames]]>
    </failure>
  </testcase> <!-- test_04_verify_order_not_placed_with_incorrect_location_of_one_stop -->
  <testcase name="test_04_verify_order_not_placed_with_incorrect_location_of_one_stop" time="0.463" classname="com.rest.api.postApi">
    <failure type="java.lang.AssertionError" message="
Expected: is &amp;lt;400&amp;gt;
     but: was &amp;lt;503&amp;gt;">
      <![CDATA[java.lang.AssertionError: 
Expected: is <400>
     but: was <503>
at org.hamcrest.MatcherAssert.assertThat(MatcherAssert.java:20)
at org.hamcrest.MatcherAssert.assertThat(MatcherAssert.java:8)
at com.rest.api.postApi.test_04_verify_order_not_placed_with_incorrect_location_of_one_stop(postApi.java:168)
... Removed 25 stack frames]]>
    </failure>
  </testcase> <!-- test_04_verify_order_not_placed_with_incorrect_location_of_one_stop -->
  <testcase name="test_05_verify_order_not_placed_with_incorrect_locations_of_all_stops" time="0.226" classname="com.rest.api.postApi">
    <failure type="java.lang.AssertionError" message="
Expected: is &amp;lt;400&amp;gt;
     but: was &amp;lt;503&amp;gt;">
      <![CDATA[java.lang.AssertionError: 
Expected: is <400>
     but: was <503>
at org.hamcrest.MatcherAssert.assertThat(MatcherAssert.java:20)
at org.hamcrest.MatcherAssert.assertThat(MatcherAssert.java:8)
at com.rest.api.postApi.test_05_verify_order_not_placed_with_incorrect_locations_of_all_stops(postApi.java:201)
... Removed 25 stack frames]]>
    </failure>
  </testcase> <!-- test_05_verify_order_not_placed_with_incorrect_locations_of_all_stops -->
  <testcase name="test_05_verify_order_not_placed_with_incorrect_locations_of_all_stops" time="0.565" classname="com.rest.api.postApi">
    <failure type="java.lang.AssertionError" message="
Expected: is &amp;lt;400&amp;gt;
     but: was &amp;lt;503&amp;gt;">
      <![CDATA[java.lang.AssertionError: 
Expected: is <400>
     but: was <503>
at org.hamcrest.MatcherAssert.assertThat(MatcherAssert.java:20)
at org.hamcrest.MatcherAssert.assertThat(MatcherAssert.java:8)
at com.rest.api.postApi.test_05_verify_order_not_placed_with_incorrect_locations_of_all_stops(postApi.java:201)
... Removed 25 stack frames]]>
    </failure>
  </testcase> <!-- test_05_verify_order_not_placed_with_incorrect_locations_of_all_stops -->
  <testcase name="test_06_verify_order_not_placed_with_incorrect_end_point" time="0.369" classname="com.rest.api.postApi"/>
  <testcase name="test_06_verify_order_not_placed_with_incorrect_end_point" time="0.333" classname="com.rest.api.postApi"/>
  <testcase name="test_06_verify_order_not_placed_with_incorrect_end_point" time="0.348" classname="com.rest.api.postApi"/>
  <testcase name="test_06_verify_order_not_placed_with_incorrect_end_point" time="0.333" classname="com.rest.api.postApi"/>
  <testcase name="test_06_verify_order_not_placed_with_incorrect_end_point" time="0.347" classname="com.rest.api.postApi"/>
  <testcase name="test_06_verify_order_not_placed_with_incorrect_end_point" time="0.332" classname="com.rest.api.postApi"/>
  <testcase name="test_06_verify_order_not_placed_with_incorrect_end_point" time="0.329" classname="com.rest.api.postApi"/>
  <testcase name="test_07_verify_order_not_placed_in_past_time" time="0.339" classname="com.rest.api.postApi"/>
  <testcase name="test_08_verify_order_not_placed_with_identical_two_stops" time="0.528" classname="com.rest.api.postApi">
    <failure type="java.lang.AssertionError" message="
Expected: is &amp;lt;400&amp;gt;
     but: was &amp;lt;201&amp;gt;">
      <![CDATA[java.lang.AssertionError: 
Expected: is <400>
     but: was <201>
at org.hamcrest.MatcherAssert.assertThat(MatcherAssert.java:20)
at org.hamcrest.MatcherAssert.assertThat(MatcherAssert.java:8)
at com.rest.api.postApi.test_08_verify_order_not_placed_with_identical_two_stops(postApi.java:297)
... Removed 25 stack frames]]>
    </failure>
  </testcase> <!-- test_08_verify_order_not_placed_with_identical_two_stops -->
  <testcase name="test_01_verify_cancel_an_assigned_order_with_specific_order_id" time="0.757" classname="com.rest.api.putApiCancelOrder"/>
  <testcase name="test_02_verify_cancel_an_ongoing_order_with_specific_order_id" time="0.597" classname="com.rest.api.putApiCancelOrder"/>
  <testcase name="test_03_verify_order_not_cancelled_for_an_already_completed_order_with_specific_order_id" time="0.634" classname="com.rest.api.putApiCancelOrder"/>
  <testcase name="test_04_verify_order_not_cancelled_an_already_cancelled_order_with_specific_order_id" time="0.641" classname="com.rest.api.putApiCancelOrder">
    <failure type="java.lang.AssertionError" message="
Expected: is &amp;lt;400&amp;gt;
     but: was &amp;lt;200&amp;gt;">
      <![CDATA[java.lang.AssertionError: 
Expected: is <400>
     but: was <200>
at org.hamcrest.MatcherAssert.assertThat(MatcherAssert.java:20)
at org.hamcrest.MatcherAssert.assertThat(MatcherAssert.java:8)
at com.rest.api.putApiCancelOrder.test_04_verify_order_not_cancelled_an_already_cancelled_order_with_specific_order_id(putApiCancelOrder.java:268)
... Removed 25 stack frames]]>
    </failure>
  </testcase> <!-- test_04_verify_order_not_cancelled_an_already_cancelled_order_with_specific_order_id -->
  <testcase name="test_05_verify_order_not_cancelled_with_invalid_order_id" time="0.546" classname="com.rest.api.putApiCancelOrder"/>
  <testcase name="test_05_verify_order_not_cancelled_with_invalid_order_id" time="0.566" classname="com.rest.api.putApiCancelOrder"/>
  <testcase name="test_05_verify_order_not_cancelled_with_invalid_order_id" time="0.605" classname="com.rest.api.putApiCancelOrder"/>
  <testcase name="test_05_verify_order_not_cancelled_with_invalid_order_id" time="0.676" classname="com.rest.api.putApiCancelOrder"/>
  <testcase name="test_05_verify_order_not_cancelled_with_invalid_order_id" time="0.571" classname="com.rest.api.putApiCancelOrder"/>
  <testcase name="test_05_verify_order_not_cancelled_with_invalid_order_id" time="1.221" classname="com.rest.api.putApiCancelOrder"/>
  <testcase name="test_06_verify_order_not_cancelled_with_invalid_end_point" time="0.526" classname="com.rest.api.putApiCancelOrder"/>
  <testcase name="test_06_verify_order_not_cancelled_with_invalid_end_point" time="0.567" classname="com.rest.api.putApiCancelOrder"/>
  <testcase name="test_06_verify_order_not_cancelled_with_invalid_end_point" time="0.616" classname="com.rest.api.putApiCancelOrder"/>
  <testcase name="test_06_verify_order_not_cancelled_with_invalid_end_point" time="0.565" classname="com.rest.api.putApiCancelOrder"/>
  <testcase name="test_06_verify_order_not_cancelled_with_invalid_end_point" time="0.577" classname="com.rest.api.putApiCancelOrder"/>
  <testcase name="test_06_verify_order_not_cancelled_with_invalid_end_point" time="0.623" classname="com.rest.api.putApiCancelOrder"/>
  <testcase name="test_06_verify_order_not_cancelled_with_invalid_end_point" time="0.572" classname="com.rest.api.putApiCancelOrder"/>
  <testcase name="test_06_verify_order_not_cancelled_with_invalid_end_point" time="0.571" classname="com.rest.api.putApiCancelOrder"/>
  <testcase name="test_07_verify_order_not_cancelled_without_placing_it" time="0.017" classname="com.rest.api.putApiCancelOrder"/>
  <testcase name="test_01_verify_complete_an_ongoing_order_with_specific_order_id" time="0.624" classname="com.rest.api.putApiCompleteOrder"/>
  <testcase name="test_02_verify_order_not_completed_with_invalid_order_id" time="0.694" classname="com.rest.api.putApiCompleteOrder"/>
  <testcase name="test_02_verify_order_not_completed_with_invalid_order_id" time="0.583" classname="com.rest.api.putApiCompleteOrder"/>
  <testcase name="test_02_verify_order_not_completed_with_invalid_order_id" time="0.622" classname="com.rest.api.putApiCompleteOrder"/>
  <testcase name="test_02_verify_order_not_completed_with_invalid_order_id" time="0.66" classname="com.rest.api.putApiCompleteOrder"/>
  <testcase name="test_02_verify_order_not_completed_with_invalid_order_id" time="0.692" classname="com.rest.api.putApiCompleteOrder"/>
  <testcase name="test_02_verify_order_not_completed_with_invalid_order_id" time="0.694" classname="com.rest.api.putApiCompleteOrder"/>
  <testcase name="test_03_verify_order_not_completed_with_invalid_end_point" time="0.688" classname="com.rest.api.putApiCompleteOrder"/>
  <testcase name="test_03_verify_order_not_completed_with_invalid_end_point" time="0.671" classname="com.rest.api.putApiCompleteOrder"/>
  <testcase name="test_03_verify_order_not_completed_with_invalid_end_point" time="3.681" classname="com.rest.api.putApiCompleteOrder"/>
  <testcase name="test_03_verify_order_not_completed_with_invalid_end_point" time="0.605" classname="com.rest.api.putApiCompleteOrder"/>
  <testcase name="test_03_verify_order_not_completed_with_invalid_end_point" time="1.457" classname="com.rest.api.putApiCompleteOrder"/>
  <testcase name="test_03_verify_order_not_completed_with_invalid_end_point" time="0.695" classname="com.rest.api.putApiCompleteOrder"/>
  <testcase name="test_03_verify_order_not_completed_with_invalid_end_point" time="0.71" classname="com.rest.api.putApiCompleteOrder"/>
  <testcase name="test_03_verify_order_not_completed_with_invalid_end_point" time="0.702" classname="com.rest.api.putApiCompleteOrder"/>
  <testcase name="test_04_verify_order_not_completed_without_placing_it" time="0.029" classname="com.rest.api.putApiCompleteOrder"/>
  <testcase name="test_05_verify_order_not_completed_for_an_already_completed_order_with_specific_order_id" time="0.694" classname="com.rest.api.putApiCompleteOrder"/>
  <testcase name="test_01_verify_take_order_with_specific_order_id" time="0.615" classname="com.rest.api.putApiTakeOrder"/>
  <testcase name="test_02_verify_order_not_taken_with_invalid_order_id" time="0.711" classname="com.rest.api.putApiTakeOrder"/>
  <testcase name="test_02_verify_order_not_taken_with_invalid_order_id" time="0.58" classname="com.rest.api.putApiTakeOrder"/>
  <testcase name="test_02_verify_order_not_taken_with_invalid_order_id" time="0.601" classname="com.rest.api.putApiTakeOrder"/>
  <testcase name="test_02_verify_order_not_taken_with_invalid_order_id" time="0.659" classname="com.rest.api.putApiTakeOrder"/>
  <testcase name="test_02_verify_order_not_taken_with_invalid_order_id" time="0.592" classname="com.rest.api.putApiTakeOrder"/>
  <testcase name="test_02_verify_order_not_taken_with_invalid_order_id" time="0.546" classname="com.rest.api.putApiTakeOrder"/>
  <testcase name="test_03_verify_order_not_taken_with_invalid_end_point" time="0.6" classname="com.rest.api.putApiTakeOrder"/>
  <testcase name="test_03_verify_order_not_taken_with_invalid_end_point" time="0.593" classname="com.rest.api.putApiTakeOrder"/>
  <testcase name="test_03_verify_order_not_taken_with_invalid_end_point" time="0.559" classname="com.rest.api.putApiTakeOrder"/>
  <testcase name="test_03_verify_order_not_taken_with_invalid_end_point" time="0.668" classname="com.rest.api.putApiTakeOrder"/>
  <testcase name="test_03_verify_order_not_taken_with_invalid_end_point" time="0.578" classname="com.rest.api.putApiTakeOrder"/>
  <testcase name="test_03_verify_order_not_taken_with_invalid_end_point" time="0.871" classname="com.rest.api.putApiTakeOrder"/>
  <testcase name="test_03_verify_order_not_taken_with_invalid_end_point" time="0.641" classname="com.rest.api.putApiTakeOrder"/>
  <testcase name="test_03_verify_order_not_taken_with_invalid_end_point" time="0.676" classname="com.rest.api.putApiTakeOrder"/>
  <testcase name="test_04_verify_order_not_taken_without_placing_it" time="0.02" classname="com.rest.api.putApiTakeOrder"/>
</testsuite> <!-- all-tests -->
