<?xml version="1.0" encoding="UTF-8"?>
<testng-results skipped="0" failed="6" ignored="0" total="87" passed="81">
  <reporter-output>
  </reporter-output>
  <suite name="Suite1" duration-ms="70711" started-at="2019-01-08T11:28:10Z" finished-at="2019-01-08T11:29:20Z">
    <groups>
    </groups>
    <test name="all-tests" duration-ms="70711" started-at="2019-01-08T11:28:10Z" finished-at="2019-01-08T11:29:20Z">
      <class name="com.rest.api.postApi">
        <test-method status="PASS" signature="test_01_verify_placing_an_order()[pri:0, instance:com.rest.api.postApi@6536e911]" name="test_01_verify_placing_an_order" duration-ms="1882" started-at="2019-01-08T11:28:23Z" finished-at="2019-01-08T11:28:24Z">
          <reporter-output>
          </reporter-output>
        </test-method> <!-- test_01_verify_placing_an_order -->
        <test-method status="PASS" signature="test_02_verify_placing_an_order_at_specific_time()[pri:0, instance:com.rest.api.postApi@6536e911]" name="test_02_verify_placing_an_order_at_specific_time" duration-ms="685" started-at="2019-01-08T11:28:24Z" finished-at="2019-01-08T11:28:25Z">
          <reporter-output>
          </reporter-output>
        </test-method> <!-- test_02_verify_placing_an_order_at_specific_time -->
        <test-method status="PASS" signature="test_03_verify_order_not_placed_with_invalid_time_format(java.lang.String)[pri:0, instance:com.rest.api.postApi@6536e911]" name="test_03_verify_order_not_placed_with_invalid_time_format" duration-ms="381" started-at="2019-01-08T11:28:25Z" data-provider="invalidTimeFormats" finished-at="2019-01-08T11:28:26Z">
          <params>
            <param index="0">
              <value>
                <![CDATA[1234567890]]>
              </value>
            </param>
          </params>
          <reporter-output>
          </reporter-output>
        </test-method> <!-- test_03_verify_order_not_placed_with_invalid_time_format -->
        <test-method status="PASS" signature="test_03_verify_order_not_placed_with_invalid_time_format(java.lang.String)[pri:0, instance:com.rest.api.postApi@6536e911]" name="test_03_verify_order_not_placed_with_invalid_time_format" duration-ms="338" started-at="2019-01-08T11:28:26Z" data-provider="invalidTimeFormats" finished-at="2019-01-08T11:28:26Z">
          <params>
            <param index="0">
              <value>
                <![CDATA[SampleString]]>
              </value>
            </param>
          </params>
          <reporter-output>
          </reporter-output>
        </test-method> <!-- test_03_verify_order_not_placed_with_invalid_time_format -->
        <test-method status="PASS" signature="test_03_verify_order_not_placed_with_invalid_time_format(java.lang.String)[pri:0, instance:com.rest.api.postApi@6536e911]" name="test_03_verify_order_not_placed_with_invalid_time_format" duration-ms="349" started-at="2019-01-08T11:28:26Z" data-provider="invalidTimeFormats" finished-at="2019-01-08T11:28:26Z">
          <params>
            <param index="0">
              <value>
                <![CDATA[!@#$%^&*()]]>
              </value>
            </param>
          </params>
          <reporter-output>
          </reporter-output>
        </test-method> <!-- test_03_verify_order_not_placed_with_invalid_time_format -->
        <test-method status="PASS" signature="test_03_verify_order_not_placed_with_invalid_time_format(java.lang.String)[pri:0, instance:com.rest.api.postApi@6536e911]" name="test_03_verify_order_not_placed_with_invalid_time_format" duration-ms="357" started-at="2019-01-08T11:28:26Z" data-provider="invalidTimeFormats" finished-at="2019-01-08T11:28:27Z">
          <params>
            <param index="0">
              <value>
                <![CDATA[10-09-1984]]>
              </value>
            </param>
          </params>
          <reporter-output>
          </reporter-output>
        </test-method> <!-- test_03_verify_order_not_placed_with_invalid_time_format -->
        <test-method status="PASS" signature="test_03_verify_order_not_placed_with_invalid_time_format(java.lang.String)[pri:0, instance:com.rest.api.postApi@6536e911]" name="test_03_verify_order_not_placed_with_invalid_time_format" duration-ms="343" started-at="2019-01-08T11:28:27Z" data-provider="invalidTimeFormats" finished-at="2019-01-08T11:28:27Z">
          <params>
            <param index="0">
              <value>
                <![CDATA[12.34]]>
              </value>
            </param>
          </params>
          <reporter-output>
          </reporter-output>
        </test-method> <!-- test_03_verify_order_not_placed_with_invalid_time_format -->
        <test-method status="PASS" signature="test_03_verify_order_not_placed_with_invalid_time_format(java.lang.String)[pri:0, instance:com.rest.api.postApi@6536e911]" name="test_03_verify_order_not_placed_with_invalid_time_format" duration-ms="364" started-at="2019-01-08T11:28:27Z" data-provider="invalidTimeFormats" finished-at="2019-01-08T11:28:27Z">
          <params>
            <param index="0">
              <value>
                <![CDATA[Select * from orders;]]>
              </value>
            </param>
          </params>
          <reporter-output>
          </reporter-output>
        </test-method> <!-- test_03_verify_order_not_placed_with_invalid_time_format -->
        <test-method status="FAIL" signature="test_04_verify_order_not_placed_with_incorrect_location_of_one_stop(java.lang.String)[pri:0, instance:com.rest.api.postApi@6536e911]" name="test_04_verify_order_not_placed_with_incorrect_location_of_one_stop" duration-ms="550" started-at="2019-01-08T11:28:27Z" data-provider="invalidLattitude" finished-at="2019-01-08T11:28:28Z">
          <params>
            <param index="0">
              <value>
                <![CDATA[1234567890]]>
              </value>
            </param>
          </params>
          <exception class="java.lang.AssertionError">
            <message>
              <![CDATA[
Expected: is <400>
     but: was <503>]]>
            </message>
            <full-stacktrace>
              <![CDATA[java.lang.AssertionError: 
Expected: is <400>
     but: was <503>
at org.hamcrest.MatcherAssert.assertThat(MatcherAssert.java:20)
at org.hamcrest.MatcherAssert.assertThat(MatcherAssert.java:8)
at com.rest.api.postApi.test_04_verify_order_not_placed_with_incorrect_location_of_one_stop(postApi.java:168)
at sun.reflect.NativeMethodAccessorImpl.invoke0(Native Method)
at sun.reflect.NativeMethodAccessorImpl.invoke(Unknown Source)
at sun.reflect.DelegatingMethodAccessorImpl.invoke(Unknown Source)
at java.lang.reflect.Method.invoke(Unknown Source)
at org.testng.internal.MethodInvocationHelper.invokeMethod(MethodInvocationHelper.java:124)
at org.testng.internal.Invoker.invokeMethod(Invoker.java:580)
at org.testng.internal.Invoker.invokeTestMethod(Invoker.java:716)
at org.testng.internal.Invoker.invokeTestMethods(Invoker.java:988)
at org.testng.internal.TestMethodWorker.invokeTestMethods(TestMethodWorker.java:125)
at org.testng.internal.TestMethodWorker.run(TestMethodWorker.java:109)
at org.testng.TestRunner.privateRun(TestRunner.java:648)
at org.testng.TestRunner.run(TestRunner.java:505)
at org.testng.SuiteRunner.runTest(SuiteRunner.java:455)
at org.testng.SuiteRunner.runSequentially(SuiteRunner.java:450)
at org.testng.SuiteRunner.privateRun(SuiteRunner.java:415)
at org.testng.SuiteRunner.run(SuiteRunner.java:364)
at org.testng.SuiteRunnerWorker.runSuite(SuiteRunnerWorker.java:52)
at org.testng.SuiteRunnerWorker.run(SuiteRunnerWorker.java:84)
at org.testng.TestNG.runSuitesSequentially(TestNG.java:1208)
at org.testng.TestNG.runSuitesLocally(TestNG.java:1137)
at org.testng.TestNG.runSuites(TestNG.java:1049)
at org.testng.TestNG.run(TestNG.java:1017)
at org.testng.remote.AbstractRemoteTestNG.run(AbstractRemoteTestNG.java:114)
at org.testng.remote.RemoteTestNG.initAndRun(RemoteTestNG.java:251)
at org.testng.remote.RemoteTestNG.main(RemoteTestNG.java:77)
]]>
            </full-stacktrace>
          </exception> <!-- java.lang.AssertionError -->
          <reporter-output>
          </reporter-output>
        </test-method> <!-- test_04_verify_order_not_placed_with_incorrect_location_of_one_stop -->
        <test-method status="FAIL" signature="test_04_verify_order_not_placed_with_incorrect_location_of_one_stop(java.lang.String)[pri:0, instance:com.rest.api.postApi@6536e911]" name="test_04_verify_order_not_placed_with_incorrect_location_of_one_stop" duration-ms="572" started-at="2019-01-08T11:28:28Z" data-provider="invalidLattitude" finished-at="2019-01-08T11:28:28Z">
          <params>
            <param index="0">
              <value>
                <![CDATA[.000000000034]]>
              </value>
            </param>
          </params>
          <exception class="java.lang.AssertionError">
            <message>
              <![CDATA[
Expected: is <400>
     but: was <503>]]>
            </message>
            <full-stacktrace>
              <![CDATA[java.lang.AssertionError: 
Expected: is <400>
     but: was <503>
at org.hamcrest.MatcherAssert.assertThat(MatcherAssert.java:20)
at org.hamcrest.MatcherAssert.assertThat(MatcherAssert.java:8)
at com.rest.api.postApi.test_04_verify_order_not_placed_with_incorrect_location_of_one_stop(postApi.java:168)
at sun.reflect.NativeMethodAccessorImpl.invoke0(Native Method)
at sun.reflect.NativeMethodAccessorImpl.invoke(Unknown Source)
at sun.reflect.DelegatingMethodAccessorImpl.invoke(Unknown Source)
at java.lang.reflect.Method.invoke(Unknown Source)
at org.testng.internal.MethodInvocationHelper.invokeMethod(MethodInvocationHelper.java:124)
at org.testng.internal.Invoker.invokeMethod(Invoker.java:580)
at org.testng.internal.Invoker.invokeTestMethod(Invoker.java:716)
at org.testng.internal.Invoker.invokeTestMethods(Invoker.java:988)
at org.testng.internal.TestMethodWorker.invokeTestMethods(TestMethodWorker.java:125)
at org.testng.internal.TestMethodWorker.run(TestMethodWorker.java:109)
at org.testng.TestRunner.privateRun(TestRunner.java:648)
at org.testng.TestRunner.run(TestRunner.java:505)
at org.testng.SuiteRunner.runTest(SuiteRunner.java:455)
at org.testng.SuiteRunner.runSequentially(SuiteRunner.java:450)
at org.testng.SuiteRunner.privateRun(SuiteRunner.java:415)
at org.testng.SuiteRunner.run(SuiteRunner.java:364)
at org.testng.SuiteRunnerWorker.runSuite(SuiteRunnerWorker.java:52)
at org.testng.SuiteRunnerWorker.run(SuiteRunnerWorker.java:84)
at org.testng.TestNG.runSuitesSequentially(TestNG.java:1208)
at org.testng.TestNG.runSuitesLocally(TestNG.java:1137)
at org.testng.TestNG.runSuites(TestNG.java:1049)
at org.testng.TestNG.run(TestNG.java:1017)
at org.testng.remote.AbstractRemoteTestNG.run(AbstractRemoteTestNG.java:114)
at org.testng.remote.RemoteTestNG.initAndRun(RemoteTestNG.java:251)
at org.testng.remote.RemoteTestNG.main(RemoteTestNG.java:77)
]]>
            </full-stacktrace>
          </exception> <!-- java.lang.AssertionError -->
          <reporter-output>
          </reporter-output>
        </test-method> <!-- test_04_verify_order_not_placed_with_incorrect_location_of_one_stop -->
        <test-method status="FAIL" signature="test_05_verify_order_not_placed_with_incorrect_locations_of_all_stops(java.lang.String)[pri:0, instance:com.rest.api.postApi@6536e911]" name="test_05_verify_order_not_placed_with_incorrect_locations_of_all_stops" duration-ms="342" started-at="2019-01-08T11:28:28Z" data-provider="invalidLattitude" finished-at="2019-01-08T11:28:29Z">
          <params>
            <param index="0">
              <value>
                <![CDATA[1234567890]]>
              </value>
            </param>
          </params>
          <exception class="java.lang.AssertionError">
            <message>
              <![CDATA[
Expected: is <400>
     but: was <503>]]>
            </message>
            <full-stacktrace>
              <![CDATA[java.lang.AssertionError: 
Expected: is <400>
     but: was <503>
at org.hamcrest.MatcherAssert.assertThat(MatcherAssert.java:20)
at org.hamcrest.MatcherAssert.assertThat(MatcherAssert.java:8)
at com.rest.api.postApi.test_05_verify_order_not_placed_with_incorrect_locations_of_all_stops(postApi.java:201)
at sun.reflect.NativeMethodAccessorImpl.invoke0(Native Method)
at sun.reflect.NativeMethodAccessorImpl.invoke(Unknown Source)
at sun.reflect.DelegatingMethodAccessorImpl.invoke(Unknown Source)
at java.lang.reflect.Method.invoke(Unknown Source)
at org.testng.internal.MethodInvocationHelper.invokeMethod(MethodInvocationHelper.java:124)
at org.testng.internal.Invoker.invokeMethod(Invoker.java:580)
at org.testng.internal.Invoker.invokeTestMethod(Invoker.java:716)
at org.testng.internal.Invoker.invokeTestMethods(Invoker.java:988)
at org.testng.internal.TestMethodWorker.invokeTestMethods(TestMethodWorker.java:125)
at org.testng.internal.TestMethodWorker.run(TestMethodWorker.java:109)
at org.testng.TestRunner.privateRun(TestRunner.java:648)
at org.testng.TestRunner.run(TestRunner.java:505)
at org.testng.SuiteRunner.runTest(SuiteRunner.java:455)
at org.testng.SuiteRunner.runSequentially(SuiteRunner.java:450)
at org.testng.SuiteRunner.privateRun(SuiteRunner.java:415)
at org.testng.SuiteRunner.run(SuiteRunner.java:364)
at org.testng.SuiteRunnerWorker.runSuite(SuiteRunnerWorker.java:52)
at org.testng.SuiteRunnerWorker.run(SuiteRunnerWorker.java:84)
at org.testng.TestNG.runSuitesSequentially(TestNG.java:1208)
at org.testng.TestNG.runSuitesLocally(TestNG.java:1137)
at org.testng.TestNG.runSuites(TestNG.java:1049)
at org.testng.TestNG.run(TestNG.java:1017)
at org.testng.remote.AbstractRemoteTestNG.run(AbstractRemoteTestNG.java:114)
at org.testng.remote.RemoteTestNG.initAndRun(RemoteTestNG.java:251)
at org.testng.remote.RemoteTestNG.main(RemoteTestNG.java:77)
]]>
            </full-stacktrace>
          </exception> <!-- java.lang.AssertionError -->
          <reporter-output>
          </reporter-output>
        </test-method> <!-- test_05_verify_order_not_placed_with_incorrect_locations_of_all_stops -->
        <test-method status="FAIL" signature="test_05_verify_order_not_placed_with_incorrect_locations_of_all_stops(java.lang.String)[pri:0, instance:com.rest.api.postApi@6536e911]" name="test_05_verify_order_not_placed_with_incorrect_locations_of_all_stops" duration-ms="352" started-at="2019-01-08T11:28:29Z" data-provider="invalidLattitude" finished-at="2019-01-08T11:28:29Z">
          <params>
            <param index="0">
              <value>
                <![CDATA[.000000000034]]>
              </value>
            </param>
          </params>
          <exception class="java.lang.AssertionError">
            <message>
              <![CDATA[
Expected: is <400>
     but: was <503>]]>
            </message>
            <full-stacktrace>
              <![CDATA[java.lang.AssertionError: 
Expected: is <400>
     but: was <503>
at org.hamcrest.MatcherAssert.assertThat(MatcherAssert.java:20)
at org.hamcrest.MatcherAssert.assertThat(MatcherAssert.java:8)
at com.rest.api.postApi.test_05_verify_order_not_placed_with_incorrect_locations_of_all_stops(postApi.java:201)
at sun.reflect.NativeMethodAccessorImpl.invoke0(Native Method)
at sun.reflect.NativeMethodAccessorImpl.invoke(Unknown Source)
at sun.reflect.DelegatingMethodAccessorImpl.invoke(Unknown Source)
at java.lang.reflect.Method.invoke(Unknown Source)
at org.testng.internal.MethodInvocationHelper.invokeMethod(MethodInvocationHelper.java:124)
at org.testng.internal.Invoker.invokeMethod(Invoker.java:580)
at org.testng.internal.Invoker.invokeTestMethod(Invoker.java:716)
at org.testng.internal.Invoker.invokeTestMethods(Invoker.java:988)
at org.testng.internal.TestMethodWorker.invokeTestMethods(TestMethodWorker.java:125)
at org.testng.internal.TestMethodWorker.run(TestMethodWorker.java:109)
at org.testng.TestRunner.privateRun(TestRunner.java:648)
at org.testng.TestRunner.run(TestRunner.java:505)
at org.testng.SuiteRunner.runTest(SuiteRunner.java:455)
at org.testng.SuiteRunner.runSequentially(SuiteRunner.java:450)
at org.testng.SuiteRunner.privateRun(SuiteRunner.java:415)
at org.testng.SuiteRunner.run(SuiteRunner.java:364)
at org.testng.SuiteRunnerWorker.runSuite(SuiteRunnerWorker.java:52)
at org.testng.SuiteRunnerWorker.run(SuiteRunnerWorker.java:84)
at org.testng.TestNG.runSuitesSequentially(TestNG.java:1208)
at org.testng.TestNG.runSuitesLocally(TestNG.java:1137)
at org.testng.TestNG.runSuites(TestNG.java:1049)
at org.testng.TestNG.run(TestNG.java:1017)
at org.testng.remote.AbstractRemoteTestNG.run(AbstractRemoteTestNG.java:114)
at org.testng.remote.RemoteTestNG.initAndRun(RemoteTestNG.java:251)
at org.testng.remote.RemoteTestNG.main(RemoteTestNG.java:77)
]]>
            </full-stacktrace>
          </exception> <!-- java.lang.AssertionError -->
          <reporter-output>
          </reporter-output>
        </test-method> <!-- test_05_verify_order_not_placed_with_incorrect_locations_of_all_stops -->
        <test-method status="PASS" signature="test_06_verify_order_not_placed_with_incorrect_end_point(java.lang.String)[pri:0, instance:com.rest.api.postApi@6536e911]" name="test_06_verify_order_not_placed_with_incorrect_end_point" duration-ms="348" started-at="2019-01-08T11:28:29Z" data-provider="invalidEndPoint" finished-at="2019-01-08T11:28:29Z">
          <params>
            <param index="0">
              <value>
                <![CDATA[v1/order]]>
              </value>
            </param>
          </params>
          <reporter-output>
          </reporter-output>
        </test-method> <!-- test_06_verify_order_not_placed_with_incorrect_end_point -->
        <test-method status="PASS" signature="test_06_verify_order_not_placed_with_incorrect_end_point(java.lang.String)[pri:0, instance:com.rest.api.postApi@6536e911]" name="test_06_verify_order_not_placed_with_incorrect_end_point" duration-ms="340" started-at="2019-01-08T11:28:29Z" data-provider="invalidEndPoint" finished-at="2019-01-08T11:28:30Z">
          <params>
            <param index="0">
              <value>
                <![CDATA[.000000000034/orders]]>
              </value>
            </param>
          </params>
          <reporter-output>
          </reporter-output>
        </test-method> <!-- test_06_verify_order_not_placed_with_incorrect_end_point -->
        <test-method status="PASS" signature="test_06_verify_order_not_placed_with_incorrect_end_point(java.lang.String)[pri:0, instance:com.rest.api.postApi@6536e911]" name="test_06_verify_order_not_placed_with_incorrect_end_point" duration-ms="349" started-at="2019-01-08T11:28:30Z" data-provider="invalidEndPoint" finished-at="2019-01-08T11:28:30Z">
          <params>
            <param index="0">
              <value>
                <![CDATA[1234567890/orders]]>
              </value>
            </param>
          </params>
          <reporter-output>
          </reporter-output>
        </test-method> <!-- test_06_verify_order_not_placed_with_incorrect_end_point -->
        <test-method status="PASS" signature="test_06_verify_order_not_placed_with_incorrect_end_point(java.lang.String)[pri:0, instance:com.rest.api.postApi@6536e911]" name="test_06_verify_order_not_placed_with_incorrect_end_point" duration-ms="343" started-at="2019-01-08T11:28:30Z" data-provider="invalidEndPoint" finished-at="2019-01-08T11:28:31Z">
          <params>
            <param index="0">
              <value>
                <![CDATA[String/orders]]>
              </value>
            </param>
          </params>
          <reporter-output>
          </reporter-output>
        </test-method> <!-- test_06_verify_order_not_placed_with_incorrect_end_point -->
        <test-method status="PASS" signature="test_06_verify_order_not_placed_with_incorrect_end_point(java.lang.String)[pri:0, instance:com.rest.api.postApi@6536e911]" name="test_06_verify_order_not_placed_with_incorrect_end_point" duration-ms="352" started-at="2019-01-08T11:28:31Z" data-provider="invalidEndPoint" finished-at="2019-01-08T11:28:31Z">
          <params>
            <param index="0">
              <value>
                <![CDATA[!@#$%^&*()/orders]]>
              </value>
            </param>
          </params>
          <reporter-output>
          </reporter-output>
        </test-method> <!-- test_06_verify_order_not_placed_with_incorrect_end_point -->
        <test-method status="PASS" signature="test_06_verify_order_not_placed_with_incorrect_end_point(java.lang.String)[pri:0, instance:com.rest.api.postApi@6536e911]" name="test_06_verify_order_not_placed_with_incorrect_end_point" duration-ms="373" started-at="2019-01-08T11:28:31Z" data-provider="invalidEndPoint" finished-at="2019-01-08T11:28:31Z">
          <params>
            <param index="0">
              <value>
                <![CDATA[select* from orders/orders]]>
              </value>
            </param>
          </params>
          <reporter-output>
          </reporter-output>
        </test-method> <!-- test_06_verify_order_not_placed_with_incorrect_end_point -->
        <test-method status="PASS" signature="test_06_verify_order_not_placed_with_incorrect_end_point(java.lang.String)[pri:0, instance:com.rest.api.postApi@6536e911]" name="test_06_verify_order_not_placed_with_incorrect_end_point" duration-ms="354" started-at="2019-01-08T11:28:31Z" data-provider="invalidEndPoint" finished-at="2019-01-08T11:28:32Z">
          <params>
            <param index="0">
              <value>
                <![CDATA[1234.9089/orders]]>
              </value>
            </param>
          </params>
          <reporter-output>
          </reporter-output>
        </test-method> <!-- test_06_verify_order_not_placed_with_incorrect_end_point -->
        <test-method status="PASS" signature="test_07_verify_order_not_placed_in_past_time()[pri:0, instance:com.rest.api.postApi@6536e911]" name="test_07_verify_order_not_placed_in_past_time" duration-ms="362" started-at="2019-01-08T11:28:32Z" finished-at="2019-01-08T11:28:32Z">
          <reporter-output>
          </reporter-output>
        </test-method> <!-- test_07_verify_order_not_placed_in_past_time -->
        <test-method status="FAIL" signature="test_08_verify_order_not_placed_with_identical_two_stops()[pri:0, instance:com.rest.api.postApi@6536e911]" name="test_08_verify_order_not_placed_with_identical_two_stops" duration-ms="1222" started-at="2019-01-08T11:28:32Z" finished-at="2019-01-08T11:28:33Z">
          <exception class="java.lang.AssertionError">
            <message>
              <![CDATA[
Expected: is <400>
     but: was <201>]]>
            </message>
            <full-stacktrace>
              <![CDATA[java.lang.AssertionError: 
Expected: is <400>
     but: was <201>
at org.hamcrest.MatcherAssert.assertThat(MatcherAssert.java:20)
at org.hamcrest.MatcherAssert.assertThat(MatcherAssert.java:8)
at com.rest.api.postApi.test_08_verify_order_not_placed_with_identical_two_stops(postApi.java:297)
at sun.reflect.NativeMethodAccessorImpl.invoke0(Native Method)
at sun.reflect.NativeMethodAccessorImpl.invoke(Unknown Source)
at sun.reflect.DelegatingMethodAccessorImpl.invoke(Unknown Source)
at java.lang.reflect.Method.invoke(Unknown Source)
at org.testng.internal.MethodInvocationHelper.invokeMethod(MethodInvocationHelper.java:124)
at org.testng.internal.Invoker.invokeMethod(Invoker.java:580)
at org.testng.internal.Invoker.invokeTestMethod(Invoker.java:716)
at org.testng.internal.Invoker.invokeTestMethods(Invoker.java:988)
at org.testng.internal.TestMethodWorker.invokeTestMethods(TestMethodWorker.java:125)
at org.testng.internal.TestMethodWorker.run(TestMethodWorker.java:109)
at org.testng.TestRunner.privateRun(TestRunner.java:648)
at org.testng.TestRunner.run(TestRunner.java:505)
at org.testng.SuiteRunner.runTest(SuiteRunner.java:455)
at org.testng.SuiteRunner.runSequentially(SuiteRunner.java:450)
at org.testng.SuiteRunner.privateRun(SuiteRunner.java:415)
at org.testng.SuiteRunner.run(SuiteRunner.java:364)
at org.testng.SuiteRunnerWorker.runSuite(SuiteRunnerWorker.java:52)
at org.testng.SuiteRunnerWorker.run(SuiteRunnerWorker.java:84)
at org.testng.TestNG.runSuitesSequentially(TestNG.java:1208)
at org.testng.TestNG.runSuitesLocally(TestNG.java:1137)
at org.testng.TestNG.runSuites(TestNG.java:1049)
at org.testng.TestNG.run(TestNG.java:1017)
at org.testng.remote.AbstractRemoteTestNG.run(AbstractRemoteTestNG.java:114)
at org.testng.remote.RemoteTestNG.initAndRun(RemoteTestNG.java:251)
at org.testng.remote.RemoteTestNG.main(RemoteTestNG.java:77)
]]>
            </full-stacktrace>
          </exception> <!-- java.lang.AssertionError -->
          <reporter-output>
          </reporter-output>
        </test-method> <!-- test_08_verify_order_not_placed_with_identical_two_stops -->
      </class> <!-- com.rest.api.postApi -->
      <class name="com.rest.api.putApiTakeOrder">
        <test-method status="PASS" signature="test_01_verify_take_order_with_specific_order_id()[pri:0, instance:com.rest.api.putApiTakeOrder@3e9b1010]" name="test_01_verify_take_order_with_specific_order_id" duration-ms="658" started-at="2019-01-08T11:29:04Z" finished-at="2019-01-08T11:29:05Z">
          <reporter-output>
          </reporter-output>
        </test-method> <!-- test_01_verify_take_order_with_specific_order_id -->
        <test-method status="PASS" signature="test_02_verify_order_not_taken_with_invalid_order_id(java.lang.String)[pri:0, instance:com.rest.api.putApiTakeOrder@3e9b1010]" name="test_02_verify_order_not_taken_with_invalid_order_id" duration-ms="698" started-at="2019-01-08T11:29:05Z" data-provider="invalidIds" finished-at="2019-01-08T11:29:05Z">
          <params>
            <param index="0">
              <value>
                <![CDATA[1234567890]]>
              </value>
            </param>
          </params>
          <reporter-output>
          </reporter-output>
        </test-method> <!-- test_02_verify_order_not_taken_with_invalid_order_id -->
        <test-method status="PASS" signature="test_02_verify_order_not_taken_with_invalid_order_id(java.lang.String)[pri:0, instance:com.rest.api.putApiTakeOrder@3e9b1010]" name="test_02_verify_order_not_taken_with_invalid_order_id" duration-ms="684" started-at="2019-01-08T11:29:05Z" data-provider="invalidIds" finished-at="2019-01-08T11:29:06Z">
          <params>
            <param index="0">
              <value>
                <![CDATA[SampleString]]>
              </value>
            </param>
          </params>
          <reporter-output>
          </reporter-output>
        </test-method> <!-- test_02_verify_order_not_taken_with_invalid_order_id -->
        <test-method status="PASS" signature="test_02_verify_order_not_taken_with_invalid_order_id(java.lang.String)[pri:0, instance:com.rest.api.putApiTakeOrder@3e9b1010]" name="test_02_verify_order_not_taken_with_invalid_order_id" duration-ms="679" started-at="2019-01-08T11:29:06Z" data-provider="invalidIds" finished-at="2019-01-08T11:29:07Z">
          <params>
            <param index="0">
              <value>
                <![CDATA[!@#$%^&*()]]>
              </value>
            </param>
          </params>
          <reporter-output>
          </reporter-output>
        </test-method> <!-- test_02_verify_order_not_taken_with_invalid_order_id -->
        <test-method status="PASS" signature="test_02_verify_order_not_taken_with_invalid_order_id(java.lang.String)[pri:0, instance:com.rest.api.putApiTakeOrder@3e9b1010]" name="test_02_verify_order_not_taken_with_invalid_order_id" duration-ms="617" started-at="2019-01-08T11:29:07Z" data-provider="invalidIds" finished-at="2019-01-08T11:29:07Z">
          <params>
            <param index="0">
              <value>
                <![CDATA[10-09-1984]]>
              </value>
            </param>
          </params>
          <reporter-output>
          </reporter-output>
        </test-method> <!-- test_02_verify_order_not_taken_with_invalid_order_id -->
        <test-method status="PASS" signature="test_02_verify_order_not_taken_with_invalid_order_id(java.lang.String)[pri:0, instance:com.rest.api.putApiTakeOrder@3e9b1010]" name="test_02_verify_order_not_taken_with_invalid_order_id" duration-ms="3684" started-at="2019-01-08T11:29:07Z" data-provider="invalidIds" finished-at="2019-01-08T11:29:11Z">
          <params>
            <param index="0">
              <value>
                <![CDATA[12.34]]>
              </value>
            </param>
          </params>
          <reporter-output>
          </reporter-output>
        </test-method> <!-- test_02_verify_order_not_taken_with_invalid_order_id -->
        <test-method status="PASS" signature="test_02_verify_order_not_taken_with_invalid_order_id(java.lang.String)[pri:0, instance:com.rest.api.putApiTakeOrder@3e9b1010]" name="test_02_verify_order_not_taken_with_invalid_order_id" duration-ms="3742" started-at="2019-01-08T11:29:11Z" data-provider="invalidIds" finished-at="2019-01-08T11:29:15Z">
          <params>
            <param index="0">
              <value>
                <![CDATA[Select * from orders;]]>
              </value>
            </param>
          </params>
          <reporter-output>
          </reporter-output>
        </test-method> <!-- test_02_verify_order_not_taken_with_invalid_order_id -->
        <test-method status="PASS" signature="test_03_verify_order_not_taken_with_invalid_end_point(java.lang.String)[pri:0, instance:com.rest.api.putApiTakeOrder@3e9b1010]" name="test_03_verify_order_not_taken_with_invalid_end_point" duration-ms="604" started-at="2019-01-08T11:29:15Z" data-provider="invalidTakeEndPoint" finished-at="2019-01-08T11:29:15Z">
          <params>
            <param index="0">
              <value>
                <![CDATA[v1/order/1/take]]>
              </value>
            </param>
          </params>
          <reporter-output>
          </reporter-output>
        </test-method> <!-- test_03_verify_order_not_taken_with_invalid_end_point -->
        <test-method status="PASS" signature="test_03_verify_order_not_taken_with_invalid_end_point(java.lang.String)[pri:0, instance:com.rest.api.putApiTakeOrder@3e9b1010]" name="test_03_verify_order_not_taken_with_invalid_end_point" duration-ms="683" started-at="2019-01-08T11:29:15Z" data-provider="invalidTakeEndPoint" finished-at="2019-01-08T11:29:16Z">
          <params>
            <param index="0">
              <value>
                <![CDATA[.000000000034/orders/1/take]]>
              </value>
            </param>
          </params>
          <reporter-output>
          </reporter-output>
        </test-method> <!-- test_03_verify_order_not_taken_with_invalid_end_point -->
        <test-method status="PASS" signature="test_03_verify_order_not_taken_with_invalid_end_point(java.lang.String)[pri:0, instance:com.rest.api.putApiTakeOrder@3e9b1010]" name="test_03_verify_order_not_taken_with_invalid_end_point" duration-ms="678" started-at="2019-01-08T11:29:16Z" data-provider="invalidTakeEndPoint" finished-at="2019-01-08T11:29:17Z">
          <params>
            <param index="0">
              <value>
                <![CDATA[1234567890/orders/1/take]]>
              </value>
            </param>
          </params>
          <reporter-output>
          </reporter-output>
        </test-method> <!-- test_03_verify_order_not_taken_with_invalid_end_point -->
        <test-method status="PASS" signature="test_03_verify_order_not_taken_with_invalid_end_point(java.lang.String)[pri:0, instance:com.rest.api.putApiTakeOrder@3e9b1010]" name="test_03_verify_order_not_taken_with_invalid_end_point" duration-ms="626" started-at="2019-01-08T11:29:17Z" data-provider="invalidTakeEndPoint" finished-at="2019-01-08T11:29:17Z">
          <params>
            <param index="0">
              <value>
                <![CDATA[String/orders/1/take]]>
              </value>
            </param>
          </params>
          <reporter-output>
          </reporter-output>
        </test-method> <!-- test_03_verify_order_not_taken_with_invalid_end_point -->
        <test-method status="PASS" signature="test_03_verify_order_not_taken_with_invalid_end_point(java.lang.String)[pri:0, instance:com.rest.api.putApiTakeOrder@3e9b1010]" name="test_03_verify_order_not_taken_with_invalid_end_point" duration-ms="914" started-at="2019-01-08T11:29:17Z" data-provider="invalidTakeEndPoint" finished-at="2019-01-08T11:29:18Z">
          <params>
            <param index="0">
              <value>
                <![CDATA[!@#$%^&*()/orders/1/take]]>
              </value>
            </param>
          </params>
          <reporter-output>
          </reporter-output>
        </test-method> <!-- test_03_verify_order_not_taken_with_invalid_end_point -->
        <test-method status="PASS" signature="test_03_verify_order_not_taken_with_invalid_end_point(java.lang.String)[pri:0, instance:com.rest.api.putApiTakeOrder@3e9b1010]" name="test_03_verify_order_not_taken_with_invalid_end_point" duration-ms="679" started-at="2019-01-08T11:29:18Z" data-provider="invalidTakeEndPoint" finished-at="2019-01-08T11:29:19Z">
          <params>
            <param index="0">
              <value>
                <![CDATA[select* from orders/orders/1/take]]>
              </value>
            </param>
          </params>
          <reporter-output>
          </reporter-output>
        </test-method> <!-- test_03_verify_order_not_taken_with_invalid_end_point -->
        <test-method status="PASS" signature="test_03_verify_order_not_taken_with_invalid_end_point(java.lang.String)[pri:0, instance:com.rest.api.putApiTakeOrder@3e9b1010]" name="test_03_verify_order_not_taken_with_invalid_end_point" duration-ms="733" started-at="2019-01-08T11:29:19Z" data-provider="invalidTakeEndPoint" finished-at="2019-01-08T11:29:20Z">
          <params>
            <param index="0">
              <value>
                <![CDATA[1234.9089/orders/1/take]]>
              </value>
            </param>
          </params>
          <reporter-output>
          </reporter-output>
        </test-method> <!-- test_03_verify_order_not_taken_with_invalid_end_point -->
        <test-method status="PASS" signature="test_03_verify_order_not_taken_with_invalid_end_point(java.lang.String)[pri:0, instance:com.rest.api.putApiTakeOrder@3e9b1010]" name="test_03_verify_order_not_taken_with_invalid_end_point" duration-ms="783" started-at="2019-01-08T11:29:20Z" data-provider="invalidTakeEndPoint" finished-at="2019-01-08T11:29:20Z">
          <params>
            <param index="0">
              <value>
                <![CDATA[v1/order/1/taken]]>
              </value>
            </param>
          </params>
          <reporter-output>
          </reporter-output>
        </test-method> <!-- test_03_verify_order_not_taken_with_invalid_end_point -->
        <test-method status="PASS" signature="test_04_verify_order_not_taken_without_placing_it()[pri:0, instance:com.rest.api.putApiTakeOrder@3e9b1010]" name="test_04_verify_order_not_taken_without_placing_it" duration-ms="24" started-at="2019-01-08T11:29:20Z" finished-at="2019-01-08T11:29:20Z">
          <reporter-output>
          </reporter-output>
        </test-method> <!-- test_04_verify_order_not_taken_without_placing_it -->
      </class> <!-- com.rest.api.putApiTakeOrder -->
      <class name="com.rest.api.getApi">
        <test-method status="PASS" signature="test_01_verify_retrieve_valid_order_with_id()[pri:0, instance:com.rest.api.getApi@5f9d02cb]" name="test_01_verify_retrieve_valid_order_with_id" duration-ms="3247" started-at="2019-01-08T11:28:10Z" finished-at="2019-01-08T11:28:13Z">
          <reporter-output>
          </reporter-output>
        </test-method> <!-- test_01_verify_retrieve_valid_order_with_id -->
        <test-method status="PASS" signature="test_02_verify_order_not_retrieved_with_invalid_order_id(java.lang.String)[pri:0, instance:com.rest.api.getApi@5f9d02cb]" name="test_02_verify_order_not_retrieved_with_invalid_order_id" duration-ms="836" started-at="2019-01-08T11:28:13Z" data-provider="invalidIds" finished-at="2019-01-08T11:28:14Z">
          <params>
            <param index="0">
              <value>
                <![CDATA[1234567890]]>
              </value>
            </param>
          </params>
          <reporter-output>
          </reporter-output>
        </test-method> <!-- test_02_verify_order_not_retrieved_with_invalid_order_id -->
        <test-method status="PASS" signature="test_02_verify_order_not_retrieved_with_invalid_order_id(java.lang.String)[pri:0, instance:com.rest.api.getApi@5f9d02cb]" name="test_02_verify_order_not_retrieved_with_invalid_order_id" duration-ms="1137" started-at="2019-01-08T11:28:14Z" data-provider="invalidIds" finished-at="2019-01-08T11:28:15Z">
          <params>
            <param index="0">
              <value>
                <![CDATA[SampleString]]>
              </value>
            </param>
          </params>
          <reporter-output>
          </reporter-output>
        </test-method> <!-- test_02_verify_order_not_retrieved_with_invalid_order_id -->
        <test-method status="PASS" signature="test_02_verify_order_not_retrieved_with_invalid_order_id(java.lang.String)[pri:0, instance:com.rest.api.getApi@5f9d02cb]" name="test_02_verify_order_not_retrieved_with_invalid_order_id" duration-ms="707" started-at="2019-01-08T11:28:15Z" data-provider="invalidIds" finished-at="2019-01-08T11:28:16Z">
          <params>
            <param index="0">
              <value>
                <![CDATA[!@#$%^&*()]]>
              </value>
            </param>
          </params>
          <reporter-output>
          </reporter-output>
        </test-method> <!-- test_02_verify_order_not_retrieved_with_invalid_order_id -->
        <test-method status="PASS" signature="test_02_verify_order_not_retrieved_with_invalid_order_id(java.lang.String)[pri:0, instance:com.rest.api.getApi@5f9d02cb]" name="test_02_verify_order_not_retrieved_with_invalid_order_id" duration-ms="685" started-at="2019-01-08T11:28:16Z" data-provider="invalidIds" finished-at="2019-01-08T11:28:16Z">
          <params>
            <param index="0">
              <value>
                <![CDATA[10-09-1984]]>
              </value>
            </param>
          </params>
          <reporter-output>
          </reporter-output>
        </test-method> <!-- test_02_verify_order_not_retrieved_with_invalid_order_id -->
        <test-method status="PASS" signature="test_02_verify_order_not_retrieved_with_invalid_order_id(java.lang.String)[pri:0, instance:com.rest.api.getApi@5f9d02cb]" name="test_02_verify_order_not_retrieved_with_invalid_order_id" duration-ms="691" started-at="2019-01-08T11:28:16Z" data-provider="invalidIds" finished-at="2019-01-08T11:28:17Z">
          <params>
            <param index="0">
              <value>
                <![CDATA[12.34]]>
              </value>
            </param>
          </params>
          <reporter-output>
          </reporter-output>
        </test-method> <!-- test_02_verify_order_not_retrieved_with_invalid_order_id -->
        <test-method status="PASS" signature="test_02_verify_order_not_retrieved_with_invalid_order_id(java.lang.String)[pri:0, instance:com.rest.api.getApi@5f9d02cb]" name="test_02_verify_order_not_retrieved_with_invalid_order_id" duration-ms="725" started-at="2019-01-08T11:28:17Z" data-provider="invalidIds" finished-at="2019-01-08T11:28:18Z">
          <params>
            <param index="0">
              <value>
                <![CDATA[Select * from orders;]]>
              </value>
            </param>
          </params>
          <reporter-output>
          </reporter-output>
        </test-method> <!-- test_02_verify_order_not_retrieved_with_invalid_order_id -->
        <test-method status="PASS" signature="test_03_verify_order_not_retrieved_with_invalid_end_point(java.lang.String)[pri:0, instance:com.rest.api.getApi@5f9d02cb]" name="test_03_verify_order_not_retrieved_with_invalid_end_point" duration-ms="687" started-at="2019-01-08T11:28:18Z" data-provider="invalidFetchEndPoint" finished-at="2019-01-08T11:28:18Z">
          <params>
            <param index="0">
              <value>
                <![CDATA[v1/order/1]]>
              </value>
            </param>
          </params>
          <reporter-output>
          </reporter-output>
        </test-method> <!-- test_03_verify_order_not_retrieved_with_invalid_end_point -->
        <test-method status="PASS" signature="test_03_verify_order_not_retrieved_with_invalid_end_point(java.lang.String)[pri:0, instance:com.rest.api.getApi@5f9d02cb]" name="test_03_verify_order_not_retrieved_with_invalid_end_point" duration-ms="673" started-at="2019-01-08T11:28:18Z" data-provider="invalidFetchEndPoint" finished-at="2019-01-08T11:28:19Z">
          <params>
            <param index="0">
              <value>
                <![CDATA[.000000000034/orders/1]]>
              </value>
            </param>
          </params>
          <reporter-output>
          </reporter-output>
        </test-method> <!-- test_03_verify_order_not_retrieved_with_invalid_end_point -->
        <test-method status="PASS" signature="test_03_verify_order_not_retrieved_with_invalid_end_point(java.lang.String)[pri:0, instance:com.rest.api.getApi@5f9d02cb]" name="test_03_verify_order_not_retrieved_with_invalid_end_point" duration-ms="707" started-at="2019-01-08T11:28:19Z" data-provider="invalidFetchEndPoint" finished-at="2019-01-08T11:28:20Z">
          <params>
            <param index="0">
              <value>
                <![CDATA[1234567890/orders/1]]>
              </value>
            </param>
          </params>
          <reporter-output>
          </reporter-output>
        </test-method> <!-- test_03_verify_order_not_retrieved_with_invalid_end_point -->
        <test-method status="PASS" signature="test_03_verify_order_not_retrieved_with_invalid_end_point(java.lang.String)[pri:0, instance:com.rest.api.getApi@5f9d02cb]" name="test_03_verify_order_not_retrieved_with_invalid_end_point" duration-ms="694" started-at="2019-01-08T11:28:20Z" data-provider="invalidFetchEndPoint" finished-at="2019-01-08T11:28:21Z">
          <params>
            <param index="0">
              <value>
                <![CDATA[String/orders/1]]>
              </value>
            </param>
          </params>
          <reporter-output>
          </reporter-output>
        </test-method> <!-- test_03_verify_order_not_retrieved_with_invalid_end_point -->
        <test-method status="PASS" signature="test_03_verify_order_not_retrieved_with_invalid_end_point(java.lang.String)[pri:0, instance:com.rest.api.getApi@5f9d02cb]" name="test_03_verify_order_not_retrieved_with_invalid_end_point" duration-ms="683" started-at="2019-01-08T11:28:21Z" data-provider="invalidFetchEndPoint" finished-at="2019-01-08T11:28:21Z">
          <params>
            <param index="0">
              <value>
                <![CDATA[!@#$%^&*()/orders/1]]>
              </value>
            </param>
          </params>
          <reporter-output>
          </reporter-output>
        </test-method> <!-- test_03_verify_order_not_retrieved_with_invalid_end_point -->
        <test-method status="PASS" signature="test_03_verify_order_not_retrieved_with_invalid_end_point(java.lang.String)[pri:0, instance:com.rest.api.getApi@5f9d02cb]" name="test_03_verify_order_not_retrieved_with_invalid_end_point" duration-ms="633" started-at="2019-01-08T11:28:21Z" data-provider="invalidFetchEndPoint" finished-at="2019-01-08T11:28:22Z">
          <params>
            <param index="0">
              <value>
                <![CDATA[select* from orders/orders/1]]>
              </value>
            </param>
          </params>
          <reporter-output>
          </reporter-output>
        </test-method> <!-- test_03_verify_order_not_retrieved_with_invalid_end_point -->
        <test-method status="PASS" signature="test_03_verify_order_not_retrieved_with_invalid_end_point(java.lang.String)[pri:0, instance:com.rest.api.getApi@5f9d02cb]" name="test_03_verify_order_not_retrieved_with_invalid_end_point" duration-ms="716" started-at="2019-01-08T11:28:22Z" data-provider="invalidFetchEndPoint" finished-at="2019-01-08T11:28:23Z">
          <params>
            <param index="0">
              <value>
                <![CDATA[1234.9089/orders/1]]>
              </value>
            </param>
          </params>
          <reporter-output>
          </reporter-output>
        </test-method> <!-- test_03_verify_order_not_retrieved_with_invalid_end_point -->
      </class> <!-- com.rest.api.getApi -->
      <class name="com.rest.api.putApiCancelOrder">
        <test-method status="PASS" signature="test_01_verify_cancel_an_assigned_order_with_specific_order_id()[pri:0, instance:com.rest.api.putApiCancelOrder@520a3426]" name="test_01_verify_cancel_an_assigned_order_with_specific_order_id" duration-ms="748" started-at="2019-01-08T11:28:33Z" finished-at="2019-01-08T11:28:34Z">
          <reporter-output>
          </reporter-output>
        </test-method> <!-- test_01_verify_cancel_an_assigned_order_with_specific_order_id -->
        <test-method status="PASS" signature="test_02_verify_cancel_an_ongoing_order_with_specific_order_id()[pri:0, instance:com.rest.api.putApiCancelOrder@520a3426]" name="test_02_verify_cancel_an_ongoing_order_with_specific_order_id" duration-ms="767" started-at="2019-01-08T11:28:34Z" finished-at="2019-01-08T11:28:35Z">
          <reporter-output>
          </reporter-output>
        </test-method> <!-- test_02_verify_cancel_an_ongoing_order_with_specific_order_id -->
        <test-method status="PASS" signature="test_03_verify_order_not_cancelled_for_an_already_completed_order_with_specific_order_id()[pri:0, instance:com.rest.api.putApiCancelOrder@520a3426]" name="test_03_verify_order_not_cancelled_for_an_already_completed_order_with_specific_order_id" duration-ms="816" started-at="2019-01-08T11:28:35Z" finished-at="2019-01-08T11:28:36Z">
          <reporter-output>
          </reporter-output>
        </test-method> <!-- test_03_verify_order_not_cancelled_for_an_already_completed_order_with_specific_order_id -->
        <test-method status="FAIL" signature="test_04_verify_order_not_cancelled_an_already_cancelled_order_with_specific_order_id()[pri:0, instance:com.rest.api.putApiCancelOrder@520a3426]" name="test_04_verify_order_not_cancelled_an_already_cancelled_order_with_specific_order_id" duration-ms="766" started-at="2019-01-08T11:28:36Z" finished-at="2019-01-08T11:28:36Z">
          <exception class="java.lang.AssertionError">
            <message>
              <![CDATA[
Expected: is <400>
     but: was <200>]]>
            </message>
            <full-stacktrace>
              <![CDATA[java.lang.AssertionError: 
Expected: is <400>
     but: was <200>
at org.hamcrest.MatcherAssert.assertThat(MatcherAssert.java:20)
at org.hamcrest.MatcherAssert.assertThat(MatcherAssert.java:8)
at com.rest.api.putApiCancelOrder.test_04_verify_order_not_cancelled_an_already_cancelled_order_with_specific_order_id(putApiCancelOrder.java:268)
at sun.reflect.NativeMethodAccessorImpl.invoke0(Native Method)
at sun.reflect.NativeMethodAccessorImpl.invoke(Unknown Source)
at sun.reflect.DelegatingMethodAccessorImpl.invoke(Unknown Source)
at java.lang.reflect.Method.invoke(Unknown Source)
at org.testng.internal.MethodInvocationHelper.invokeMethod(MethodInvocationHelper.java:124)
at org.testng.internal.Invoker.invokeMethod(Invoker.java:580)
at org.testng.internal.Invoker.invokeTestMethod(Invoker.java:716)
at org.testng.internal.Invoker.invokeTestMethods(Invoker.java:988)
at org.testng.internal.TestMethodWorker.invokeTestMethods(TestMethodWorker.java:125)
at org.testng.internal.TestMethodWorker.run(TestMethodWorker.java:109)
at org.testng.TestRunner.privateRun(TestRunner.java:648)
at org.testng.TestRunner.run(TestRunner.java:505)
at org.testng.SuiteRunner.runTest(SuiteRunner.java:455)
at org.testng.SuiteRunner.runSequentially(SuiteRunner.java:450)
at org.testng.SuiteRunner.privateRun(SuiteRunner.java:415)
at org.testng.SuiteRunner.run(SuiteRunner.java:364)
at org.testng.SuiteRunnerWorker.runSuite(SuiteRunnerWorker.java:52)
at org.testng.SuiteRunnerWorker.run(SuiteRunnerWorker.java:84)
at org.testng.TestNG.runSuitesSequentially(TestNG.java:1208)
at org.testng.TestNG.runSuitesLocally(TestNG.java:1137)
at org.testng.TestNG.runSuites(TestNG.java:1049)
at org.testng.TestNG.run(TestNG.java:1017)
at org.testng.remote.AbstractRemoteTestNG.run(AbstractRemoteTestNG.java:114)
at org.testng.remote.RemoteTestNG.initAndRun(RemoteTestNG.java:251)
at org.testng.remote.RemoteTestNG.main(RemoteTestNG.java:77)
]]>
            </full-stacktrace>
          </exception> <!-- java.lang.AssertionError -->
          <reporter-output>
          </reporter-output>
        </test-method> <!-- test_04_verify_order_not_cancelled_an_already_cancelled_order_with_specific_order_id -->
        <test-method status="PASS" signature="test_05_verify_order_not_cancelled_with_invalid_order_id(java.lang.String)[pri:0, instance:com.rest.api.putApiCancelOrder@520a3426]" name="test_05_verify_order_not_cancelled_with_invalid_order_id" duration-ms="676" started-at="2019-01-08T11:28:36Z" data-provider="invalidIds" finished-at="2019-01-08T11:28:37Z">
          <params>
            <param index="0">
              <value>
                <![CDATA[1234567890]]>
              </value>
            </param>
          </params>
          <reporter-output>
          </reporter-output>
        </test-method> <!-- test_05_verify_order_not_cancelled_with_invalid_order_id -->
        <test-method status="PASS" signature="test_05_verify_order_not_cancelled_with_invalid_order_id(java.lang.String)[pri:0, instance:com.rest.api.putApiCancelOrder@520a3426]" name="test_05_verify_order_not_cancelled_with_invalid_order_id" duration-ms="694" started-at="2019-01-08T11:28:37Z" data-provider="invalidIds" finished-at="2019-01-08T11:28:38Z">
          <params>
            <param index="0">
              <value>
                <![CDATA[SampleString]]>
              </value>
            </param>
          </params>
          <reporter-output>
          </reporter-output>
        </test-method> <!-- test_05_verify_order_not_cancelled_with_invalid_order_id -->
        <test-method status="PASS" signature="test_05_verify_order_not_cancelled_with_invalid_order_id(java.lang.String)[pri:0, instance:com.rest.api.putApiCancelOrder@520a3426]" name="test_05_verify_order_not_cancelled_with_invalid_order_id" duration-ms="700" started-at="2019-01-08T11:28:38Z" data-provider="invalidIds" finished-at="2019-01-08T11:28:38Z">
          <params>
            <param index="0">
              <value>
                <![CDATA[!@#$%^&*()]]>
              </value>
            </param>
          </params>
          <reporter-output>
          </reporter-output>
        </test-method> <!-- test_05_verify_order_not_cancelled_with_invalid_order_id -->
        <test-method status="PASS" signature="test_05_verify_order_not_cancelled_with_invalid_order_id(java.lang.String)[pri:0, instance:com.rest.api.putApiCancelOrder@520a3426]" name="test_05_verify_order_not_cancelled_with_invalid_order_id" duration-ms="691" started-at="2019-01-08T11:28:38Z" data-provider="invalidIds" finished-at="2019-01-08T11:28:39Z">
          <params>
            <param index="0">
              <value>
                <![CDATA[10-09-1984]]>
              </value>
            </param>
          </params>
          <reporter-output>
          </reporter-output>
        </test-method> <!-- test_05_verify_order_not_cancelled_with_invalid_order_id -->
        <test-method status="PASS" signature="test_05_verify_order_not_cancelled_with_invalid_order_id(java.lang.String)[pri:0, instance:com.rest.api.putApiCancelOrder@520a3426]" name="test_05_verify_order_not_cancelled_with_invalid_order_id" duration-ms="676" started-at="2019-01-08T11:28:39Z" data-provider="invalidIds" finished-at="2019-01-08T11:28:40Z">
          <params>
            <param index="0">
              <value>
                <![CDATA[12.34]]>
              </value>
            </param>
          </params>
          <reporter-output>
          </reporter-output>
        </test-method> <!-- test_05_verify_order_not_cancelled_with_invalid_order_id -->
        <test-method status="PASS" signature="test_05_verify_order_not_cancelled_with_invalid_order_id(java.lang.String)[pri:0, instance:com.rest.api.putApiCancelOrder@520a3426]" name="test_05_verify_order_not_cancelled_with_invalid_order_id" duration-ms="831" started-at="2019-01-08T11:28:40Z" data-provider="invalidIds" finished-at="2019-01-08T11:28:41Z">
          <params>
            <param index="0">
              <value>
                <![CDATA[Select * from orders;]]>
              </value>
            </param>
          </params>
          <reporter-output>
          </reporter-output>
        </test-method> <!-- test_05_verify_order_not_cancelled_with_invalid_order_id -->
        <test-method status="PASS" signature="test_06_verify_order_not_cancelled_with_invalid_end_point(java.lang.String)[pri:0, instance:com.rest.api.putApiCancelOrder@520a3426]" name="test_06_verify_order_not_cancelled_with_invalid_end_point" duration-ms="802" started-at="2019-01-08T11:28:41Z" data-provider="invalidCancelEndPoint" finished-at="2019-01-08T11:28:41Z">
          <params>
            <param index="0">
              <value>
                <![CDATA[v1/order/1/cancel]]>
              </value>
            </param>
          </params>
          <reporter-output>
          </reporter-output>
        </test-method> <!-- test_06_verify_order_not_cancelled_with_invalid_end_point -->
        <test-method status="PASS" signature="test_06_verify_order_not_cancelled_with_invalid_end_point(java.lang.String)[pri:0, instance:com.rest.api.putApiCancelOrder@520a3426]" name="test_06_verify_order_not_cancelled_with_invalid_end_point" duration-ms="674" started-at="2019-01-08T11:28:41Z" data-provider="invalidCancelEndPoint" finished-at="2019-01-08T11:28:42Z">
          <params>
            <param index="0">
              <value>
                <![CDATA[.000000000034/orders/1/cancel]]>
              </value>
            </param>
          </params>
          <reporter-output>
          </reporter-output>
        </test-method> <!-- test_06_verify_order_not_cancelled_with_invalid_end_point -->
        <test-method status="PASS" signature="test_06_verify_order_not_cancelled_with_invalid_end_point(java.lang.String)[pri:0, instance:com.rest.api.putApiCancelOrder@520a3426]" name="test_06_verify_order_not_cancelled_with_invalid_end_point" duration-ms="718" started-at="2019-01-08T11:28:42Z" data-provider="invalidCancelEndPoint" finished-at="2019-01-08T11:28:43Z">
          <params>
            <param index="0">
              <value>
                <![CDATA[1234567890/orders/1/cancel]]>
              </value>
            </param>
          </params>
          <reporter-output>
          </reporter-output>
        </test-method> <!-- test_06_verify_order_not_cancelled_with_invalid_end_point -->
        <test-method status="PASS" signature="test_06_verify_order_not_cancelled_with_invalid_end_point(java.lang.String)[pri:0, instance:com.rest.api.putApiCancelOrder@520a3426]" name="test_06_verify_order_not_cancelled_with_invalid_end_point" duration-ms="576" started-at="2019-01-08T11:28:43Z" data-provider="invalidCancelEndPoint" finished-at="2019-01-08T11:28:43Z">
          <params>
            <param index="0">
              <value>
                <![CDATA[String/orders/1/cancel]]>
              </value>
            </param>
          </params>
          <reporter-output>
          </reporter-output>
        </test-method> <!-- test_06_verify_order_not_cancelled_with_invalid_end_point -->
        <test-method status="PASS" signature="test_06_verify_order_not_cancelled_with_invalid_end_point(java.lang.String)[pri:0, instance:com.rest.api.putApiCancelOrder@520a3426]" name="test_06_verify_order_not_cancelled_with_invalid_end_point" duration-ms="686" started-at="2019-01-08T11:28:43Z" data-provider="invalidCancelEndPoint" finished-at="2019-01-08T11:28:44Z">
          <params>
            <param index="0">
              <value>
                <![CDATA[!@#$%^&*()/orders/1/cancel]]>
              </value>
            </param>
          </params>
          <reporter-output>
          </reporter-output>
        </test-method> <!-- test_06_verify_order_not_cancelled_with_invalid_end_point -->
        <test-method status="PASS" signature="test_06_verify_order_not_cancelled_with_invalid_end_point(java.lang.String)[pri:0, instance:com.rest.api.putApiCancelOrder@520a3426]" name="test_06_verify_order_not_cancelled_with_invalid_end_point" duration-ms="721" started-at="2019-01-08T11:28:44Z" data-provider="invalidCancelEndPoint" finished-at="2019-01-08T11:28:45Z">
          <params>
            <param index="0">
              <value>
                <![CDATA[select* from orders/orders/1/cancel]]>
              </value>
            </param>
          </params>
          <reporter-output>
          </reporter-output>
        </test-method> <!-- test_06_verify_order_not_cancelled_with_invalid_end_point -->
        <test-method status="PASS" signature="test_06_verify_order_not_cancelled_with_invalid_end_point(java.lang.String)[pri:0, instance:com.rest.api.putApiCancelOrder@520a3426]" name="test_06_verify_order_not_cancelled_with_invalid_end_point" duration-ms="684" started-at="2019-01-08T11:28:45Z" data-provider="invalidCancelEndPoint" finished-at="2019-01-08T11:28:45Z">
          <params>
            <param index="0">
              <value>
                <![CDATA[1234.9089/orders/1/cancel]]>
              </value>
            </param>
          </params>
          <reporter-output>
          </reporter-output>
        </test-method> <!-- test_06_verify_order_not_cancelled_with_invalid_end_point -->
        <test-method status="PASS" signature="test_06_verify_order_not_cancelled_with_invalid_end_point(java.lang.String)[pri:0, instance:com.rest.api.putApiCancelOrder@520a3426]" name="test_06_verify_order_not_cancelled_with_invalid_end_point" duration-ms="693" started-at="2019-01-08T11:28:45Z" data-provider="invalidCancelEndPoint" finished-at="2019-01-08T11:28:46Z">
          <params>
            <param index="0">
              <value>
                <![CDATA[v1/order/1/cancelled]]>
              </value>
            </param>
          </params>
          <reporter-output>
          </reporter-output>
        </test-method> <!-- test_06_verify_order_not_cancelled_with_invalid_end_point -->
        <test-method status="PASS" signature="test_07_verify_order_not_cancelled_without_placing_it()[pri:0, instance:com.rest.api.putApiCancelOrder@520a3426]" name="test_07_verify_order_not_cancelled_without_placing_it" duration-ms="18" started-at="2019-01-08T11:28:46Z" finished-at="2019-01-08T11:28:46Z">
          <reporter-output>
          </reporter-output>
        </test-method> <!-- test_07_verify_order_not_cancelled_without_placing_it -->
      </class> <!-- com.rest.api.putApiCancelOrder -->
      <class name="com.rest.api.putApiCompleteOrder">
        <test-method status="PASS" signature="test_01_verify_complete_an_ongoing_order_with_specific_order_id()[pri:0, instance:com.rest.api.putApiCompleteOrder@18eed359]" name="test_01_verify_complete_an_ongoing_order_with_specific_order_id" duration-ms="760" started-at="2019-01-08T11:28:46Z" finished-at="2019-01-08T11:28:47Z">
          <reporter-output>
          </reporter-output>
        </test-method> <!-- test_01_verify_complete_an_ongoing_order_with_specific_order_id -->
        <test-method status="PASS" signature="test_02_verify_order_not_completed_with_invalid_order_id(java.lang.String)[pri:0, instance:com.rest.api.putApiCompleteOrder@18eed359]" name="test_02_verify_order_not_completed_with_invalid_order_id" duration-ms="668" started-at="2019-01-08T11:28:47Z" data-provider="invalidIds" finished-at="2019-01-08T11:28:48Z">
          <params>
            <param index="0">
              <value>
                <![CDATA[1234567890]]>
              </value>
            </param>
          </params>
          <reporter-output>
          </reporter-output>
        </test-method> <!-- test_02_verify_order_not_completed_with_invalid_order_id -->
        <test-method status="PASS" signature="test_02_verify_order_not_completed_with_invalid_order_id(java.lang.String)[pri:0, instance:com.rest.api.putApiCompleteOrder@18eed359]" name="test_02_verify_order_not_completed_with_invalid_order_id" duration-ms="663" started-at="2019-01-08T11:28:48Z" data-provider="invalidIds" finished-at="2019-01-08T11:28:48Z">
          <params>
            <param index="0">
              <value>
                <![CDATA[SampleString]]>
              </value>
            </param>
          </params>
          <reporter-output>
          </reporter-output>
        </test-method> <!-- test_02_verify_order_not_completed_with_invalid_order_id -->
        <test-method status="PASS" signature="test_02_verify_order_not_completed_with_invalid_order_id(java.lang.String)[pri:0, instance:com.rest.api.putApiCompleteOrder@18eed359]" name="test_02_verify_order_not_completed_with_invalid_order_id" duration-ms="723" started-at="2019-01-08T11:28:48Z" data-provider="invalidIds" finished-at="2019-01-08T11:28:49Z">
          <params>
            <param index="0">
              <value>
                <![CDATA[!@#$%^&*()]]>
              </value>
            </param>
          </params>
          <reporter-output>
          </reporter-output>
        </test-method> <!-- test_02_verify_order_not_completed_with_invalid_order_id -->
        <test-method status="PASS" signature="test_02_verify_order_not_completed_with_invalid_order_id(java.lang.String)[pri:0, instance:com.rest.api.putApiCompleteOrder@18eed359]" name="test_02_verify_order_not_completed_with_invalid_order_id" duration-ms="3677" started-at="2019-01-08T11:28:49Z" data-provider="invalidIds" finished-at="2019-01-08T11:28:53Z">
          <params>
            <param index="0">
              <value>
                <![CDATA[10-09-1984]]>
              </value>
            </param>
          </params>
          <reporter-output>
          </reporter-output>
        </test-method> <!-- test_02_verify_order_not_completed_with_invalid_order_id -->
        <test-method status="PASS" signature="test_02_verify_order_not_completed_with_invalid_order_id(java.lang.String)[pri:0, instance:com.rest.api.putApiCompleteOrder@18eed359]" name="test_02_verify_order_not_completed_with_invalid_order_id" duration-ms="716" started-at="2019-01-08T11:28:53Z" data-provider="invalidIds" finished-at="2019-01-08T11:28:53Z">
          <params>
            <param index="0">
              <value>
                <![CDATA[12.34]]>
              </value>
            </param>
          </params>
          <reporter-output>
          </reporter-output>
        </test-method> <!-- test_02_verify_order_not_completed_with_invalid_order_id -->
        <test-method status="PASS" signature="test_02_verify_order_not_completed_with_invalid_order_id(java.lang.String)[pri:0, instance:com.rest.api.putApiCompleteOrder@18eed359]" name="test_02_verify_order_not_completed_with_invalid_order_id" duration-ms="3717" started-at="2019-01-08T11:28:53Z" data-provider="invalidIds" finished-at="2019-01-08T11:28:57Z">
          <params>
            <param index="0">
              <value>
                <![CDATA[Select * from orders;]]>
              </value>
            </param>
          </params>
          <reporter-output>
          </reporter-output>
        </test-method> <!-- test_02_verify_order_not_completed_with_invalid_order_id -->
        <test-method status="PASS" signature="test_03_verify_order_not_completed_with_invalid_end_point(java.lang.String)[pri:0, instance:com.rest.api.putApiCompleteOrder@18eed359]" name="test_03_verify_order_not_completed_with_invalid_end_point" duration-ms="698" started-at="2019-01-08T11:28:57Z" data-provider="invalidCompleteEndPoint" finished-at="2019-01-08T11:28:58Z">
          <params>
            <param index="0">
              <value>
                <![CDATA[v1/order/1/complete]]>
              </value>
            </param>
          </params>
          <reporter-output>
          </reporter-output>
        </test-method> <!-- test_03_verify_order_not_completed_with_invalid_end_point -->
        <test-method status="PASS" signature="test_03_verify_order_not_completed_with_invalid_end_point(java.lang.String)[pri:0, instance:com.rest.api.putApiCompleteOrder@18eed359]" name="test_03_verify_order_not_completed_with_invalid_end_point" duration-ms="845" started-at="2019-01-08T11:28:58Z" data-provider="invalidCompleteEndPoint" finished-at="2019-01-08T11:28:59Z">
          <params>
            <param index="0">
              <value>
                <![CDATA[.000000000034/orders/1/complete]]>
              </value>
            </param>
          </params>
          <reporter-output>
          </reporter-output>
        </test-method> <!-- test_03_verify_order_not_completed_with_invalid_end_point -->
        <test-method status="PASS" signature="test_03_verify_order_not_completed_with_invalid_end_point(java.lang.String)[pri:0, instance:com.rest.api.putApiCompleteOrder@18eed359]" name="test_03_verify_order_not_completed_with_invalid_end_point" duration-ms="799" started-at="2019-01-08T11:28:59Z" data-provider="invalidCompleteEndPoint" finished-at="2019-01-08T11:28:59Z">
          <params>
            <param index="0">
              <value>
                <![CDATA[1234567890/orders/1/complete]]>
              </value>
            </param>
          </params>
          <reporter-output>
          </reporter-output>
        </test-method> <!-- test_03_verify_order_not_completed_with_invalid_end_point -->
        <test-method status="PASS" signature="test_03_verify_order_not_completed_with_invalid_end_point(java.lang.String)[pri:0, instance:com.rest.api.putApiCompleteOrder@18eed359]" name="test_03_verify_order_not_completed_with_invalid_end_point" duration-ms="703" started-at="2019-01-08T11:28:59Z" data-provider="invalidCompleteEndPoint" finished-at="2019-01-08T11:29:00Z">
          <params>
            <param index="0">
              <value>
                <![CDATA[String/orders/1/complete]]>
              </value>
            </param>
          </params>
          <reporter-output>
          </reporter-output>
        </test-method> <!-- test_03_verify_order_not_completed_with_invalid_end_point -->
        <test-method status="PASS" signature="test_03_verify_order_not_completed_with_invalid_end_point(java.lang.String)[pri:0, instance:com.rest.api.putApiCompleteOrder@18eed359]" name="test_03_verify_order_not_completed_with_invalid_end_point" duration-ms="813" started-at="2019-01-08T11:29:00Z" data-provider="invalidCompleteEndPoint" finished-at="2019-01-08T11:29:01Z">
          <params>
            <param index="0">
              <value>
                <![CDATA[!@#$%^&*()/orders/1/complete]]>
              </value>
            </param>
          </params>
          <reporter-output>
          </reporter-output>
        </test-method> <!-- test_03_verify_order_not_completed_with_invalid_end_point -->
        <test-method status="PASS" signature="test_03_verify_order_not_completed_with_invalid_end_point(java.lang.String)[pri:0, instance:com.rest.api.putApiCompleteOrder@18eed359]" name="test_03_verify_order_not_completed_with_invalid_end_point" duration-ms="693" started-at="2019-01-08T11:29:01Z" data-provider="invalidCompleteEndPoint" finished-at="2019-01-08T11:29:02Z">
          <params>
            <param index="0">
              <value>
                <![CDATA[select* from orders/orders/1/complete]]>
              </value>
            </param>
          </params>
          <reporter-output>
          </reporter-output>
        </test-method> <!-- test_03_verify_order_not_completed_with_invalid_end_point -->
        <test-method status="PASS" signature="test_03_verify_order_not_completed_with_invalid_end_point(java.lang.String)[pri:0, instance:com.rest.api.putApiCompleteOrder@18eed359]" name="test_03_verify_order_not_completed_with_invalid_end_point" duration-ms="987" started-at="2019-01-08T11:29:02Z" data-provider="invalidCompleteEndPoint" finished-at="2019-01-08T11:29:03Z">
          <params>
            <param index="0">
              <value>
                <![CDATA[1234.9089/orders/1/complete]]>
              </value>
            </param>
          </params>
          <reporter-output>
          </reporter-output>
        </test-method> <!-- test_03_verify_order_not_completed_with_invalid_end_point -->
        <test-method status="PASS" signature="test_03_verify_order_not_completed_with_invalid_end_point(java.lang.String)[pri:0, instance:com.rest.api.putApiCompleteOrder@18eed359]" name="test_03_verify_order_not_completed_with_invalid_end_point" duration-ms="640" started-at="2019-01-08T11:29:03Z" data-provider="invalidCompleteEndPoint" finished-at="2019-01-08T11:29:03Z">
          <params>
            <param index="0">
              <value>
                <![CDATA[v1/order/1/completed]]>
              </value>
            </param>
          </params>
          <reporter-output>
          </reporter-output>
        </test-method> <!-- test_03_verify_order_not_completed_with_invalid_end_point -->
        <test-method status="PASS" signature="test_04_verify_order_not_completed_without_placing_it()[pri:0, instance:com.rest.api.putApiCompleteOrder@18eed359]" name="test_04_verify_order_not_completed_without_placing_it" duration-ms="18" started-at="2019-01-08T11:29:03Z" finished-at="2019-01-08T11:29:03Z">
          <reporter-output>
          </reporter-output>
        </test-method> <!-- test_04_verify_order_not_completed_without_placing_it -->
        <test-method status="PASS" signature="test_05_verify_order_not_completed_for_an_already_completed_order_with_specific_order_id()[pri:0, instance:com.rest.api.putApiCompleteOrder@18eed359]" name="test_05_verify_order_not_completed_for_an_already_completed_order_with_specific_order_id" duration-ms="670" started-at="2019-01-08T11:29:03Z" finished-at="2019-01-08T11:29:04Z">
          <reporter-output>
          </reporter-output>
        </test-method> <!-- test_05_verify_order_not_completed_for_an_already_completed_order_with_specific_order_id -->
      </class> <!-- com.rest.api.putApiCompleteOrder -->
    </test> <!-- all-tests -->
  </suite> <!-- Suite1 -->
</testng-results>
