<?xml version="1.0" encoding="UTF-8"?>
<testng-results skipped="0" failed="0" ignored="0" total="14" passed="14">
  <reporter-output>
  </reporter-output>
  <suite name="Default suite" duration-ms="8872" started-at="2019-01-08T05:42:57Z" finished-at="2019-01-08T05:43:06Z">
    <groups>
    </groups>
    <test name="Default test" duration-ms="8872" started-at="2019-01-08T05:42:57Z" finished-at="2019-01-08T05:43:06Z">
      <class name="com.rest.api.getApi">
        <test-method status="PASS" signature="test_01_verify_retrieve_valid_order_with_id()[pri:0, instance:com.rest.api.getApi@5383967b]" name="test_01_verify_retrieve_valid_order_with_id" duration-ms="2504" started-at="2019-01-08T05:42:57Z" finished-at="2019-01-08T05:43:00Z">
          <reporter-output>
          </reporter-output>
        </test-method> <!-- test_01_verify_retrieve_valid_order_with_id -->
        <test-method status="PASS" signature="test_02_verify_order_not_retrieved_with_invalid_order_id(java.lang.String)[pri:0, instance:com.rest.api.getApi@5383967b]" name="test_02_verify_order_not_retrieved_with_invalid_order_id" duration-ms="630" started-at="2019-01-08T05:43:00Z" data-provider="invalidIds" finished-at="2019-01-08T05:43:00Z">
          <params>
            <param index="0">
              <value>
                <![CDATA[1234567890]]>
              </value>
            </param>
          </params>
          <reporter-output>
          </reporter-output>
        </test-method> <!-- test_02_verify_order_not_retrieved_with_invalid_order_id -->
        <test-method status="PASS" signature="test_02_verify_order_not_retrieved_with_invalid_order_id(java.lang.String)[pri:0, instance:com.rest.api.getApi@5383967b]" name="test_02_verify_order_not_retrieved_with_invalid_order_id" duration-ms="534" started-at="2019-01-08T05:43:00Z" data-provider="invalidIds" finished-at="2019-01-08T05:43:01Z">
          <params>
            <param index="0">
              <value>
                <![CDATA[SampleString]]>
              </value>
            </param>
          </params>
          <reporter-output>
          </reporter-output>
        </test-method> <!-- test_02_verify_order_not_retrieved_with_invalid_order_id -->
        <test-method status="PASS" signature="test_02_verify_order_not_retrieved_with_invalid_order_id(java.lang.String)[pri:0, instance:com.rest.api.getApi@5383967b]" name="test_02_verify_order_not_retrieved_with_invalid_order_id" duration-ms="510" started-at="2019-01-08T05:43:01Z" data-provider="invalidIds" finished-at="2019-01-08T05:43:02Z">
          <params>
            <param index="0">
              <value>
                <![CDATA[!@#$%^&*()]]>
              </value>
            </param>
          </params>
          <reporter-output>
          </reporter-output>
        </test-method> <!-- test_02_verify_order_not_retrieved_with_invalid_order_id -->
        <test-method status="PASS" signature="test_02_verify_order_not_retrieved_with_invalid_order_id(java.lang.String)[pri:0, instance:com.rest.api.getApi@5383967b]" name="test_02_verify_order_not_retrieved_with_invalid_order_id" duration-ms="465" started-at="2019-01-08T05:43:02Z" data-provider="invalidIds" finished-at="2019-01-08T05:43:02Z">
          <params>
            <param index="0">
              <value>
                <![CDATA[10-09-1984]]>
              </value>
            </param>
          </params>
          <reporter-output>
          </reporter-output>
        </test-method> <!-- test_02_verify_order_not_retrieved_with_invalid_order_id -->
        <test-method status="PASS" signature="test_02_verify_order_not_retrieved_with_invalid_order_id(java.lang.String)[pri:0, instance:com.rest.api.getApi@5383967b]" name="test_02_verify_order_not_retrieved_with_invalid_order_id" duration-ms="455" started-at="2019-01-08T05:43:02Z" data-provider="invalidIds" finished-at="2019-01-08T05:43:02Z">
          <params>
            <param index="0">
              <value>
                <![CDATA[12.34]]>
              </value>
            </param>
          </params>
          <reporter-output>
          </reporter-output>
        </test-method> <!-- test_02_verify_order_not_retrieved_with_invalid_order_id -->
        <test-method status="PASS" signature="test_02_verify_order_not_retrieved_with_invalid_order_id(java.lang.String)[pri:0, instance:com.rest.api.getApi@5383967b]" name="test_02_verify_order_not_retrieved_with_invalid_order_id" duration-ms="477" started-at="2019-01-08T05:43:02Z" data-provider="invalidIds" finished-at="2019-01-08T05:43:03Z">
          <params>
            <param index="0">
              <value>
                <![CDATA[Select * from orders;]]>
              </value>
            </param>
          </params>
          <reporter-output>
          </reporter-output>
        </test-method> <!-- test_02_verify_order_not_retrieved_with_invalid_order_id -->
        <test-method status="PASS" signature="test_03_verify_order_not_retrieved_with_invalid_end_point(java.lang.String)[pri:0, instance:com.rest.api.getApi@5383967b]" name="test_03_verify_order_not_retrieved_with_invalid_end_point" duration-ms="477" started-at="2019-01-08T05:43:03Z" data-provider="invalidFetchEndPoint" finished-at="2019-01-08T05:43:03Z">
          <params>
            <param index="0">
              <value>
                <![CDATA[v1/order/1]]>
              </value>
            </param>
          </params>
          <reporter-output>
          </reporter-output>
        </test-method> <!-- test_03_verify_order_not_retrieved_with_invalid_end_point -->
        <test-method status="PASS" signature="test_03_verify_order_not_retrieved_with_invalid_end_point(java.lang.String)[pri:0, instance:com.rest.api.getApi@5383967b]" name="test_03_verify_order_not_retrieved_with_invalid_end_point" duration-ms="508" started-at="2019-01-08T05:43:03Z" data-provider="invalidFetchEndPoint" finished-at="2019-01-08T05:43:04Z">
          <params>
            <param index="0">
              <value>
                <![CDATA[.000000000034/orders/1]]>
              </value>
            </param>
          </params>
          <reporter-output>
          </reporter-output>
        </test-method> <!-- test_03_verify_order_not_retrieved_with_invalid_end_point -->
        <test-method status="PASS" signature="test_03_verify_order_not_retrieved_with_invalid_end_point(java.lang.String)[pri:0, instance:com.rest.api.getApi@5383967b]" name="test_03_verify_order_not_retrieved_with_invalid_end_point" duration-ms="468" started-at="2019-01-08T05:43:04Z" data-provider="invalidFetchEndPoint" finished-at="2019-01-08T05:43:04Z">
          <params>
            <param index="0">
              <value>
                <![CDATA[1234567890/orders/1]]>
              </value>
            </param>
          </params>
          <reporter-output>
          </reporter-output>
        </test-method> <!-- test_03_verify_order_not_retrieved_with_invalid_end_point -->
        <test-method status="PASS" signature="test_03_verify_order_not_retrieved_with_invalid_end_point(java.lang.String)[pri:0, instance:com.rest.api.getApi@5383967b]" name="test_03_verify_order_not_retrieved_with_invalid_end_point" duration-ms="451" started-at="2019-01-08T05:43:04Z" data-provider="invalidFetchEndPoint" finished-at="2019-01-08T05:43:05Z">
          <params>
            <param index="0">
              <value>
                <![CDATA[String/orders/1]]>
              </value>
            </param>
          </params>
          <reporter-output>
          </reporter-output>
        </test-method> <!-- test_03_verify_order_not_retrieved_with_invalid_end_point -->
        <test-method status="PASS" signature="test_03_verify_order_not_retrieved_with_invalid_end_point(java.lang.String)[pri:0, instance:com.rest.api.getApi@5383967b]" name="test_03_verify_order_not_retrieved_with_invalid_end_point" duration-ms="462" started-at="2019-01-08T05:43:05Z" data-provider="invalidFetchEndPoint" finished-at="2019-01-08T05:43:05Z">
          <params>
            <param index="0">
              <value>
                <![CDATA[!@#$%^&*()/orders/1]]>
              </value>
            </param>
          </params>
          <reporter-output>
          </reporter-output>
        </test-method> <!-- test_03_verify_order_not_retrieved_with_invalid_end_point -->
        <test-method status="PASS" signature="test_03_verify_order_not_retrieved_with_invalid_end_point(java.lang.String)[pri:0, instance:com.rest.api.getApi@5383967b]" name="test_03_verify_order_not_retrieved_with_invalid_end_point" duration-ms="445" started-at="2019-01-08T05:43:05Z" data-provider="invalidFetchEndPoint" finished-at="2019-01-08T05:43:06Z">
          <params>
            <param index="0">
              <value>
                <![CDATA[select* from orders/orders/1]]>
              </value>
            </param>
          </params>
          <reporter-output>
          </reporter-output>
        </test-method> <!-- test_03_verify_order_not_retrieved_with_invalid_end_point -->
        <test-method status="PASS" signature="test_03_verify_order_not_retrieved_with_invalid_end_point(java.lang.String)[pri:0, instance:com.rest.api.getApi@5383967b]" name="test_03_verify_order_not_retrieved_with_invalid_end_point" duration-ms="447" started-at="2019-01-08T05:43:06Z" data-provider="invalidFetchEndPoint" finished-at="2019-01-08T05:43:06Z">
          <params>
            <param index="0">
              <value>
                <![CDATA[1234.9089/orders/1]]>
              </value>
            </param>
          </params>
          <reporter-output>
          </reporter-output>
        </test-method> <!-- test_03_verify_order_not_retrieved_with_invalid_end_point -->
      </class> <!-- com.rest.api.getApi -->
    </test> <!-- Default test -->
  </suite> <!-- Default suite -->
</testng-results>
