<?xml version="1.0" encoding="UTF-8"?>
<testng-results skipped="0" failed="1" ignored="0" total="19" passed="18">
  <reporter-output>
  </reporter-output>
  <suite name="Default suite" duration-ms="4950" started-at="2019-01-09T10:27:36Z" finished-at="2019-01-09T10:27:41Z">
    <groups>
    </groups>
    <test name="Default test" duration-ms="4950" started-at="2019-01-09T10:27:36Z" finished-at="2019-01-09T10:27:41Z">
      <class name="com.rest.api.CancelOrderPutApi">
        <test-method status="PASS" signature="initialize()[pri:0, instance:com.rest.api.CancelOrderPutApi@33c7e1bb]" name="initialize" is-config="true" duration-ms="418" started-at="2019-01-09T10:27:36Z" finished-at="2019-01-09T10:27:36Z">
          <reporter-output>
          </reporter-output>
        </test-method> <!-- initialize -->
        <test-method status="PASS" signature="test_01_verify_cancel_an_assigned_order_with_specific_order_id()[pri:0, instance:com.rest.api.CancelOrderPutApi@33c7e1bb]" name="test_01_verify_cancel_an_assigned_order_with_specific_order_id" duration-ms="3147" started-at="2019-01-09T10:27:36Z" finished-at="2019-01-09T10:27:40Z">
          <reporter-output>
          </reporter-output>
        </test-method> <!-- test_01_verify_cancel_an_assigned_order_with_specific_order_id -->
        <test-method status="PASS" signature="test_02_verify_cancel_an_ongoing_order_with_specific_order_id()[pri:0, instance:com.rest.api.CancelOrderPutApi@33c7e1bb]" name="test_02_verify_cancel_an_ongoing_order_with_specific_order_id" duration-ms="610" started-at="2019-01-09T10:27:40Z" finished-at="2019-01-09T10:27:40Z">
          <reporter-output>
          </reporter-output>
        </test-method> <!-- test_02_verify_cancel_an_ongoing_order_with_specific_order_id -->
        <test-method status="PASS" signature="test_03_verify_order_not_cancelled_for_an_already_completed_order_with_specific_order_id()[pri:0, instance:com.rest.api.CancelOrderPutApi@33c7e1bb]" name="test_03_verify_order_not_cancelled_for_an_already_completed_order_with_specific_order_id" duration-ms="422" started-at="2019-01-09T10:27:40Z" finished-at="2019-01-09T10:27:41Z">
          <reporter-output>
          </reporter-output>
        </test-method> <!-- test_03_verify_order_not_cancelled_for_an_already_completed_order_with_specific_order_id -->
        <test-method status="FAIL" signature="test_04_verify_order_not_cancelled_an_already_cancelled_order_with_specific_order_id()[pri:0, instance:com.rest.api.CancelOrderPutApi@33c7e1bb]" name="test_04_verify_order_not_cancelled_an_already_cancelled_order_with_specific_order_id" duration-ms="385" started-at="2019-01-09T10:27:41Z" finished-at="2019-01-09T10:27:41Z">
          <exception class="java.lang.AssertionError">
            <message>
              <![CDATA[
Expected: is <422>
     but: was <200>]]>
            </message>
            <full-stacktrace>
              <![CDATA[java.lang.AssertionError: 
Expected: is <422>
     but: was <200>
at org.hamcrest.MatcherAssert.assertThat(MatcherAssert.java:20)
at org.hamcrest.MatcherAssert.assertThat(MatcherAssert.java:8)
at com.rest.api.CancelOrderPutApi.test_04_verify_order_not_cancelled_an_already_cancelled_order_with_specific_order_id(CancelOrderPutApi.java:178)
at sun.reflect.NativeMethodAccessorImpl.invoke0(Native Method)
at sun.reflect.NativeMethodAccessorImpl.invoke(Unknown Source)
at sun.reflect.DelegatingMethodAccessorImpl.invoke(Unknown Source)
at java.lang.reflect.Method.invoke(Unknown Source)
at org.testng.internal.MethodInvocationHelper.invokeMethod(MethodInvocationHelper.java:124)
at org.testng.internal.Invoker.invokeMethod(Invoker.java:583)
at org.testng.internal.Invoker.invokeTestMethod(Invoker.java:719)
at org.testng.internal.Invoker.invokeTestMethods(Invoker.java:989)
at org.testng.internal.TestMethodWorker.invokeTestMethods(TestMethodWorker.java:125)
at org.testng.internal.TestMethodWorker.run(TestMethodWorker.java:109)
at org.testng.TestRunner.privateRun(TestRunner.java:648)
at org.testng.TestRunner.run(TestRunner.java:505)
at org.testng.SuiteRunner.runTest(SuiteRunner.java:455)
at org.testng.SuiteRunner.runSequentially(SuiteRunner.java:450)
at org.testng.SuiteRunner.privateRun(SuiteRunner.java:415)
at org.testng.SuiteRunner.run(SuiteRunner.java:364)
at org.testng.SuiteRunnerWorker.runSuite(SuiteRunnerWorker.java:52)
at org.testng.SuiteRunnerWorker.run(SuiteRunnerWorker.java:84)
at org.testng.TestNG.runSuitesSequentially(TestNG.java:1208)
at org.testng.TestNG.runSuitesLocally(TestNG.java:1137)
at org.testng.TestNG.runSuites(TestNG.java:1049)
at org.testng.TestNG.run(TestNG.java:1017)
at org.testng.remote.AbstractRemoteTestNG.run(AbstractRemoteTestNG.java:114)
at org.testng.remote.RemoteTestNG.initAndRun(RemoteTestNG.java:251)
at org.testng.remote.RemoteTestNG.main(RemoteTestNG.java:77)
]]>
            </full-stacktrace>
          </exception> <!-- java.lang.AssertionError -->
          <reporter-output>
          </reporter-output>
        </test-method> <!-- test_04_verify_order_not_cancelled_an_already_cancelled_order_with_specific_order_id -->
        <test-method status="PASS" signature="test_05_verify_order_not_cancelled_with_invalid_order_id(java.lang.String)[pri:0, instance:com.rest.api.CancelOrderPutApi@33c7e1bb]" name="test_05_verify_order_not_cancelled_with_invalid_order_id" duration-ms="21" started-at="2019-01-09T10:27:41Z" data-provider="invalidIds" finished-at="2019-01-09T10:27:41Z">
          <params>
            <param index="0">
              <value>
                <![CDATA[1234567890]]>
              </value>
            </param>
          </params>
          <reporter-output>
          </reporter-output>
        </test-method> <!-- test_05_verify_order_not_cancelled_with_invalid_order_id -->
        <test-method status="PASS" signature="test_05_verify_order_not_cancelled_with_invalid_order_id(java.lang.String)[pri:0, instance:com.rest.api.CancelOrderPutApi@33c7e1bb]" name="test_05_verify_order_not_cancelled_with_invalid_order_id" duration-ms="20" started-at="2019-01-09T10:27:41Z" data-provider="invalidIds" finished-at="2019-01-09T10:27:41Z">
          <params>
            <param index="0">
              <value>
                <![CDATA[SampleString]]>
              </value>
            </param>
          </params>
          <reporter-output>
          </reporter-output>
        </test-method> <!-- test_05_verify_order_not_cancelled_with_invalid_order_id -->
        <test-method status="PASS" signature="test_05_verify_order_not_cancelled_with_invalid_order_id(java.lang.String)[pri:0, instance:com.rest.api.CancelOrderPutApi@33c7e1bb]" name="test_05_verify_order_not_cancelled_with_invalid_order_id" duration-ms="31" started-at="2019-01-09T10:27:41Z" data-provider="invalidIds" finished-at="2019-01-09T10:27:41Z">
          <params>
            <param index="0">
              <value>
                <![CDATA[!@#$%^&*()]]>
              </value>
            </param>
          </params>
          <reporter-output>
          </reporter-output>
        </test-method> <!-- test_05_verify_order_not_cancelled_with_invalid_order_id -->
        <test-method status="PASS" signature="test_05_verify_order_not_cancelled_with_invalid_order_id(java.lang.String)[pri:0, instance:com.rest.api.CancelOrderPutApi@33c7e1bb]" name="test_05_verify_order_not_cancelled_with_invalid_order_id" duration-ms="25" started-at="2019-01-09T10:27:41Z" data-provider="invalidIds" finished-at="2019-01-09T10:27:41Z">
          <params>
            <param index="0">
              <value>
                <![CDATA[10-09-1984]]>
              </value>
            </param>
          </params>
          <reporter-output>
          </reporter-output>
        </test-method> <!-- test_05_verify_order_not_cancelled_with_invalid_order_id -->
        <test-method status="PASS" signature="test_05_verify_order_not_cancelled_with_invalid_order_id(java.lang.String)[pri:0, instance:com.rest.api.CancelOrderPutApi@33c7e1bb]" name="test_05_verify_order_not_cancelled_with_invalid_order_id" duration-ms="22" started-at="2019-01-09T10:27:41Z" data-provider="invalidIds" finished-at="2019-01-09T10:27:41Z">
          <params>
            <param index="0">
              <value>
                <![CDATA[12.34]]>
              </value>
            </param>
          </params>
          <reporter-output>
          </reporter-output>
        </test-method> <!-- test_05_verify_order_not_cancelled_with_invalid_order_id -->
        <test-method status="PASS" signature="test_05_verify_order_not_cancelled_with_invalid_order_id(java.lang.String)[pri:0, instance:com.rest.api.CancelOrderPutApi@33c7e1bb]" name="test_05_verify_order_not_cancelled_with_invalid_order_id" duration-ms="23" started-at="2019-01-09T10:27:41Z" data-provider="invalidIds" finished-at="2019-01-09T10:27:41Z">
          <params>
            <param index="0">
              <value>
                <![CDATA[Select * from orders;]]>
              </value>
            </param>
          </params>
          <reporter-output>
          </reporter-output>
        </test-method> <!-- test_05_verify_order_not_cancelled_with_invalid_order_id -->
        <test-method status="PASS" signature="test_06_verify_order_not_cancelled_with_invalid_end_point(java.lang.String)[pri:0, instance:com.rest.api.CancelOrderPutApi@33c7e1bb]" name="test_06_verify_order_not_cancelled_with_invalid_end_point" duration-ms="17" started-at="2019-01-09T10:27:41Z" data-provider="invalidCancelEndPoint" finished-at="2019-01-09T10:27:41Z">
          <params>
            <param index="0">
              <value>
                <![CDATA[v1/order/1/cancel]]>
              </value>
            </param>
          </params>
          <reporter-output>
          </reporter-output>
        </test-method> <!-- test_06_verify_order_not_cancelled_with_invalid_end_point -->
        <test-method status="PASS" signature="test_06_verify_order_not_cancelled_with_invalid_end_point(java.lang.String)[pri:0, instance:com.rest.api.CancelOrderPutApi@33c7e1bb]" name="test_06_verify_order_not_cancelled_with_invalid_end_point" duration-ms="22" started-at="2019-01-09T10:27:41Z" data-provider="invalidCancelEndPoint" finished-at="2019-01-09T10:27:41Z">
          <params>
            <param index="0">
              <value>
                <![CDATA[.000000000034/orders/1/cancel]]>
              </value>
            </param>
          </params>
          <reporter-output>
          </reporter-output>
        </test-method> <!-- test_06_verify_order_not_cancelled_with_invalid_end_point -->
        <test-method status="PASS" signature="test_06_verify_order_not_cancelled_with_invalid_end_point(java.lang.String)[pri:0, instance:com.rest.api.CancelOrderPutApi@33c7e1bb]" name="test_06_verify_order_not_cancelled_with_invalid_end_point" duration-ms="18" started-at="2019-01-09T10:27:41Z" data-provider="invalidCancelEndPoint" finished-at="2019-01-09T10:27:41Z">
          <params>
            <param index="0">
              <value>
                <![CDATA[1234567890/orders/1/cancel]]>
              </value>
            </param>
          </params>
          <reporter-output>
          </reporter-output>
        </test-method> <!-- test_06_verify_order_not_cancelled_with_invalid_end_point -->
        <test-method status="PASS" signature="test_06_verify_order_not_cancelled_with_invalid_end_point(java.lang.String)[pri:0, instance:com.rest.api.CancelOrderPutApi@33c7e1bb]" name="test_06_verify_order_not_cancelled_with_invalid_end_point" duration-ms="19" started-at="2019-01-09T10:27:41Z" data-provider="invalidCancelEndPoint" finished-at="2019-01-09T10:27:41Z">
          <params>
            <param index="0">
              <value>
                <![CDATA[String/orders/1/cancel]]>
              </value>
            </param>
          </params>
          <reporter-output>
          </reporter-output>
        </test-method> <!-- test_06_verify_order_not_cancelled_with_invalid_end_point -->
        <test-method status="PASS" signature="test_06_verify_order_not_cancelled_with_invalid_end_point(java.lang.String)[pri:0, instance:com.rest.api.CancelOrderPutApi@33c7e1bb]" name="test_06_verify_order_not_cancelled_with_invalid_end_point" duration-ms="24" started-at="2019-01-09T10:27:41Z" data-provider="invalidCancelEndPoint" finished-at="2019-01-09T10:27:41Z">
          <params>
            <param index="0">
              <value>
                <![CDATA[!@#$%^&*()/orders/1/cancel]]>
              </value>
            </param>
          </params>
          <reporter-output>
          </reporter-output>
        </test-method> <!-- test_06_verify_order_not_cancelled_with_invalid_end_point -->
        <test-method status="PASS" signature="test_06_verify_order_not_cancelled_with_invalid_end_point(java.lang.String)[pri:0, instance:com.rest.api.CancelOrderPutApi@33c7e1bb]" name="test_06_verify_order_not_cancelled_with_invalid_end_point" duration-ms="27" started-at="2019-01-09T10:27:41Z" data-provider="invalidCancelEndPoint" finished-at="2019-01-09T10:27:41Z">
          <params>
            <param index="0">
              <value>
                <![CDATA[select* from orders/orders/1/cancel]]>
              </value>
            </param>
          </params>
          <reporter-output>
          </reporter-output>
        </test-method> <!-- test_06_verify_order_not_cancelled_with_invalid_end_point -->
        <test-method status="PASS" signature="test_06_verify_order_not_cancelled_with_invalid_end_point(java.lang.String)[pri:0, instance:com.rest.api.CancelOrderPutApi@33c7e1bb]" name="test_06_verify_order_not_cancelled_with_invalid_end_point" duration-ms="20" started-at="2019-01-09T10:27:41Z" data-provider="invalidCancelEndPoint" finished-at="2019-01-09T10:27:41Z">
          <params>
            <param index="0">
              <value>
                <![CDATA[1234.9089/orders/1/cancel]]>
              </value>
            </param>
          </params>
          <reporter-output>
          </reporter-output>
        </test-method> <!-- test_06_verify_order_not_cancelled_with_invalid_end_point -->
        <test-method status="PASS" signature="test_06_verify_order_not_cancelled_with_invalid_end_point(java.lang.String)[pri:0, instance:com.rest.api.CancelOrderPutApi@33c7e1bb]" name="test_06_verify_order_not_cancelled_with_invalid_end_point" duration-ms="23" started-at="2019-01-09T10:27:41Z" data-provider="invalidCancelEndPoint" finished-at="2019-01-09T10:27:41Z">
          <params>
            <param index="0">
              <value>
                <![CDATA[v1/order/1/cancelled]]>
              </value>
            </param>
          </params>
          <reporter-output>
          </reporter-output>
        </test-method> <!-- test_06_verify_order_not_cancelled_with_invalid_end_point -->
        <test-method status="PASS" signature="test_07_verify_order_not_cancelled_without_placing_it()[pri:0, instance:com.rest.api.CancelOrderPutApi@33c7e1bb]" name="test_07_verify_order_not_cancelled_without_placing_it" duration-ms="26" started-at="2019-01-09T10:27:41Z" finished-at="2019-01-09T10:27:41Z">
          <reporter-output>
          </reporter-output>
        </test-method> <!-- test_07_verify_order_not_cancelled_without_placing_it -->
      </class> <!-- com.rest.api.CancelOrderPutApi -->
    </test> <!-- Default test -->
  </suite> <!-- Default suite -->
</testng-results>
