<?xml version="1.0" encoding="UTF-8"?>
<!-- Generated by org.testng.reporters.JUnitXMLReporter -->
<testsuite hostname="sandeep406701" ignored="4" name="Regression-Suite" tests="87" failures="0" timestamp="10 Jan 2019 03:19:26 GMT" time="2.666" errors="0">
  <testcase name="test_01_verify_placing_an_order" time="0.063" classname="com.rest.api.PlaceOrderApi"/>
  <testcase name="test_02_verify_placing_an_order_at_specific_time" time="0.098" classname="com.rest.api.PlaceOrderApi"/>
  <testcase name="test_03_verify_order_not_placed_with_invalid_time_format" time="1.266" classname="com.rest.api.PlaceOrderApi"/>
  <testcase name="test_03_verify_order_not_placed_with_invalid_time_format" time="0.034" classname="com.rest.api.PlaceOrderApi"/>
  <testcase name="test_03_verify_order_not_placed_with_invalid_time_format" time="0.02" classname="com.rest.api.PlaceOrderApi"/>
  <testcase name="test_03_verify_order_not_placed_with_invalid_time_format" time="0.021" classname="com.rest.api.PlaceOrderApi"/>
  <testcase name="test_03_verify_order_not_placed_with_invalid_time_format" time="0.02" classname="com.rest.api.PlaceOrderApi"/>
  <testcase name="test_03_verify_order_not_placed_with_invalid_time_format" time="0.025" classname="com.rest.api.PlaceOrderApi"/>
  <testcase name="test_04_verify_order_not_placed_with_incorrect_location_of_one_stop" time="0.018" classname="com.rest.api.PlaceOrderApi"/>
  <testcase name="test_04_verify_order_not_placed_with_incorrect_location_of_one_stop" time="0.02" classname="com.rest.api.PlaceOrderApi"/>
  <testcase name="test_05_verify_order_not_placed_with_incorrect_locations_of_stops" time="0.018" classname="com.rest.api.PlaceOrderApi"/>
  <testcase name="test_05_verify_order_not_placed_with_incorrect_locations_of_stops" time="0.019" classname="com.rest.api.PlaceOrderApi"/>
  <testcase name="test_06_verify_order_not_placed_with_incorrect_end_point" time="0.018" classname="com.rest.api.PlaceOrderApi"/>
  <testcase name="test_06_verify_order_not_placed_with_incorrect_end_point" time="0.017" classname="com.rest.api.PlaceOrderApi"/>
  <testcase name="test_06_verify_order_not_placed_with_incorrect_end_point" time="0.016" classname="com.rest.api.PlaceOrderApi"/>
  <testcase name="test_06_verify_order_not_placed_with_incorrect_end_point" time="0.017" classname="com.rest.api.PlaceOrderApi"/>
  <testcase name="test_06_verify_order_not_placed_with_incorrect_end_point" time="0.018" classname="com.rest.api.PlaceOrderApi"/>
  <testcase name="test_06_verify_order_not_placed_with_incorrect_end_point" time="0.049" classname="com.rest.api.PlaceOrderApi"/>
  <testcase name="test_06_verify_order_not_placed_with_incorrect_end_point" time="0.018" classname="com.rest.api.PlaceOrderApi"/>
  <testcase name="test_07_verify_order_not_placed_in_past_time" time="0.016" classname="com.rest.api.PlaceOrderApi"/>
  <testcase name="test_08_verify_order_not_placed_with_identical_two_stops" time="0.018" classname="com.rest.api.PlaceOrderApi"/>
  <testcase name="test_01_verify_retrieve_valid_order_with_id" time="0.001" classname="com.rest.api.FetchOrderApi"/>
  <testcase name="test_02_verify_order_not_retrieved_with_invalid_order_id" time="0.024" classname="com.rest.api.FetchOrderApi"/>
  <testcase name="test_02_verify_order_not_retrieved_with_invalid_order_id" time="0.016" classname="com.rest.api.FetchOrderApi"/>
  <testcase name="test_02_verify_order_not_retrieved_with_invalid_order_id" time="0.019" classname="com.rest.api.FetchOrderApi"/>
  <testcase name="test_02_verify_order_not_retrieved_with_invalid_order_id" time="0.019" classname="com.rest.api.FetchOrderApi"/>
  <testcase name="test_02_verify_order_not_retrieved_with_invalid_order_id" time="0.015" classname="com.rest.api.FetchOrderApi"/>
  <testcase name="test_02_verify_order_not_retrieved_with_invalid_order_id" time="0.015" classname="com.rest.api.FetchOrderApi"/>
  <testcase name="test_03_verify_order_not_retrieved_with_invalid_end_point" time="0.014" classname="com.rest.api.FetchOrderApi"/>
  <testcase name="test_03_verify_order_not_retrieved_with_invalid_end_point" time="0.014" classname="com.rest.api.FetchOrderApi"/>
  <testcase name="test_03_verify_order_not_retrieved_with_invalid_end_point" time="0.015" classname="com.rest.api.FetchOrderApi"/>
  <testcase name="test_03_verify_order_not_retrieved_with_invalid_end_point" time="0.017" classname="com.rest.api.FetchOrderApi"/>
  <testcase name="test_03_verify_order_not_retrieved_with_invalid_end_point" time="0.016" classname="com.rest.api.FetchOrderApi"/>
  <testcase name="test_03_verify_order_not_retrieved_with_invalid_end_point" time="0.015" classname="com.rest.api.FetchOrderApi"/>
  <testcase name="test_03_verify_order_not_retrieved_with_invalid_end_point" time="0.015" classname="com.rest.api.FetchOrderApi"/>
  <testcase name="test_01_verify_cancel_an_assigned_order_with_specific_order_id" time="0.001" classname="com.rest.api.CancelOrderPutApi"/>
  <testcase name="test_02_verify_cancel_an_ongoing_order_with_specific_order_id" time="0.0" classname="com.rest.api.CancelOrderPutApi"/>
  <testcase name="test_03_verify_order_not_cancelled_for_an_already_completed_order_with_specific_order_id" time="0.0" classname="com.rest.api.CancelOrderPutApi"/>
  <testcase name="test_04_verify_order_not_cancelled_an_already_cancelled_order_with_specific_order_id" time="0.0" classname="com.rest.api.CancelOrderPutApi"/>
  <testcase name="test_05_verify_order_not_cancelled_with_invalid_order_id" time="0.021" classname="com.rest.api.CancelOrderPutApi"/>
  <testcase name="test_05_verify_order_not_cancelled_with_invalid_order_id" time="0.019" classname="com.rest.api.CancelOrderPutApi"/>
  <testcase name="test_05_verify_order_not_cancelled_with_invalid_order_id" time="0.026" classname="com.rest.api.CancelOrderPutApi"/>
  <testcase name="test_05_verify_order_not_cancelled_with_invalid_order_id" time="0.013" classname="com.rest.api.CancelOrderPutApi"/>
  <testcase name="test_05_verify_order_not_cancelled_with_invalid_order_id" time="0.015" classname="com.rest.api.CancelOrderPutApi"/>
  <testcase name="test_05_verify_order_not_cancelled_with_invalid_order_id" time="0.014" classname="com.rest.api.CancelOrderPutApi"/>
  <testcase name="test_06_verify_order_not_cancelled_with_invalid_end_point" time="0.014" classname="com.rest.api.CancelOrderPutApi"/>
  <testcase name="test_06_verify_order_not_cancelled_with_invalid_end_point" time="0.016" classname="com.rest.api.CancelOrderPutApi"/>
  <testcase name="test_06_verify_order_not_cancelled_with_invalid_end_point" time="0.016" classname="com.rest.api.CancelOrderPutApi"/>
  <testcase name="test_06_verify_order_not_cancelled_with_invalid_end_point" time="0.014" classname="com.rest.api.CancelOrderPutApi"/>
  <testcase name="test_06_verify_order_not_cancelled_with_invalid_end_point" time="0.019" classname="com.rest.api.CancelOrderPutApi"/>
  <testcase name="test_06_verify_order_not_cancelled_with_invalid_end_point" time="0.015" classname="com.rest.api.CancelOrderPutApi"/>
  <testcase name="test_06_verify_order_not_cancelled_with_invalid_end_point" time="0.016" classname="com.rest.api.CancelOrderPutApi"/>
  <testcase name="test_06_verify_order_not_cancelled_with_invalid_end_point" time="0.027" classname="com.rest.api.CancelOrderPutApi"/>
  <testcase name="test_07_verify_order_not_cancelled_without_placing_it" time="0.015" classname="com.rest.api.CancelOrderPutApi"/>
  <testcase name="test_01_verify_complete_an_ongoing_order_with_specific_order_id" time="0.001" classname="com.rest.api.CompleteOrderPutApi"/>
  <testcase name="test_02_verify_order_not_completed_with_invalid_order_id" time="0.001" classname="com.rest.api.CompleteOrderPutApi"/>
  <testcase name="test_02_verify_order_not_completed_with_invalid_order_id" time="0.001" classname="com.rest.api.CompleteOrderPutApi"/>
  <testcase name="test_02_verify_order_not_completed_with_invalid_order_id" time="0.0" classname="com.rest.api.CompleteOrderPutApi"/>
  <testcase name="test_02_verify_order_not_completed_with_invalid_order_id" time="0.001" classname="com.rest.api.CompleteOrderPutApi"/>
  <testcase name="test_02_verify_order_not_completed_with_invalid_order_id" time="0.002" classname="com.rest.api.CompleteOrderPutApi"/>
  <testcase name="test_02_verify_order_not_completed_with_invalid_order_id" time="0.002" classname="com.rest.api.CompleteOrderPutApi"/>
  <testcase name="test_03_verify_order_not_completed_with_invalid_end_point" time="0.001" classname="com.rest.api.CompleteOrderPutApi"/>
  <testcase name="test_03_verify_order_not_completed_with_invalid_end_point" time="0.004" classname="com.rest.api.CompleteOrderPutApi"/>
  <testcase name="test_03_verify_order_not_completed_with_invalid_end_point" time="0.002" classname="com.rest.api.CompleteOrderPutApi"/>
  <testcase name="test_03_verify_order_not_completed_with_invalid_end_point" time="0.003" classname="com.rest.api.CompleteOrderPutApi"/>
  <testcase name="test_03_verify_order_not_completed_with_invalid_end_point" time="0.001" classname="com.rest.api.CompleteOrderPutApi"/>
  <testcase name="test_03_verify_order_not_completed_with_invalid_end_point" time="0.001" classname="com.rest.api.CompleteOrderPutApi"/>
  <testcase name="test_03_verify_order_not_completed_with_invalid_end_point" time="0.01" classname="com.rest.api.CompleteOrderPutApi"/>
  <testcase name="test_03_verify_order_not_completed_with_invalid_end_point" time="0.0" classname="com.rest.api.CompleteOrderPutApi"/>
  <testcase name="test_04_verify_order_not_completed_without_placing_it" time="0.022" classname="com.rest.api.CompleteOrderPutApi"/>
  <testcase name="test_05_verify_order_not_completed_for_an_already_completed_order_with_specific_order_id" time="0.001" classname="com.rest.api.CompleteOrderPutApi"/>
  <testcase name="test_01_verify_take_order_with_specific_order_id" time="0.001" classname="com.rest.api.TakeOrderPutApi"/>
  <testcase name="test_02_verify_order_not_taken_with_invalid_order_id" time="0.023" classname="com.rest.api.TakeOrderPutApi"/>
  <testcase name="test_02_verify_order_not_taken_with_invalid_order_id" time="0.013" classname="com.rest.api.TakeOrderPutApi"/>
  <testcase name="test_02_verify_order_not_taken_with_invalid_order_id" time="0.016" classname="com.rest.api.TakeOrderPutApi"/>
  <testcase name="test_02_verify_order_not_taken_with_invalid_order_id" time="0.016" classname="com.rest.api.TakeOrderPutApi"/>
  <testcase name="test_02_verify_order_not_taken_with_invalid_order_id" time="0.014" classname="com.rest.api.TakeOrderPutApi"/>
  <testcase name="test_02_verify_order_not_taken_with_invalid_order_id" time="0.013" classname="com.rest.api.TakeOrderPutApi"/>
  <testcase name="test_03_verify_order_not_taken_with_invalid_end_point" time="0.013" classname="com.rest.api.TakeOrderPutApi"/>
  <testcase name="test_03_verify_order_not_taken_with_invalid_end_point" time="0.013" classname="com.rest.api.TakeOrderPutApi"/>
  <testcase name="test_03_verify_order_not_taken_with_invalid_end_point" time="0.013" classname="com.rest.api.TakeOrderPutApi"/>
  <testcase name="test_03_verify_order_not_taken_with_invalid_end_point" time="0.013" classname="com.rest.api.TakeOrderPutApi"/>
  <testcase name="test_03_verify_order_not_taken_with_invalid_end_point" time="0.017" classname="com.rest.api.TakeOrderPutApi"/>
  <testcase name="test_03_verify_order_not_taken_with_invalid_end_point" time="0.015" classname="com.rest.api.TakeOrderPutApi"/>
  <testcase name="test_03_verify_order_not_taken_with_invalid_end_point" time="0.012" classname="com.rest.api.TakeOrderPutApi"/>
  <testcase name="test_03_verify_order_not_taken_with_invalid_end_point" time="0.014" classname="com.rest.api.TakeOrderPutApi"/>
  <testcase name="test_04_verify_order_not_taken_without_placing_it" time="0.014" classname="com.rest.api.TakeOrderPutApi"/>
  <testcase name="@BeforeSuite initialize" time="0.0" classname="com.rest.api.BaseClass">
    <ignored/>
  </testcase> <!-- @BeforeSuite initialize -->
  <testcase name="@BeforeSuite initialize" time="0.0" classname="com.rest.api.BaseClass">
    <ignored/>
  </testcase> <!-- @BeforeSuite initialize -->
  <testcase name="@BeforeSuite initialize" time="0.0" classname="com.rest.api.BaseClass">
    <ignored/>
  </testcase> <!-- @BeforeSuite initialize -->
  <testcase name="@BeforeSuite initialize" time="0.0" classname="com.rest.api.BaseClass">
    <ignored/>
  </testcase> <!-- @BeforeSuite initialize -->
</testsuite> <!-- Regression-Suite -->
